mode: set
github.com/sailpoint-oss/telescope/server/lsp/navadapt/navadapt.go:18.65,20.2 1 1
github.com/sailpoint-oss/telescope/server/lsp/navadapt/navadapt.go:23.67,25.2 1 1
github.com/sailpoint-oss/telescope/server/lsp/navadapt/navadapt.go:28.56,33.2 1 1
github.com/sailpoint-oss/telescope/server/lsp/navadapt/navadapt.go:36.58,41.2 1 1
github.com/sailpoint-oss/telescope/server/lsp/navadapt/navadapt.go:47.81,48.31 1 1
github.com/sailpoint-oss/telescope/server/lsp/navadapt/navadapt.go:48.31,50.3 1 1
github.com/sailpoint-oss/telescope/server/lsp/navadapt/navadapt.go:51.2,57.59 5 0
github.com/sailpoint-oss/telescope/server/lsp/navadapt/navadapt.go:69.48,71.2 1 1
github.com/sailpoint-oss/telescope/server/lsp/navadapt/navadapt.go:74.76,76.2 1 1
github.com/sailpoint-oss/telescope/server/lsp/navadapt/navadapt.go:79.81,81.2 1 1
github.com/sailpoint-oss/telescope/server/lsp/navadapt/navadapt.go:84.62,86.2 1 1
github.com/sailpoint-oss/telescope/server/lsp/navadapt/navadapt.go:89.77,92.24 3 1
github.com/sailpoint-oss/telescope/server/lsp/navadapt/navadapt.go:92.24,94.3 1 1
github.com/sailpoint-oss/telescope/server/lsp/navadapt/navadapt.go:95.2,95.15 1 1
github.com/sailpoint-oss/telescope/server/lsp/navadapt/navadapt.go:99.108,102.2 2 1
github.com/sailpoint-oss/telescope/server/lsp/navadapt/navadapt.go:105.91,108.2 2 1
github.com/sailpoint-oss/telescope/server/lsp/navadapt/navadapt.go:111.88,112.55 1 1
github.com/sailpoint-oss/telescope/server/lsp/navadapt/navadapt.go:112.55,114.3 1 1
github.com/sailpoint-oss/telescope/server/lsp/navadapt/navadapt.go:119.55,121.2 1 1
github.com/sailpoint-oss/telescope/server/lsp/navadapt/navadapt.go:124.38,126.2 1 1
github.com/sailpoint-oss/telescope/server/lsp/navadapt/navadapt.go:138.67,140.16 2 1
github.com/sailpoint-oss/telescope/server/lsp/navadapt/navadapt.go:140.16,142.3 1 1
github.com/sailpoint-oss/telescope/server/lsp/navadapt/navadapt.go:143.2,143.40 1 1
github.com/sailpoint-oss/telescope/server/lsp/navadapt/navadapt.go:149.70,157.2 1 1
github.com/sailpoint-oss/telescope/server/lsp/navadapt/navadapt.go:160.84,170.2 2 1
github.com/sailpoint-oss/telescope/server/core/classify/classifier.go:38.42,43.2 1 1
github.com/sailpoint-oss/telescope/server/core/classify/classifier.go:48.71,51.2 2 1
github.com/sailpoint-oss/telescope/server/core/classify/classifier.go:88.54,89.28 1 1
github.com/sailpoint-oss/telescope/server/core/classify/classifier.go:89.28,91.3 1 0
github.com/sailpoint-oss/telescope/server/core/classify/classifier.go:92.2,92.47 1 1
github.com/sailpoint-oss/telescope/server/core/classify/classifier.go:96.102,100.52 2 1
github.com/sailpoint-oss/telescope/server/core/classify/classifier.go:100.52,101.30 1 1
github.com/sailpoint-oss/telescope/server/core/classify/classifier.go:101.30,103.17 2 1
github.com/sailpoint-oss/telescope/server/core/classify/classifier.go:103.17,105.5 1 1
github.com/sailpoint-oss/telescope/server/core/classify/classifier.go:106.4,108.17 3 1
github.com/sailpoint-oss/telescope/server/core/classify/classifier.go:108.17,110.5 1 1
github.com/sailpoint-oss/telescope/server/core/classify/classifier.go:111.4,111.59 1 1
github.com/sailpoint-oss/telescope/server/core/classify/classifier.go:116.2,116.40 1 1
github.com/sailpoint-oss/telescope/server/core/classify/classifier.go:116.40,117.26 1 1
github.com/sailpoint-oss/telescope/server/core/classify/classifier.go:117.26,121.4 3 1
github.com/sailpoint-oss/telescope/server/core/classify/classifier.go:125.2,125.19 1 1
github.com/sailpoint-oss/telescope/server/core/classify/classifier.go:125.19,129.3 3 1
github.com/sailpoint-oss/telescope/server/core/classify/classifier.go:131.2,132.20 2 1
github.com/sailpoint-oss/telescope/server/core/classify/classifier.go:132.20,134.3 1 0
github.com/sailpoint-oss/telescope/server/core/classify/classifier.go:135.2,136.17 2 1
github.com/sailpoint-oss/telescope/server/core/classify/classifier.go:136.17,138.3 1 1
github.com/sailpoint-oss/telescope/server/core/classify/classifier.go:141.2,142.17 2 1
github.com/sailpoint-oss/telescope/server/core/classify/classifier.go:142.17,146.3 3 1
github.com/sailpoint-oss/telescope/server/core/classify/classifier.go:149.2,150.15 2 1
github.com/sailpoint-oss/telescope/server/core/classify/classifier.go:150.15,152.3 1 1
github.com/sailpoint-oss/telescope/server/core/classify/classifier.go:155.2,156.18 2 1
github.com/sailpoint-oss/telescope/server/core/classify/classifier.go:156.18,158.3 1 1
github.com/sailpoint-oss/telescope/server/core/classify/classifier.go:161.2,161.26 1 1
github.com/sailpoint-oss/telescope/server/core/classify/classifier.go:161.26,163.3 1 1
github.com/sailpoint-oss/telescope/server/core/classify/classifier.go:163.8,165.56 2 1
github.com/sailpoint-oss/telescope/server/core/classify/classifier.go:165.56,167.4 1 1
github.com/sailpoint-oss/telescope/server/core/classify/classifier.go:171.2,171.40 1 1
github.com/sailpoint-oss/telescope/server/core/classify/classifier.go:171.40,172.26 1 1
github.com/sailpoint-oss/telescope/server/core/classify/classifier.go:172.26,174.9 2 1
github.com/sailpoint-oss/telescope/server/core/classify/classifier.go:179.2,179.28 1 1
github.com/sailpoint-oss/telescope/server/core/classify/classifier.go:179.28,181.3 1 1
github.com/sailpoint-oss/telescope/server/core/classify/classifier.go:183.2,184.15 2 1
github.com/sailpoint-oss/telescope/server/core/classify/classifier.go:184.15,186.3 1 1
github.com/sailpoint-oss/telescope/server/core/classify/classifier.go:187.2,187.59 1 1
github.com/sailpoint-oss/telescope/server/core/classify/classifier.go:191.70,192.30 1 1
github.com/sailpoint-oss/telescope/server/core/classify/classifier.go:192.30,194.3 1 0
github.com/sailpoint-oss/telescope/server/core/classify/classifier.go:195.2,195.40 1 1
github.com/sailpoint-oss/telescope/server/core/classify/classifier.go:198.167,199.23 1 1
github.com/sailpoint-oss/telescope/server/core/classify/classifier.go:199.23,201.31 2 0
github.com/sailpoint-oss/telescope/server/core/classify/classifier.go:201.31,203.4 1 0
github.com/sailpoint-oss/telescope/server/core/classify/classifier.go:204.3,205.57 2 0
github.com/sailpoint-oss/telescope/server/core/classify/classifier.go:205.57,207.4 1 0
github.com/sailpoint-oss/telescope/server/core/classify/classifier.go:208.3,216.4 1 0
github.com/sailpoint-oss/telescope/server/core/classify/classifier.go:220.2,221.28 2 1
github.com/sailpoint-oss/telescope/server/core/classify/classifier.go:221.28,223.3 1 1
github.com/sailpoint-oss/telescope/server/core/classify/classifier.go:224.2,224.22 1 1
github.com/sailpoint-oss/telescope/server/core/classify/classifier.go:224.22,226.3 1 1
github.com/sailpoint-oss/telescope/server/core/classify/classifier.go:228.2,232.30 3 1
github.com/sailpoint-oss/telescope/server/core/classify/classifier.go:232.30,234.3 1 1
github.com/sailpoint-oss/telescope/server/core/classify/classifier.go:234.8,236.3 1 1
github.com/sailpoint-oss/telescope/server/core/classify/classifier.go:238.2,239.56 2 1
github.com/sailpoint-oss/telescope/server/core/classify/classifier.go:239.56,241.3 1 1
github.com/sailpoint-oss/telescope/server/core/classify/classifier.go:243.2,251.3 1 1
github.com/sailpoint-oss/telescope/server/core/classify/classifier.go:254.80,255.43 1 1
github.com/sailpoint-oss/telescope/server/core/classify/classifier.go:255.43,257.3 1 1
github.com/sailpoint-oss/telescope/server/core/classify/classifier.go:258.2,258.16 1 1
github.com/sailpoint-oss/telescope/server/core/classify/classifier.go:262.43,266.42 3 1
github.com/sailpoint-oss/telescope/server/core/classify/classifier.go:266.42,267.44 1 1
github.com/sailpoint-oss/telescope/server/core/classify/classifier.go:267.44,269.4 1 1
github.com/sailpoint-oss/telescope/server/core/classify/classifier.go:272.2,272.46 1 1
github.com/sailpoint-oss/telescope/server/core/classify/classifier.go:272.46,273.44 1 1
github.com/sailpoint-oss/telescope/server/core/classify/classifier.go:273.44,275.4 1 1
github.com/sailpoint-oss/telescope/server/core/classify/classifier.go:278.2,278.17 1 1
github.com/sailpoint-oss/telescope/server/core/classify/classifier.go:278.17,280.3 1 1
github.com/sailpoint-oss/telescope/server/core/classify/classifier.go:281.2,281.14 1 1
github.com/sailpoint-oss/telescope/server/core/classify/classifier.go:284.41,287.61 2 1
github.com/sailpoint-oss/telescope/server/core/classify/classifier.go:287.61,289.3 1 1
github.com/sailpoint-oss/telescope/server/core/classify/classifier.go:291.2,293.16 3 1
github.com/sailpoint-oss/telescope/server/core/classify/classifier.go:296.39,298.39 2 1
github.com/sailpoint-oss/telescope/server/core/classify/classifier.go:298.39,300.3 1 1
github.com/sailpoint-oss/telescope/server/core/classify/classifier.go:301.2,302.33 2 1
github.com/sailpoint-oss/telescope/server/core/classify/classifier.go:302.33,303.36 1 1
github.com/sailpoint-oss/telescope/server/core/classify/classifier.go:303.36,305.4 1 1
github.com/sailpoint-oss/telescope/server/core/classify/classifier.go:307.2,307.14 1 1
github.com/sailpoint-oss/telescope/server/core/classify/classifier.go:310.59,311.31 1 1
github.com/sailpoint-oss/telescope/server/core/classify/classifier.go:311.31,313.3 1 1
github.com/sailpoint-oss/telescope/server/core/classify/classifier.go:314.2,315.39 2 1
github.com/sailpoint-oss/telescope/server/core/classify/classifier.go:315.39,317.3 1 1
github.com/sailpoint-oss/telescope/server/core/classify/classifier.go:318.2,319.29 2 1
github.com/sailpoint-oss/telescope/server/core/classify/classifier.go:322.52,323.28 1 0
github.com/sailpoint-oss/telescope/server/core/classify/classifier.go:323.28,324.21 1 0
github.com/sailpoint-oss/telescope/server/core/classify/classifier.go:324.21,326.4 1 0
github.com/sailpoint-oss/telescope/server/core/classify/classifier.go:328.2,328.14 1 0
github.com/sailpoint-oss/telescope/server/core/classify/classifier.go:337.48,338.55 1 1
github.com/sailpoint-oss/telescope/server/core/classify/classifier.go:338.55,340.3 1 1
github.com/sailpoint-oss/telescope/server/core/classify/classifier.go:341.2,341.55 1 1
github.com/sailpoint-oss/telescope/server/core/classify/classifier.go:341.55,343.3 1 1
github.com/sailpoint-oss/telescope/server/core/classify/classifier.go:344.2,345.59 2 1
github.com/sailpoint-oss/telescope/server/core/classify/classifier.go:345.59,347.3 1 0
github.com/sailpoint-oss/telescope/server/core/classify/classifier.go:348.2,349.59 2 1
github.com/sailpoint-oss/telescope/server/core/classify/classifier.go:349.59,351.3 1 0
github.com/sailpoint-oss/telescope/server/core/classify/classifier.go:352.2,352.18 1 1
github.com/sailpoint-oss/telescope/server/core/classify/classifier.go:355.51,356.54 1 1
github.com/sailpoint-oss/telescope/server/core/classify/classifier.go:356.54,358.3 1 1
github.com/sailpoint-oss/telescope/server/core/classify/classifier.go:359.2,360.58 2 1
github.com/sailpoint-oss/telescope/server/core/classify/classifier.go:360.58,362.3 1 0
github.com/sailpoint-oss/telescope/server/core/classify/classifier.go:363.2,363.18 1 1
github.com/sailpoint-oss/telescope/server/core/classify/classifier.go:366.40,367.9 1 1
github.com/sailpoint-oss/telescope/server/core/classify/classifier.go:368.35,369.15 1 0
github.com/sailpoint-oss/telescope/server/core/classify/classifier.go:370.35,371.15 1 1
github.com/sailpoint-oss/telescope/server/core/classify/classifier.go:372.35,373.15 1 0
github.com/sailpoint-oss/telescope/server/core/classify/classifier.go:374.34,375.15 1 0
github.com/sailpoint-oss/telescope/server/core/classify/classifier.go:376.10,377.11 1 0
github.com/sailpoint-oss/telescope/server/core/classify/classifier.go:381.40,383.39 2 1
github.com/sailpoint-oss/telescope/server/core/classify/classifier.go:383.39,385.3 1 1
github.com/sailpoint-oss/telescope/server/core/classify/classifier.go:386.2,386.44 1 1
github.com/sailpoint-oss/telescope/server/core/classify/classifier.go:389.48,391.45 2 1
github.com/sailpoint-oss/telescope/server/core/classify/classifier.go:391.45,393.3 1 1
github.com/sailpoint-oss/telescope/server/core/classify/classifier.go:394.2,394.37 1 1
github.com/sailpoint-oss/telescope/server/core/classify/classifier.go:394.37,397.74 3 0
github.com/sailpoint-oss/telescope/server/core/classify/classifier.go:397.74,399.4 1 0
github.com/sailpoint-oss/telescope/server/core/classify/classifier.go:401.2,401.58 1 1
github.com/sailpoint-oss/telescope/server/core/classify/classifier.go:401.58,403.3 1 0
github.com/sailpoint-oss/telescope/server/core/classify/classifier.go:404.2,404.73 1 1
github.com/sailpoint-oss/telescope/server/core/classify/classifier.go:404.73,406.3 1 1
github.com/sailpoint-oss/telescope/server/core/classify/classifier.go:407.2,407.14 1 0
github.com/sailpoint-oss/telescope/server/bridge/adapt.go:9.80,10.21 1 1
github.com/sailpoint-oss/telescope/server/bridge/adapt.go:10.21,12.3 1 1
github.com/sailpoint-oss/telescope/server/bridge/adapt.go:13.2,14.26 2 1
github.com/sailpoint-oss/telescope/server/bridge/adapt.go:14.26,16.3 1 1
github.com/sailpoint-oss/telescope/server/bridge/adapt.go:17.2,17.15 1 1
github.com/sailpoint-oss/telescope/server/bridge/adapt.go:21.71,31.18 2 1
github.com/sailpoint-oss/telescope/server/bridge/adapt.go:31.18,33.3 1 1
github.com/sailpoint-oss/telescope/server/bridge/adapt.go:34.2,34.29 1 1
github.com/sailpoint-oss/telescope/server/bridge/adapt.go:34.29,36.3 1 1
github.com/sailpoint-oss/telescope/server/bridge/adapt.go:37.2,37.21 1 1
github.com/sailpoint-oss/telescope/server/bridge/adapt.go:37.21,39.28 2 1
github.com/sailpoint-oss/telescope/server/bridge/adapt.go:39.28,41.4 1 1
github.com/sailpoint-oss/telescope/server/bridge/adapt.go:42.3,42.17 1 1
github.com/sailpoint-oss/telescope/server/bridge/adapt.go:44.2,44.24 1 1
github.com/sailpoint-oss/telescope/server/bridge/adapt.go:44.24,46.31 2 1
github.com/sailpoint-oss/telescope/server/bridge/adapt.go:46.31,57.4 1 1
github.com/sailpoint-oss/telescope/server/bridge/adapt.go:58.3,58.30 1 1
github.com/sailpoint-oss/telescope/server/bridge/adapt.go:60.2,60.19 1 1
github.com/sailpoint-oss/telescope/server/bridge/adapt.go:60.19,62.3 1 1
github.com/sailpoint-oss/telescope/server/bridge/adapt.go:63.2,63.11 1 1
github.com/sailpoint-oss/telescope/server/bridge/adapt.go:67.82,68.21 1 1
github.com/sailpoint-oss/telescope/server/bridge/adapt.go:68.21,70.3 1 1
github.com/sailpoint-oss/telescope/server/bridge/adapt.go:71.2,72.26 2 1
github.com/sailpoint-oss/telescope/server/bridge/adapt.go:72.26,74.3 1 1
github.com/sailpoint-oss/telescope/server/bridge/adapt.go:75.2,75.15 1 1
github.com/sailpoint-oss/telescope/server/bridge/adapt.go:78.73,89.37 2 1
github.com/sailpoint-oss/telescope/server/bridge/adapt.go:89.37,91.3 1 1
github.com/sailpoint-oss/telescope/server/bridge/adapt.go:92.2,92.30 1 1
github.com/sailpoint-oss/telescope/server/bridge/adapt.go:92.30,94.3 1 1
github.com/sailpoint-oss/telescope/server/bridge/adapt.go:95.2,95.11 1 1
github.com/sailpoint-oss/telescope/server/bridge/bridge.go:16.61,19.69 1 1
github.com/sailpoint-oss/telescope/server/bridge/bridge.go:19.69,20.51 1 1
github.com/sailpoint-oss/telescope/server/bridge/bridge.go:20.51,22.5 1 1
github.com/sailpoint-oss/telescope/server/bridge/bridge.go:23.4,27.39 5 1
github.com/sailpoint-oss/telescope/server/bridge/bridge.go:32.54,34.83 2 1
github.com/sailpoint-oss/telescope/server/bridge/bridge.go:34.83,36.3 1 1
github.com/sailpoint-oss/telescope/server/bridge/bridge.go:37.2,37.33 1 1
github.com/sailpoint-oss/telescope/server/bridge/bridge.go:40.84,41.21 1 1
github.com/sailpoint-oss/telescope/server/bridge/bridge.go:41.21,43.3 1 0
github.com/sailpoint-oss/telescope/server/bridge/bridge.go:44.2,45.29 2 1
github.com/sailpoint-oss/telescope/server/bridge/bridge.go:45.29,46.40 1 1
github.com/sailpoint-oss/telescope/server/bridge/bridge.go:46.40,47.12 1 1
github.com/sailpoint-oss/telescope/server/bridge/bridge.go:49.3,49.26 1 1
github.com/sailpoint-oss/telescope/server/bridge/bridge.go:51.2,51.19 1 1
github.com/sailpoint-oss/telescope/server/bridge/bridge.go:51.19,53.3 1 0
github.com/sailpoint-oss/telescope/server/bridge/bridge.go:54.2,54.12 1 1
github.com/sailpoint-oss/telescope/server/bridge/bridge.go:57.66,58.32 1 1
github.com/sailpoint-oss/telescope/server/bridge/bridge.go:58.32,60.3 1 1
github.com/sailpoint-oss/telescope/server/bridge/bridge.go:61.2,61.61 1 1
github.com/sailpoint-oss/telescope/server/bridge/bridge.go:61.61,63.3 1 1
github.com/sailpoint-oss/telescope/server/bridge/bridge.go:64.2,64.86 1 1
github.com/sailpoint-oss/telescope/server/bridge/bridge.go:67.56,68.26 1 1
github.com/sailpoint-oss/telescope/server/bridge/bridge.go:69.25,70.16 1 1
github.com/sailpoint-oss/telescope/server/bridge/bridge.go:71.22,72.28 1 1
github.com/sailpoint-oss/telescope/server/bridge/bridge.go:72.28,74.4 1 1
github.com/sailpoint-oss/telescope/server/bridge/bridge.go:76.2,76.11 1 1
github.com/sailpoint-oss/telescope/server/bridge/bridge.go:80.85,84.26 3 1
github.com/sailpoint-oss/telescope/server/bridge/bridge.go:84.26,85.52 1 1
github.com/sailpoint-oss/telescope/server/bridge/bridge.go:85.52,89.24 4 1
github.com/sailpoint-oss/telescope/server/bridge/bridge.go:89.24,91.5 1 0
github.com/sailpoint-oss/telescope/server/bridge/bridge.go:92.4,92.32 1 1
github.com/sailpoint-oss/telescope/server/bridge/bridge.go:92.32,94.5 1 0
github.com/sailpoint-oss/telescope/server/bridge/bridge.go:94.10,96.5 1 1
github.com/sailpoint-oss/telescope/server/bridge/bridge.go:97.9,97.59 1 1
github.com/sailpoint-oss/telescope/server/bridge/bridge.go:97.59,98.24 1 1
github.com/sailpoint-oss/telescope/server/bridge/bridge.go:98.24,100.5 1 0
github.com/sailpoint-oss/telescope/server/bridge/bridge.go:101.4,101.32 1 1
github.com/sailpoint-oss/telescope/server/bridge/bridge.go:101.32,103.5 1 0
github.com/sailpoint-oss/telescope/server/bridge/bridge.go:103.10,105.5 1 1
github.com/sailpoint-oss/telescope/server/bridge/bridge.go:109.2,109.22 1 1
github.com/sailpoint-oss/telescope/server/bridge/bridge.go:109.22,112.3 2 0
github.com/sailpoint-oss/telescope/server/bridge/bridge.go:114.2,114.12 1 1
github.com/sailpoint-oss/telescope/server/bridge/bridge.go:117.58,118.16 1 1
github.com/sailpoint-oss/telescope/server/bridge/bridge.go:118.16,120.3 1 1
github.com/sailpoint-oss/telescope/server/bridge/bridge.go:121.2,122.64 2 1
github.com/sailpoint-oss/telescope/server/bridge/bridge.go:122.64,124.3 1 1
github.com/sailpoint-oss/telescope/server/bridge/bridge.go:125.2,125.39 1 1
github.com/sailpoint-oss/telescope/server/bridge/bridge.go:125.39,126.28 1 0
github.com/sailpoint-oss/telescope/server/bridge/bridge.go:126.28,133.4 1 0
github.com/sailpoint-oss/telescope/server/bridge/bridge.go:135.2,135.11 1 1
github.com/sailpoint-oss/telescope/server/bridge/stabilize.go:27.102,28.58 1 1
github.com/sailpoint-oss/telescope/server/bridge/stabilize.go:28.58,30.3 1 1
github.com/sailpoint-oss/telescope/server/bridge/stabilize.go:32.2,33.22 2 1
github.com/sailpoint-oss/telescope/server/bridge/stabilize.go:33.22,35.3 1 1
github.com/sailpoint-oss/telescope/server/bridge/stabilize.go:37.2,40.24 3 1
github.com/sailpoint-oss/telescope/server/bridge/stabilize.go:40.24,41.50 1 1
github.com/sailpoint-oss/telescope/server/bridge/stabilize.go:41.50,42.12 1 0
github.com/sailpoint-oss/telescope/server/bridge/stabilize.go:44.3,45.10 2 1
github.com/sailpoint-oss/telescope/server/bridge/stabilize.go:45.10,46.12 1 0
github.com/sailpoint-oss/telescope/server/bridge/stabilize.go:48.3,49.10 2 1
github.com/sailpoint-oss/telescope/server/bridge/stabilize.go:49.10,50.12 1 0
github.com/sailpoint-oss/telescope/server/bridge/stabilize.go:53.3,54.34 2 1
github.com/sailpoint-oss/telescope/server/bridge/stabilize.go:54.34,56.4 1 1
github.com/sailpoint-oss/telescope/server/bridge/stabilize.go:57.3,57.36 1 1
github.com/sailpoint-oss/telescope/server/bridge/stabilize.go:57.36,60.4 2 1
github.com/sailpoint-oss/telescope/server/bridge/stabilize.go:63.2,63.15 1 1
github.com/sailpoint-oss/telescope/server/bridge/stabilize.go:66.51,68.2 1 1
github.com/sailpoint-oss/telescope/server/bridge/stabilize.go:70.104,71.16 1 1
github.com/sailpoint-oss/telescope/server/bridge/stabilize.go:71.16,73.3 1 0
github.com/sailpoint-oss/telescope/server/bridge/stabilize.go:75.2,78.66 3 1
github.com/sailpoint-oss/telescope/server/bridge/stabilize.go:78.66,80.40 2 1
github.com/sailpoint-oss/telescope/server/bridge/stabilize.go:80.40,82.18 2 1
github.com/sailpoint-oss/telescope/server/bridge/stabilize.go:82.18,83.13 1 1
github.com/sailpoint-oss/telescope/server/bridge/stabilize.go:86.4,87.35 2 1
github.com/sailpoint-oss/telescope/server/bridge/stabilize.go:87.35,89.13 2 1
github.com/sailpoint-oss/telescope/server/bridge/stabilize.go:91.4,94.5 1 1
github.com/sailpoint-oss/telescope/server/bridge/stabilize.go:98.2,98.15 1 1
github.com/sailpoint-oss/telescope/server/bridge/stabilize.go:101.77,102.105 1 1
github.com/sailpoint-oss/telescope/server/bridge/stabilize.go:102.105,104.10 2 1
github.com/sailpoint-oss/telescope/server/bridge/stabilize.go:104.10,105.12 1 1
github.com/sailpoint-oss/telescope/server/bridge/stabilize.go:107.3,108.24 2 1
github.com/sailpoint-oss/telescope/server/bridge/stabilize.go:108.24,110.4 1 0
github.com/sailpoint-oss/telescope/server/bridge/stabilize.go:111.3,111.28 1 1
github.com/sailpoint-oss/telescope/server/bridge/stabilize.go:113.2,113.22 1 0
github.com/sailpoint-oss/telescope/server/bridge/stabilize.go:116.63,117.51 1 1
github.com/sailpoint-oss/telescope/server/bridge/stabilize.go:117.51,119.3 1 1
github.com/sailpoint-oss/telescope/server/bridge/stabilize.go:120.2,120.42 1 1
github.com/sailpoint-oss/telescope/server/bridge/stabilize.go:123.85,125.26 2 1
github.com/sailpoint-oss/telescope/server/bridge/stabilize.go:125.26,127.3 1 1
github.com/sailpoint-oss/telescope/server/bridge/stabilize.go:128.2,129.13 2 1
github.com/sailpoint-oss/telescope/server/lsp/adapt/adapt.go:12.62,14.2 1 1
github.com/sailpoint-oss/telescope/server/lsp/adapt/adapt.go:17.64,19.2 1 1
github.com/sailpoint-oss/telescope/server/lsp/adapt/adapt.go:22.53,27.2 1 1
github.com/sailpoint-oss/telescope/server/lsp/adapt/adapt.go:30.55,35.2 1 1
github.com/sailpoint-oss/telescope/server/lsp/adapt/adapt.go:38.72,40.2 1 1
github.com/sailpoint-oss/telescope/server/lsp/adapt/adapt.go:43.74,45.2 1 1
github.com/sailpoint-oss/telescope/server/lsp/adapt/adapt.go:48.68,55.18 2 1
github.com/sailpoint-oss/telescope/server/lsp/adapt/adapt.go:55.18,57.3 1 1
github.com/sailpoint-oss/telescope/server/lsp/adapt/adapt.go:58.2,58.29 1 1
github.com/sailpoint-oss/telescope/server/lsp/adapt/adapt.go:58.29,60.3 1 1
github.com/sailpoint-oss/telescope/server/lsp/adapt/adapt.go:61.2,61.21 1 1
github.com/sailpoint-oss/telescope/server/lsp/adapt/adapt.go:61.21,63.28 2 1
github.com/sailpoint-oss/telescope/server/lsp/adapt/adapt.go:63.28,65.4 1 1
github.com/sailpoint-oss/telescope/server/lsp/adapt/adapt.go:66.3,66.17 1 1
github.com/sailpoint-oss/telescope/server/lsp/adapt/adapt.go:68.2,68.24 1 1
github.com/sailpoint-oss/telescope/server/lsp/adapt/adapt.go:68.24,70.31 2 1
github.com/sailpoint-oss/telescope/server/lsp/adapt/adapt.go:70.31,78.4 1 1
github.com/sailpoint-oss/telescope/server/lsp/adapt/adapt.go:79.3,79.30 1 1
github.com/sailpoint-oss/telescope/server/lsp/adapt/adapt.go:81.2,81.19 1 1
github.com/sailpoint-oss/telescope/server/lsp/adapt/adapt.go:81.19,83.3 1 1
github.com/sailpoint-oss/telescope/server/lsp/adapt/adapt.go:84.2,84.11 1 1
github.com/sailpoint-oss/telescope/server/lsp/adapt/adapt.go:88.70,96.37 2 1
github.com/sailpoint-oss/telescope/server/lsp/adapt/adapt.go:96.37,98.3 1 1
github.com/sailpoint-oss/telescope/server/lsp/adapt/adapt.go:99.2,99.30 1 1
github.com/sailpoint-oss/telescope/server/lsp/adapt/adapt.go:99.30,101.3 1 1
github.com/sailpoint-oss/telescope/server/lsp/adapt/adapt.go:102.2,102.21 1 1
github.com/sailpoint-oss/telescope/server/lsp/adapt/adapt.go:102.21,104.28 2 1
github.com/sailpoint-oss/telescope/server/lsp/adapt/adapt.go:104.28,106.4 1 1
github.com/sailpoint-oss/telescope/server/lsp/adapt/adapt.go:107.3,107.17 1 1
github.com/sailpoint-oss/telescope/server/lsp/adapt/adapt.go:109.2,109.35 1 1
github.com/sailpoint-oss/telescope/server/lsp/adapt/adapt.go:109.35,111.42 2 1
github.com/sailpoint-oss/telescope/server/lsp/adapt/adapt.go:111.42,117.4 1 1
github.com/sailpoint-oss/telescope/server/lsp/adapt/adapt.go:118.3,118.19 1 1
github.com/sailpoint-oss/telescope/server/lsp/adapt/adapt.go:120.2,120.11 1 1
github.com/sailpoint-oss/telescope/server/lsp/adapt/adapt.go:124.77,125.21 1 1
github.com/sailpoint-oss/telescope/server/lsp/adapt/adapt.go:125.21,127.3 1 1
github.com/sailpoint-oss/telescope/server/lsp/adapt/adapt.go:128.2,129.26 2 1
github.com/sailpoint-oss/telescope/server/lsp/adapt/adapt.go:129.26,131.3 1 1
github.com/sailpoint-oss/telescope/server/lsp/adapt/adapt.go:132.2,132.15 1 1
github.com/sailpoint-oss/telescope/server/lsp/adapt/adapt.go:136.79,137.21 1 1
github.com/sailpoint-oss/telescope/server/lsp/adapt/adapt.go:137.21,139.3 1 1
github.com/sailpoint-oss/telescope/server/lsp/adapt/adapt.go:140.2,141.26 2 1
github.com/sailpoint-oss/telescope/server/lsp/adapt/adapt.go:141.26,143.3 1 1
github.com/sailpoint-oss/telescope/server/lsp/adapt/adapt.go:144.2,144.15 1 1
github.com/sailpoint-oss/telescope/server/lsp/adapt/adapt.go:148.62,153.2 1 1
github.com/sailpoint-oss/telescope/server/lsp/adapt/adapt.go:156.64,161.2 1 1
github.com/sailpoint-oss/telescope/server/lsp/adapt/adapt.go:164.71,165.21 1 1
github.com/sailpoint-oss/telescope/server/lsp/adapt/adapt.go:165.21,167.3 1 1
github.com/sailpoint-oss/telescope/server/lsp/adapt/adapt.go:168.2,169.26 2 1
github.com/sailpoint-oss/telescope/server/lsp/adapt/adapt.go:169.26,171.3 1 1
github.com/sailpoint-oss/telescope/server/lsp/adapt/adapt.go:172.2,172.15 1 1
github.com/sailpoint-oss/telescope/server/openapi/classifier.go:21.65,28.43 3 1
github.com/sailpoint-oss/telescope/server/openapi/classifier.go:28.43,30.3 1 0
github.com/sailpoint-oss/telescope/server/openapi/classifier.go:32.2,39.15 6 1
github.com/sailpoint-oss/telescope/server/openapi/classifier.go:44.60,46.43 2 1
github.com/sailpoint-oss/telescope/server/openapi/classifier.go:46.43,48.3 1 1
github.com/sailpoint-oss/telescope/server/openapi/classifier.go:50.2,54.16 4 1
github.com/sailpoint-oss/telescope/server/openapi/classifier.go:55.18,56.42 1 1
github.com/sailpoint-oss/telescope/server/openapi/classifier.go:57.18,58.42 1 1
github.com/sailpoint-oss/telescope/server/openapi/classifier.go:61.2,61.24 1 1
github.com/sailpoint-oss/telescope/server/openapi/classifier.go:61.24,63.3 1 0
github.com/sailpoint-oss/telescope/server/openapi/classifier.go:65.2,66.69 2 1
github.com/sailpoint-oss/telescope/server/openapi/classifier.go:66.69,68.39 2 1
github.com/sailpoint-oss/telescope/server/openapi/classifier.go:68.39,70.4 1 1
github.com/sailpoint-oss/telescope/server/openapi/classifier.go:73.2,73.14 1 1
github.com/sailpoint-oss/telescope/server/openapi/fragment.go:59.80,60.17 1 1
github.com/sailpoint-oss/telescope/server/openapi/fragment.go:60.17,62.3 1 1
github.com/sailpoint-oss/telescope/server/openapi/fragment.go:64.2,65.20 2 1
github.com/sailpoint-oss/telescope/server/openapi/fragment.go:65.20,67.3 1 1
github.com/sailpoint-oss/telescope/server/openapi/fragment.go:69.2,70.25 2 1
github.com/sailpoint-oss/telescope/server/openapi/fragment.go:70.25,72.3 1 1
github.com/sailpoint-oss/telescope/server/openapi/fragment.go:74.2,75.25 2 1
github.com/sailpoint-oss/telescope/server/openapi/fragment.go:75.25,76.22 1 1
github.com/sailpoint-oss/telescope/server/openapi/fragment.go:76.22,78.4 1 1
github.com/sailpoint-oss/telescope/server/openapi/fragment.go:82.2,82.44 1 1
github.com/sailpoint-oss/telescope/server/openapi/fragment.go:82.44,84.3 1 1
github.com/sailpoint-oss/telescope/server/openapi/fragment.go:87.2,87.25 1 1
github.com/sailpoint-oss/telescope/server/openapi/fragment.go:87.25,88.21 1 1
github.com/sailpoint-oss/telescope/server/openapi/fragment.go:88.21,90.4 1 1
github.com/sailpoint-oss/telescope/server/openapi/fragment.go:95.2,95.20 1 1
github.com/sailpoint-oss/telescope/server/openapi/fragment.go:95.20,97.35 2 1
github.com/sailpoint-oss/telescope/server/openapi/fragment.go:97.35,99.4 1 1
github.com/sailpoint-oss/telescope/server/openapi/fragment.go:103.2,103.36 1 1
github.com/sailpoint-oss/telescope/server/openapi/fragment.go:103.36,105.3 1 1
github.com/sailpoint-oss/telescope/server/openapi/fragment.go:108.2,108.27 1 1
github.com/sailpoint-oss/telescope/server/openapi/fragment.go:108.27,110.3 1 1
github.com/sailpoint-oss/telescope/server/openapi/fragment.go:111.2,111.140 1 1
github.com/sailpoint-oss/telescope/server/openapi/fragment.go:111.140,113.3 1 1
github.com/sailpoint-oss/telescope/server/openapi/fragment.go:117.2,117.62 1 1
github.com/sailpoint-oss/telescope/server/openapi/fragment.go:117.62,119.3 1 1
github.com/sailpoint-oss/telescope/server/openapi/fragment.go:124.2,124.44 1 1
github.com/sailpoint-oss/telescope/server/openapi/fragment.go:124.44,125.45 1 1
github.com/sailpoint-oss/telescope/server/openapi/fragment.go:125.45,127.4 1 1
github.com/sailpoint-oss/telescope/server/openapi/fragment.go:131.2,131.65 1 1
github.com/sailpoint-oss/telescope/server/openapi/fragment.go:131.65,133.3 1 0
github.com/sailpoint-oss/telescope/server/openapi/fragment.go:136.2,136.25 1 1
github.com/sailpoint-oss/telescope/server/openapi/fragment.go:136.25,137.27 1 1
github.com/sailpoint-oss/telescope/server/openapi/fragment.go:137.27,139.4 1 1
github.com/sailpoint-oss/telescope/server/openapi/fragment.go:143.2,143.19 1 1
github.com/sailpoint-oss/telescope/server/openapi/fragment.go:143.19,144.51 1 1
github.com/sailpoint-oss/telescope/server/openapi/fragment.go:144.51,146.4 1 1
github.com/sailpoint-oss/telescope/server/openapi/fragment.go:150.2,150.58 1 1
github.com/sailpoint-oss/telescope/server/openapi/fragment.go:150.58,152.26 2 1
github.com/sailpoint-oss/telescope/server/openapi/fragment.go:152.26,153.22 1 1
github.com/sailpoint-oss/telescope/server/openapi/fragment.go:153.22,155.10 2 0
github.com/sailpoint-oss/telescope/server/openapi/fragment.go:158.3,158.17 1 1
github.com/sailpoint-oss/telescope/server/openapi/fragment.go:158.17,160.4 1 1
github.com/sailpoint-oss/telescope/server/openapi/fragment.go:164.2,164.25 1 1
github.com/sailpoint-oss/telescope/server/openapi/fragment.go:164.25,165.24 1 1
github.com/sailpoint-oss/telescope/server/openapi/fragment.go:165.24,167.4 1 1
github.com/sailpoint-oss/telescope/server/openapi/fragment.go:170.2,170.24 1 1
github.com/sailpoint-oss/telescope/server/openapi/fragment.go:175.94,178.17 3 1
github.com/sailpoint-oss/telescope/server/openapi/fragment.go:178.17,180.3 1 0
github.com/sailpoint-oss/telescope/server/openapi/fragment.go:182.2,183.16 2 1
github.com/sailpoint-oss/telescope/server/openapi/fragment.go:184.18,185.37 1 1
github.com/sailpoint-oss/telescope/server/openapi/fragment.go:186.18,187.37 1 1
github.com/sailpoint-oss/telescope/server/openapi/fragment.go:188.10,189.18 1 0
github.com/sailpoint-oss/telescope/server/openapi/fragment.go:191.2,191.24 1 1
github.com/sailpoint-oss/telescope/server/openapi/fragment.go:191.24,193.3 1 0
github.com/sailpoint-oss/telescope/server/openapi/fragment.go:195.2,197.64 3 1
github.com/sailpoint-oss/telescope/server/openapi/fragment.go:197.64,200.19 3 1
github.com/sailpoint-oss/telescope/server/openapi/fragment.go:200.19,202.4 1 1
github.com/sailpoint-oss/telescope/server/openapi/fragment.go:202.9,204.4 1 0
github.com/sailpoint-oss/telescope/server/openapi/fragment.go:206.2,206.21 1 1
github.com/sailpoint-oss/telescope/server/openapi/fragment.go:210.39,211.11 1 1
github.com/sailpoint-oss/telescope/server/openapi/fragment.go:212.22,213.18 1 1
github.com/sailpoint-oss/telescope/server/openapi/fragment.go:214.24,215.20 1 1
github.com/sailpoint-oss/telescope/server/openapi/fragment.go:216.25,217.21 1 1
github.com/sailpoint-oss/telescope/server/openapi/fragment.go:218.25,219.21 1 1
github.com/sailpoint-oss/telescope/server/openapi/fragment.go:220.27,221.23 1 1
github.com/sailpoint-oss/telescope/server/openapi/fragment.go:222.24,223.20 1 1
github.com/sailpoint-oss/telescope/server/openapi/fragment.go:224.22,225.18 1 1
github.com/sailpoint-oss/telescope/server/openapi/fragment.go:226.30,227.26 1 1
github.com/sailpoint-oss/telescope/server/openapi/fragment.go:228.26,229.22 1 1
github.com/sailpoint-oss/telescope/server/openapi/fragment.go:230.22,231.18 1 1
github.com/sailpoint-oss/telescope/server/openapi/fragment.go:232.10,233.19 1 1
github.com/sailpoint-oss/telescope/server/openapi/index.go:51.71,75.31 9 1
github.com/sailpoint-oss/telescope/server/openapi/index.go:75.31,76.88 1 1
github.com/sailpoint-oss/telescope/server/openapi/index.go:76.88,77.25 1 1
github.com/sailpoint-oss/telescope/server/openapi/index.go:77.25,79.5 1 0
github.com/sailpoint-oss/telescope/server/openapi/index.go:80.4,82.58 3 1
github.com/sailpoint-oss/telescope/server/openapi/index.go:82.58,84.5 1 0
github.com/sailpoint-oss/telescope/server/openapi/index.go:87.2,87.102 1 1
github.com/sailpoint-oss/telescope/server/openapi/index.go:87.102,89.3 1 0
github.com/sailpoint-oss/telescope/server/openapi/index.go:91.2,91.12 1 1
github.com/sailpoint-oss/telescope/server/openapi/index.go:94.71,95.36 1 1
github.com/sailpoint-oss/telescope/server/openapi/index.go:95.36,97.40 2 1
github.com/sailpoint-oss/telescope/server/openapi/index.go:97.40,104.38 3 1
github.com/sailpoint-oss/telescope/server/openapi/index.go:104.38,106.5 1 1
github.com/sailpoint-oss/telescope/server/openapi/index.go:108.3,108.35 1 1
github.com/sailpoint-oss/telescope/server/openapi/index.go:112.50,113.27 1 1
github.com/sailpoint-oss/telescope/server/openapi/index.go:113.27,115.3 1 0
github.com/sailpoint-oss/telescope/server/openapi/index.go:116.2,116.46 1 1
github.com/sailpoint-oss/telescope/server/openapi/index.go:116.46,118.3 1 1
github.com/sailpoint-oss/telescope/server/openapi/index.go:119.2,119.49 1 1
github.com/sailpoint-oss/telescope/server/openapi/index.go:119.49,121.3 1 0
github.com/sailpoint-oss/telescope/server/openapi/index.go:122.2,122.48 1 1
github.com/sailpoint-oss/telescope/server/openapi/index.go:122.48,124.3 1 0
github.com/sailpoint-oss/telescope/server/openapi/index.go:125.2,125.55 1 1
github.com/sailpoint-oss/telescope/server/openapi/index.go:125.55,127.3 1 0
github.com/sailpoint-oss/telescope/server/openapi/index.go:130.44,131.26 1 1
github.com/sailpoint-oss/telescope/server/openapi/index.go:131.26,134.3 2 0
github.com/sailpoint-oss/telescope/server/openapi/index.go:139.97,140.17 1 1
github.com/sailpoint-oss/telescope/server/openapi/index.go:140.17,142.3 1 0
github.com/sailpoint-oss/telescope/server/openapi/index.go:143.2,144.17 2 1
github.com/sailpoint-oss/telescope/server/openapi/index.go:144.17,146.3 1 0
github.com/sailpoint-oss/telescope/server/openapi/index.go:147.2,148.29 2 1
github.com/sailpoint-oss/telescope/server/openapi/index.go:148.29,150.3 1 1
github.com/sailpoint-oss/telescope/server/openapi/index.go:151.2,151.31 1 1
github.com/sailpoint-oss/telescope/server/openapi/index.go:151.31,152.35 1 1
github.com/sailpoint-oss/telescope/server/openapi/index.go:152.35,154.4 1 1
github.com/sailpoint-oss/telescope/server/openapi/index.go:158.112,159.17 1 1
github.com/sailpoint-oss/telescope/server/openapi/index.go:159.17,161.3 1 0
github.com/sailpoint-oss/telescope/server/openapi/index.go:162.2,167.14 3 1
github.com/sailpoint-oss/telescope/server/openapi/index.go:167.14,170.41 3 1
github.com/sailpoint-oss/telescope/server/openapi/index.go:170.41,172.25 2 1
github.com/sailpoint-oss/telescope/server/openapi/index.go:172.25,182.5 5 1
github.com/sailpoint-oss/telescope/server/openapi/index.go:184.4,186.10 3 1
github.com/sailpoint-oss/telescope/server/openapi/index.go:190.2,190.47 1 1
github.com/sailpoint-oss/telescope/server/openapi/index.go:190.47,192.19 2 1
github.com/sailpoint-oss/telescope/server/openapi/index.go:192.19,194.4 1 1
github.com/sailpoint-oss/telescope/server/openapi/index.go:200.60,202.2 1 1
github.com/sailpoint-oss/telescope/server/openapi/index.go:206.46,207.16 1 1
github.com/sailpoint-oss/telescope/server/openapi/index.go:207.16,209.3 1 1
github.com/sailpoint-oss/telescope/server/openapi/index.go:210.2,210.20 1 1
github.com/sailpoint-oss/telescope/server/openapi/index.go:210.20,211.75 1 1
github.com/sailpoint-oss/telescope/server/openapi/index.go:211.75,213.4 1 1
github.com/sailpoint-oss/telescope/server/openapi/index.go:215.2,215.21 1 1
github.com/sailpoint-oss/telescope/server/openapi/index.go:219.47,220.16 1 1
github.com/sailpoint-oss/telescope/server/openapi/index.go:220.16,222.3 1 1
github.com/sailpoint-oss/telescope/server/openapi/index.go:223.2,223.37 1 1
github.com/sailpoint-oss/telescope/server/openapi/index.go:223.37,225.3 1 1
github.com/sailpoint-oss/telescope/server/openapi/index.go:226.2,226.20 1 1
github.com/sailpoint-oss/telescope/server/openapi/index.go:226.20,228.3 1 0
github.com/sailpoint-oss/telescope/server/openapi/index.go:229.2,229.25 1 1
github.com/sailpoint-oss/telescope/server/openapi/index.go:229.25,231.3 1 0
github.com/sailpoint-oss/telescope/server/openapi/index.go:232.2,232.23 1 1
github.com/sailpoint-oss/telescope/server/openapi/index.go:232.23,234.3 1 0
github.com/sailpoint-oss/telescope/server/openapi/index.go:235.2,235.28 1 1
github.com/sailpoint-oss/telescope/server/openapi/index.go:239.53,240.16 1 1
github.com/sailpoint-oss/telescope/server/openapi/index.go:240.16,242.3 1 0
github.com/sailpoint-oss/telescope/server/openapi/index.go:243.2,243.16 1 1
github.com/sailpoint-oss/telescope/server/openapi/index.go:247.36,252.2 1 1
github.com/sailpoint-oss/telescope/server/openapi/index.go:255.35,259.2 1 1
github.com/sailpoint-oss/telescope/server/openapi/index.go:262.41,264.2 1 1
github.com/sailpoint-oss/telescope/server/openapi/index.go:268.43,271.2 2 1
github.com/sailpoint-oss/telescope/server/openapi/index.go:274.45,275.39 1 1
github.com/sailpoint-oss/telescope/server/openapi/index.go:275.39,277.3 1 1
github.com/sailpoint-oss/telescope/server/openapi/index.go:278.2,279.11 2 1
github.com/sailpoint-oss/telescope/server/openapi/index.go:283.51,285.36 2 1
github.com/sailpoint-oss/telescope/server/openapi/index.go:285.36,287.3 1 1
github.com/sailpoint-oss/telescope/server/openapi/index.go:288.2,288.12 1 1
github.com/sailpoint-oss/telescope/server/openapi/index.go:292.42,294.32 2 1
github.com/sailpoint-oss/telescope/server/openapi/index.go:294.32,296.3 1 1
github.com/sailpoint-oss/telescope/server/openapi/index.go:297.2,297.14 1 1
github.com/sailpoint-oss/telescope/server/openapi/index.go:301.56,302.59 1 1
github.com/sailpoint-oss/telescope/server/openapi/index.go:302.59,304.3 1 0
github.com/sailpoint-oss/telescope/server/openapi/index.go:305.2,305.14 1 1
github.com/sailpoint-oss/telescope/server/openapi/index.go:306.17,307.50 1 0
github.com/sailpoint-oss/telescope/server/openapi/index.go:308.19,309.52 1 1
github.com/sailpoint-oss/telescope/server/openapi/index.go:310.20,311.53 1 1
github.com/sailpoint-oss/telescope/server/openapi/index.go:312.18,313.51 1 1
github.com/sailpoint-oss/telescope/server/openapi/index.go:314.23,315.56 1 1
github.com/sailpoint-oss/telescope/server/openapi/index.go:316.17,317.50 1 1
github.com/sailpoint-oss/telescope/server/openapi/index.go:318.25,319.58 1 1
github.com/sailpoint-oss/telescope/server/openapi/index.go:320.15,321.48 1 1
github.com/sailpoint-oss/telescope/server/openapi/index.go:322.10,323.13 1 0
github.com/sailpoint-oss/telescope/server/openapi/index.go:327.46,329.19 2 1
github.com/sailpoint-oss/telescope/server/openapi/index.go:329.19,331.3 1 1
github.com/sailpoint-oss/telescope/server/openapi/index.go:332.2,332.13 1 1
github.com/sailpoint-oss/telescope/server/openapi/index.go:336.52,338.2 1 1
github.com/sailpoint-oss/telescope/server/openapi/index.go:348.34,352.2 1 1
github.com/sailpoint-oss/telescope/server/openapi/index.go:358.38,360.2 1 1
github.com/sailpoint-oss/telescope/server/openapi/index.go:364.71,368.2 3 1
github.com/sailpoint-oss/telescope/server/openapi/index.go:373.59,379.16 6 1
github.com/sailpoint-oss/telescope/server/openapi/index.go:379.16,381.3 1 1
github.com/sailpoint-oss/telescope/server/openapi/index.go:382.2,382.20 1 1
github.com/sailpoint-oss/telescope/server/openapi/index.go:382.20,384.3 1 1
github.com/sailpoint-oss/telescope/server/openapi/index.go:385.2,386.16 2 1
github.com/sailpoint-oss/telescope/server/openapi/index.go:386.16,388.3 1 1
github.com/sailpoint-oss/telescope/server/openapi/index.go:389.2,389.12 1 1
github.com/sailpoint-oss/telescope/server/openapi/index.go:395.63,400.20 5 1
github.com/sailpoint-oss/telescope/server/openapi/index.go:400.20,402.3 1 0
github.com/sailpoint-oss/telescope/server/openapi/index.go:403.2,404.16 2 1
github.com/sailpoint-oss/telescope/server/openapi/index.go:404.16,406.3 1 1
github.com/sailpoint-oss/telescope/server/openapi/index.go:407.2,407.12 1 1
github.com/sailpoint-oss/telescope/server/openapi/index.go:411.64,416.2 4 1
github.com/sailpoint-oss/telescope/server/openapi/index.go:419.55,424.2 4 1
github.com/sailpoint-oss/telescope/server/openapi/index.go:427.60,431.30 4 1
github.com/sailpoint-oss/telescope/server/openapi/index.go:431.30,433.3 1 1
github.com/sailpoint-oss/telescope/server/openapi/index.go:434.2,434.15 1 1
github.com/sailpoint-oss/telescope/server/openapi/index.go:438.91,441.34 3 1
github.com/sailpoint-oss/telescope/server/openapi/index.go:441.34,442.42 1 1
github.com/sailpoint-oss/telescope/server/openapi/index.go:442.42,444.4 1 1
github.com/sailpoint-oss/telescope/server/openapi/index.go:446.2,446.16 1 1
github.com/sailpoint-oss/telescope/server/openapi/index.go:450.84,453.34 3 1
github.com/sailpoint-oss/telescope/server/openapi/index.go:453.34,454.50 1 1
github.com/sailpoint-oss/telescope/server/openapi/index.go:454.50,456.4 1 1
github.com/sailpoint-oss/telescope/server/openapi/index.go:458.2,458.16 1 1
github.com/sailpoint-oss/telescope/server/openapi/malformed.go:7.38,8.16 1 1
github.com/sailpoint-oss/telescope/server/openapi/malformed.go:8.16,10.3 1 1
github.com/sailpoint-oss/telescope/server/openapi/malformed.go:11.2,11.43 1 1
github.com/sailpoint-oss/telescope/server/openapi/malformed.go:16.59,17.16 1 1
github.com/sailpoint-oss/telescope/server/openapi/malformed.go:17.16,19.3 1 1
github.com/sailpoint-oss/telescope/server/openapi/malformed.go:20.2,20.35 1 1
github.com/sailpoint-oss/telescope/server/openapi/malformed.go:20.35,21.49 1 1
github.com/sailpoint-oss/telescope/server/openapi/malformed.go:21.49,23.4 1 1
github.com/sailpoint-oss/telescope/server/openapi/malformed.go:24.3,24.50 1 1
github.com/sailpoint-oss/telescope/server/openapi/malformed.go:24.50,26.4 1 1
github.com/sailpoint-oss/telescope/server/openapi/malformed.go:28.2,28.31 1 1
github.com/sailpoint-oss/telescope/server/openapi/malformed.go:28.31,30.3 1 1
github.com/sailpoint-oss/telescope/server/openapi/malformed.go:31.2,31.31 1 1
github.com/sailpoint-oss/telescope/server/openapi/malformed.go:31.31,33.3 1 0
github.com/sailpoint-oss/telescope/server/openapi/malformed.go:34.2,34.14 1 1
github.com/sailpoint-oss/telescope/server/openapi/parser.go:21.66,23.2 1 1
github.com/sailpoint-oss/telescope/server/openapi/parser.go:28.58,29.17 1 1
github.com/sailpoint-oss/telescope/server/openapi/parser.go:29.17,31.3 1 0
github.com/sailpoint-oss/telescope/server/openapi/parser.go:32.2,35.3 1 1
github.com/sailpoint-oss/telescope/server/openapi/parser.go:39.36,41.17 2 1
github.com/sailpoint-oss/telescope/server/openapi/parser.go:41.17,43.3 1 0
github.com/sailpoint-oss/telescope/server/openapi/parser.go:45.2,46.18 2 1
github.com/sailpoint-oss/telescope/server/openapi/parser.go:47.18,48.37 1 1
github.com/sailpoint-oss/telescope/server/openapi/parser.go:49.18,50.37 1 1
github.com/sailpoint-oss/telescope/server/openapi/parser.go:51.10,52.44 1 0
github.com/sailpoint-oss/telescope/server/openapi/parser.go:55.2,55.24 1 1
github.com/sailpoint-oss/telescope/server/openapi/parser.go:55.24,57.3 1 0
github.com/sailpoint-oss/telescope/server/openapi/parser.go:59.2,65.64 2 1
github.com/sailpoint-oss/telescope/server/openapi/parser.go:65.64,67.12 2 1
github.com/sailpoint-oss/telescope/server/openapi/parser.go:68.29,71.29 3 1
github.com/sailpoint-oss/telescope/server/openapi/parser.go:72.15,73.33 1 1
github.com/sailpoint-oss/telescope/server/openapi/parser.go:74.18,75.39 1 1
github.com/sailpoint-oss/telescope/server/openapi/parser.go:76.16,77.35 1 1
github.com/sailpoint-oss/telescope/server/openapi/parser.go:78.21,79.45 1 1
github.com/sailpoint-oss/telescope/server/openapi/parser.go:80.19,81.53 1 1
github.com/sailpoint-oss/telescope/server/openapi/parser.go:82.15,83.33 1 1
github.com/sailpoint-oss/telescope/server/openapi/parser.go:84.23,85.49 1 1
github.com/sailpoint-oss/telescope/server/openapi/parser.go:86.18,87.55 1 1
github.com/sailpoint-oss/telescope/server/openapi/parser.go:87.55,89.5 1 1
github.com/sailpoint-oss/telescope/server/openapi/parser.go:90.11,91.34 1 1
github.com/sailpoint-oss/telescope/server/openapi/parser.go:91.34,93.5 1 0
github.com/sailpoint-oss/telescope/server/openapi/parser.go:97.2,97.71 1 1
github.com/sailpoint-oss/telescope/server/openapi/parser.go:97.71,99.3 1 1
github.com/sailpoint-oss/telescope/server/openapi/parser.go:101.2,101.12 1 1
github.com/sailpoint-oss/telescope/server/openapi/parser.go:104.58,106.17 2 1
github.com/sailpoint-oss/telescope/server/openapi/parser.go:106.17,108.3 1 0
github.com/sailpoint-oss/telescope/server/openapi/parser.go:109.2,113.57 2 1
github.com/sailpoint-oss/telescope/server/openapi/parser.go:113.57,114.26 1 1
github.com/sailpoint-oss/telescope/server/openapi/parser.go:115.16,117.40 2 1
github.com/sailpoint-oss/telescope/server/openapi/parser.go:118.22,119.48 1 1
github.com/sailpoint-oss/telescope/server/openapi/parser.go:120.25,121.52 1 0
github.com/sailpoint-oss/telescope/server/openapi/parser.go:122.18,124.42 2 1
github.com/sailpoint-oss/telescope/server/openapi/parser.go:125.18,126.40 1 1
github.com/sailpoint-oss/telescope/server/openapi/parser.go:127.18,128.40 1 1
github.com/sailpoint-oss/telescope/server/openapi/parser.go:129.11,131.34 2 0
github.com/sailpoint-oss/telescope/server/openapi/parser.go:131.34,133.5 1 0
github.com/sailpoint-oss/telescope/server/openapi/parser.go:136.2,136.13 1 1
github.com/sailpoint-oss/telescope/server/openapi/parser.go:139.64,141.17 2 1
github.com/sailpoint-oss/telescope/server/openapi/parser.go:141.17,143.3 1 0
github.com/sailpoint-oss/telescope/server/openapi/parser.go:144.2,145.57 2 1
github.com/sailpoint-oss/telescope/server/openapi/parser.go:145.57,146.26 1 1
github.com/sailpoint-oss/telescope/server/openapi/parser.go:147.15,148.39 1 1
github.com/sailpoint-oss/telescope/server/openapi/parser.go:149.14,150.38 1 1
github.com/sailpoint-oss/telescope/server/openapi/parser.go:151.16,152.40 1 1
github.com/sailpoint-oss/telescope/server/openapi/parser.go:155.2,155.10 1 1
github.com/sailpoint-oss/telescope/server/openapi/parser.go:158.64,160.17 2 1
github.com/sailpoint-oss/telescope/server/openapi/parser.go:160.17,162.3 1 0
github.com/sailpoint-oss/telescope/server/openapi/parser.go:163.2,164.57 2 1
github.com/sailpoint-oss/telescope/server/openapi/parser.go:164.57,165.26 1 1
github.com/sailpoint-oss/telescope/server/openapi/parser.go:166.15,167.39 1 1
github.com/sailpoint-oss/telescope/server/openapi/parser.go:168.21,169.45 1 1
github.com/sailpoint-oss/telescope/server/openapi/parser.go:170.14,171.38 1 1
github.com/sailpoint-oss/telescope/server/openapi/parser.go:174.2,174.10 1 1
github.com/sailpoint-oss/telescope/server/openapi/parser.go:177.64,179.17 2 1
github.com/sailpoint-oss/telescope/server/openapi/parser.go:179.17,181.3 1 0
github.com/sailpoint-oss/telescope/server/openapi/parser.go:182.2,183.52 2 1
github.com/sailpoint-oss/telescope/server/openapi/parser.go:183.52,186.3 2 1
github.com/sailpoint-oss/telescope/server/openapi/parser.go:187.2,187.16 1 1
github.com/sailpoint-oss/telescope/server/openapi/parser.go:190.61,196.17 3 1
github.com/sailpoint-oss/telescope/server/openapi/parser.go:196.17,198.3 1 0
github.com/sailpoint-oss/telescope/server/openapi/parser.go:199.2,199.57 1 1
github.com/sailpoint-oss/telescope/server/openapi/parser.go:199.57,201.12 2 1
github.com/sailpoint-oss/telescope/server/openapi/parser.go:202.14,204.35 2 1
github.com/sailpoint-oss/telescope/server/openapi/parser.go:205.22,206.45 1 1
github.com/sailpoint-oss/telescope/server/openapi/parser.go:207.20,208.47 1 1
github.com/sailpoint-oss/telescope/server/openapi/parser.go:209.11,210.34 1 0
github.com/sailpoint-oss/telescope/server/openapi/parser.go:210.34,212.5 1 0
github.com/sailpoint-oss/telescope/server/openapi/parser.go:215.2,215.10 1 1
github.com/sailpoint-oss/telescope/server/openapi/parser.go:218.90,220.17 2 1
github.com/sailpoint-oss/telescope/server/openapi/parser.go:220.17,222.3 1 0
github.com/sailpoint-oss/telescope/server/openapi/parser.go:223.2,224.57 2 1
github.com/sailpoint-oss/telescope/server/openapi/parser.go:224.57,228.19 4 1
github.com/sailpoint-oss/telescope/server/openapi/parser.go:228.19,229.54 1 1
github.com/sailpoint-oss/telescope/server/openapi/parser.go:229.54,230.26 1 1
github.com/sailpoint-oss/telescope/server/openapi/parser.go:231.20,232.41 1 1
github.com/sailpoint-oss/telescope/server/openapi/parser.go:233.24,234.44 1 1
github.com/sailpoint-oss/telescope/server/openapi/parser.go:235.17,236.53 1 1
github.com/sailpoint-oss/telescope/server/openapi/parser.go:236.53,238.7 1 1
github.com/sailpoint-oss/telescope/server/openapi/parser.go:242.3,242.18 1 1
github.com/sailpoint-oss/telescope/server/openapi/parser.go:244.2,244.13 1 1
github.com/sailpoint-oss/telescope/server/openapi/parser.go:247.74,249.17 2 1
github.com/sailpoint-oss/telescope/server/openapi/parser.go:249.17,251.3 1 0
github.com/sailpoint-oss/telescope/server/openapi/parser.go:252.2,253.57 2 1
github.com/sailpoint-oss/telescope/server/openapi/parser.go:253.57,258.3 4 1
github.com/sailpoint-oss/telescope/server/openapi/parser.go:259.2,259.14 1 1
github.com/sailpoint-oss/telescope/server/openapi/parser.go:262.66,268.17 3 1
github.com/sailpoint-oss/telescope/server/openapi/parser.go:268.17,270.3 1 0
github.com/sailpoint-oss/telescope/server/openapi/parser.go:271.2,271.57 1 1
github.com/sailpoint-oss/telescope/server/openapi/parser.go:271.57,273.12 2 1
github.com/sailpoint-oss/telescope/server/openapi/parser.go:274.18,275.45 1 0
github.com/sailpoint-oss/telescope/server/openapi/parser.go:276.22,277.48 1 0
github.com/sailpoint-oss/telescope/server/openapi/parser.go:278.14,280.43 2 1
github.com/sailpoint-oss/telescope/server/openapi/parser.go:281.14,283.43 2 0
github.com/sailpoint-oss/telescope/server/openapi/parser.go:284.15,286.44 2 1
github.com/sailpoint-oss/telescope/server/openapi/parser.go:287.17,289.46 2 0
github.com/sailpoint-oss/telescope/server/openapi/parser.go:290.18,292.47 2 0
github.com/sailpoint-oss/telescope/server/openapi/parser.go:293.15,295.44 2 0
github.com/sailpoint-oss/telescope/server/openapi/parser.go:296.16,298.45 2 0
github.com/sailpoint-oss/telescope/server/openapi/parser.go:299.16,301.45 2 0
github.com/sailpoint-oss/telescope/server/openapi/parser.go:302.21,303.46 1 0
github.com/sailpoint-oss/telescope/server/openapi/parser.go:304.15,305.41 1 0
github.com/sailpoint-oss/telescope/server/openapi/parser.go:306.11,307.34 1 0
github.com/sailpoint-oss/telescope/server/openapi/parser.go:307.34,309.5 1 0
github.com/sailpoint-oss/telescope/server/openapi/parser.go:312.2,312.13 1 1
github.com/sailpoint-oss/telescope/server/openapi/parser.go:315.83,322.17 3 1
github.com/sailpoint-oss/telescope/server/openapi/parser.go:322.17,324.3 1 0
github.com/sailpoint-oss/telescope/server/openapi/parser.go:325.2,325.57 1 1
github.com/sailpoint-oss/telescope/server/openapi/parser.go:325.57,327.12 2 1
github.com/sailpoint-oss/telescope/server/openapi/parser.go:328.22,330.44 2 1
github.com/sailpoint-oss/telescope/server/openapi/parser.go:331.18,332.43 1 1
github.com/sailpoint-oss/telescope/server/openapi/parser.go:333.22,334.46 1 1
github.com/sailpoint-oss/telescope/server/openapi/parser.go:335.15,337.55 2 0
github.com/sailpoint-oss/telescope/server/openapi/parser.go:337.55,342.5 1 0
github.com/sailpoint-oss/telescope/server/openapi/parser.go:343.21,345.44 2 1
github.com/sailpoint-oss/telescope/server/openapi/parser.go:346.22,347.46 1 1
github.com/sailpoint-oss/telescope/server/openapi/parser.go:348.20,350.42 2 1
github.com/sailpoint-oss/telescope/server/openapi/parser.go:351.19,352.52 1 0
github.com/sailpoint-oss/telescope/server/openapi/parser.go:353.21,354.47 1 0
github.com/sailpoint-oss/telescope/server/openapi/parser.go:355.23,356.48 1 0
github.com/sailpoint-oss/telescope/server/openapi/parser.go:357.11,358.34 1 0
github.com/sailpoint-oss/telescope/server/openapi/parser.go:358.34,360.5 1 0
github.com/sailpoint-oss/telescope/server/openapi/parser.go:363.2,363.11 1 1
github.com/sailpoint-oss/telescope/server/openapi/parser.go:366.71,368.17 2 1
github.com/sailpoint-oss/telescope/server/openapi/parser.go:368.17,370.3 1 0
github.com/sailpoint-oss/telescope/server/openapi/parser.go:371.2,372.52 2 1
github.com/sailpoint-oss/telescope/server/openapi/parser.go:372.52,374.3 1 1
github.com/sailpoint-oss/telescope/server/openapi/parser.go:375.2,375.15 1 1
github.com/sailpoint-oss/telescope/server/openapi/parser.go:378.68,384.17 3 1
github.com/sailpoint-oss/telescope/server/openapi/parser.go:384.17,386.3 1 0
github.com/sailpoint-oss/telescope/server/openapi/parser.go:387.2,387.57 1 1
github.com/sailpoint-oss/telescope/server/openapi/parser.go:387.57,389.12 2 1
github.com/sailpoint-oss/telescope/server/openapi/parser.go:390.15,392.40 2 1
github.com/sailpoint-oss/telescope/server/openapi/parser.go:393.13,394.41 1 1
github.com/sailpoint-oss/telescope/server/openapi/parser.go:395.22,396.49 1 0
github.com/sailpoint-oss/telescope/server/openapi/parser.go:397.19,398.48 1 0
github.com/sailpoint-oss/telescope/server/openapi/parser.go:399.21,400.50 1 0
github.com/sailpoint-oss/telescope/server/openapi/parser.go:401.26,402.55 1 0
github.com/sailpoint-oss/telescope/server/openapi/parser.go:403.17,404.43 1 0
github.com/sailpoint-oss/telescope/server/openapi/parser.go:405.18,406.94 1 0
github.com/sailpoint-oss/telescope/server/openapi/parser.go:407.19,408.45 1 1
github.com/sailpoint-oss/telescope/server/openapi/parser.go:409.15,410.42 1 0
github.com/sailpoint-oss/telescope/server/openapi/parser.go:411.11,412.34 1 0
github.com/sailpoint-oss/telescope/server/openapi/parser.go:412.34,414.5 1 0
github.com/sailpoint-oss/telescope/server/openapi/parser.go:417.2,417.14 1 1
github.com/sailpoint-oss/telescope/server/openapi/parser.go:420.72,423.17 3 1
github.com/sailpoint-oss/telescope/server/openapi/parser.go:423.17,425.3 1 0
github.com/sailpoint-oss/telescope/server/openapi/parser.go:426.2,426.57 1 1
github.com/sailpoint-oss/telescope/server/openapi/parser.go:426.57,427.26 1 1
github.com/sailpoint-oss/telescope/server/openapi/parser.go:428.22,429.46 1 1
github.com/sailpoint-oss/telescope/server/openapi/parser.go:430.18,431.38 1 1
github.com/sailpoint-oss/telescope/server/openapi/parser.go:432.19,433.45 1 1
github.com/sailpoint-oss/telescope/server/openapi/parser.go:434.15,435.39 1 1
github.com/sailpoint-oss/telescope/server/openapi/parser.go:438.2,438.11 1 1
github.com/sailpoint-oss/telescope/server/openapi/parser.go:441.77,443.17 2 1
github.com/sailpoint-oss/telescope/server/openapi/parser.go:443.17,445.3 1 0
github.com/sailpoint-oss/telescope/server/openapi/parser.go:446.2,447.57 2 1
github.com/sailpoint-oss/telescope/server/openapi/parser.go:447.57,450.19 3 1
github.com/sailpoint-oss/telescope/server/openapi/parser.go:450.19,451.54 1 1
github.com/sailpoint-oss/telescope/server/openapi/parser.go:451.54,452.26 1 1
github.com/sailpoint-oss/telescope/server/openapi/parser.go:453.19,454.38 1 1
github.com/sailpoint-oss/telescope/server/openapi/parser.go:455.20,456.81 1 0
github.com/sailpoint-oss/telescope/server/openapi/parser.go:457.21,458.40 1 0
github.com/sailpoint-oss/telescope/server/openapi/parser.go:462.3,462.41 1 1
github.com/sailpoint-oss/telescope/server/openapi/parser.go:464.2,464.16 1 1
github.com/sailpoint-oss/telescope/server/openapi/parser.go:467.78,469.17 2 1
github.com/sailpoint-oss/telescope/server/openapi/parser.go:469.17,471.3 1 0
github.com/sailpoint-oss/telescope/server/openapi/parser.go:472.2,473.57 2 1
github.com/sailpoint-oss/telescope/server/openapi/parser.go:473.57,478.3 4 1
github.com/sailpoint-oss/telescope/server/openapi/parser.go:479.2,479.18 1 1
github.com/sailpoint-oss/telescope/server/openapi/parser.go:482.66,488.17 3 1
github.com/sailpoint-oss/telescope/server/openapi/parser.go:488.17,490.3 1 0
github.com/sailpoint-oss/telescope/server/openapi/parser.go:491.2,491.57 1 1
github.com/sailpoint-oss/telescope/server/openapi/parser.go:491.57,493.12 2 1
github.com/sailpoint-oss/telescope/server/openapi/parser.go:494.22,495.48 1 1
github.com/sailpoint-oss/telescope/server/openapi/parser.go:496.18,497.40 1 1
github.com/sailpoint-oss/telescope/server/openapi/parser.go:498.18,500.40 2 1
github.com/sailpoint-oss/telescope/server/openapi/parser.go:501.16,503.16 2 1
github.com/sailpoint-oss/telescope/server/openapi/parser.go:503.16,505.53 2 1
github.com/sailpoint-oss/telescope/server/openapi/parser.go:505.53,510.6 4 1
github.com/sailpoint-oss/telescope/server/openapi/parser.go:512.15,513.41 1 0
github.com/sailpoint-oss/telescope/server/openapi/parser.go:514.11,515.34 1 0
github.com/sailpoint-oss/telescope/server/openapi/parser.go:515.34,517.5 1 0
github.com/sailpoint-oss/telescope/server/openapi/parser.go:520.2,520.13 1 1
github.com/sailpoint-oss/telescope/server/openapi/parser.go:523.74,525.17 2 1
github.com/sailpoint-oss/telescope/server/openapi/parser.go:525.17,527.3 1 0
github.com/sailpoint-oss/telescope/server/openapi/parser.go:528.2,529.57 2 1
github.com/sailpoint-oss/telescope/server/openapi/parser.go:529.57,532.19 3 1
github.com/sailpoint-oss/telescope/server/openapi/parser.go:532.19,533.54 1 1
github.com/sailpoint-oss/telescope/server/openapi/parser.go:533.54,534.26 1 1
github.com/sailpoint-oss/telescope/server/openapi/parser.go:535.24,536.43 1 1
github.com/sailpoint-oss/telescope/server/openapi/parser.go:537.21,538.42 1 1
github.com/sailpoint-oss/telescope/server/openapi/parser.go:539.19,540.37 1 1
github.com/sailpoint-oss/telescope/server/openapi/parser.go:541.17,542.36 1 1
github.com/sailpoint-oss/telescope/server/openapi/parser.go:546.3,546.40 1 1
github.com/sailpoint-oss/telescope/server/openapi/parser.go:548.2,548.16 1 1
github.com/sailpoint-oss/telescope/server/openapi/parser.go:555.75,557.2 1 1
github.com/sailpoint-oss/telescope/server/openapi/parser.go:559.91,566.43 3 1
github.com/sailpoint-oss/telescope/server/openapi/parser.go:566.43,568.3 1 1
github.com/sailpoint-oss/telescope/server/openapi/parser.go:569.2,569.57 1 1
github.com/sailpoint-oss/telescope/server/openapi/parser.go:569.57,571.12 2 1
github.com/sailpoint-oss/telescope/server/openapi/parser.go:572.15,574.36 2 1
github.com/sailpoint-oss/telescope/server/openapi/parser.go:575.17,576.41 1 0
github.com/sailpoint-oss/telescope/server/openapi/parser.go:577.16,578.40 1 0
github.com/sailpoint-oss/telescope/server/openapi/parser.go:579.22,580.45 1 0
github.com/sailpoint-oss/telescope/server/openapi/parser.go:581.18,582.90 1 1
github.com/sailpoint-oss/telescope/server/openapi/parser.go:583.15,584.55 1 1
github.com/sailpoint-oss/telescope/server/openapi/parser.go:584.55,586.5 1 1
github.com/sailpoint-oss/telescope/server/openapi/parser.go:587.19,588.55 1 1
github.com/sailpoint-oss/telescope/server/openapi/parser.go:588.55,590.5 1 1
github.com/sailpoint-oss/telescope/server/openapi/parser.go:591.21,592.56 1 1
github.com/sailpoint-oss/telescope/server/openapi/parser.go:593.31,595.20 2 1
github.com/sailpoint-oss/telescope/server/openapi/parser.go:595.20,597.5 1 1
github.com/sailpoint-oss/telescope/server/openapi/parser.go:597.10,597.26 1 1
github.com/sailpoint-oss/telescope/server/openapi/parser.go:597.26,599.5 1 1
github.com/sailpoint-oss/telescope/server/openapi/parser.go:600.32,602.20 2 1
github.com/sailpoint-oss/telescope/server/openapi/parser.go:602.20,604.5 1 1
github.com/sailpoint-oss/telescope/server/openapi/parser.go:604.10,604.26 1 1
github.com/sailpoint-oss/telescope/server/openapi/parser.go:604.26,606.5 1 1
github.com/sailpoint-oss/telescope/server/openapi/parser.go:607.16,608.52 1 1
github.com/sailpoint-oss/telescope/server/openapi/parser.go:609.16,610.52 1 1
github.com/sailpoint-oss/telescope/server/openapi/parser.go:611.16,612.52 1 1
github.com/sailpoint-oss/telescope/server/openapi/parser.go:613.14,614.50 1 1
github.com/sailpoint-oss/telescope/server/openapi/parser.go:615.16,616.52 1 1
github.com/sailpoint-oss/telescope/server/openapi/parser.go:617.20,618.48 1 1
github.com/sailpoint-oss/telescope/server/openapi/parser.go:618.48,620.5 1 1
github.com/sailpoint-oss/telescope/server/openapi/parser.go:621.20,622.48 1 1
github.com/sailpoint-oss/telescope/server/openapi/parser.go:622.48,624.5 1 1
github.com/sailpoint-oss/telescope/server/openapi/parser.go:625.18,626.52 1 1
github.com/sailpoint-oss/telescope/server/openapi/parser.go:626.52,628.5 1 1
github.com/sailpoint-oss/telescope/server/openapi/parser.go:629.18,630.52 1 1
github.com/sailpoint-oss/telescope/server/openapi/parser.go:630.52,632.5 1 1
github.com/sailpoint-oss/telescope/server/openapi/parser.go:633.27,634.52 1 1
github.com/sailpoint-oss/telescope/server/openapi/parser.go:634.52,636.5 1 1
github.com/sailpoint-oss/telescope/server/openapi/parser.go:637.27,638.52 1 1
github.com/sailpoint-oss/telescope/server/openapi/parser.go:638.52,640.5 1 1
github.com/sailpoint-oss/telescope/server/openapi/parser.go:641.19,642.48 1 1
github.com/sailpoint-oss/telescope/server/openapi/parser.go:642.48,644.5 1 1
github.com/sailpoint-oss/telescope/server/openapi/parser.go:645.19,646.48 1 1
github.com/sailpoint-oss/telescope/server/openapi/parser.go:646.48,648.5 1 1
github.com/sailpoint-oss/telescope/server/openapi/parser.go:649.24,650.48 1 1
github.com/sailpoint-oss/telescope/server/openapi/parser.go:650.48,652.5 1 1
github.com/sailpoint-oss/telescope/server/openapi/parser.go:653.18,654.42 1 1
github.com/sailpoint-oss/telescope/server/openapi/parser.go:655.16,656.21 1 1
github.com/sailpoint-oss/telescope/server/openapi/parser.go:657.19,658.44 1 1
github.com/sailpoint-oss/telescope/server/openapi/parser.go:659.19,660.44 1 1
github.com/sailpoint-oss/telescope/server/openapi/parser.go:661.20,662.45 1 1
github.com/sailpoint-oss/telescope/server/openapi/parser.go:663.21,664.46 1 1
github.com/sailpoint-oss/telescope/server/openapi/parser.go:665.18,666.90 1 1
github.com/sailpoint-oss/telescope/server/openapi/parser.go:667.23,668.47 1 1
github.com/sailpoint-oss/telescope/server/openapi/parser.go:669.24,670.49 1 1
github.com/sailpoint-oss/telescope/server/openapi/parser.go:671.15,672.38 1 1
github.com/sailpoint-oss/telescope/server/openapi/parser.go:673.11,674.34 1 0
github.com/sailpoint-oss/telescope/server/openapi/parser.go:674.34,676.5 1 0
github.com/sailpoint-oss/telescope/server/openapi/parser.go:679.2,679.10 1 1
github.com/sailpoint-oss/telescope/server/openapi/parser.go:682.76,684.2 1 0
github.com/sailpoint-oss/telescope/server/openapi/parser.go:686.92,688.17 2 1
github.com/sailpoint-oss/telescope/server/openapi/parser.go:688.17,690.3 1 0
github.com/sailpoint-oss/telescope/server/openapi/parser.go:691.2,692.57 2 1
github.com/sailpoint-oss/telescope/server/openapi/parser.go:692.57,697.3 4 1
github.com/sailpoint-oss/telescope/server/openapi/parser.go:698.2,698.16 1 1
github.com/sailpoint-oss/telescope/server/openapi/parser.go:701.68,703.2 1 0
github.com/sailpoint-oss/telescope/server/openapi/parser.go:705.84,707.17 2 1
github.com/sailpoint-oss/telescope/server/openapi/parser.go:707.17,709.3 1 0
github.com/sailpoint-oss/telescope/server/openapi/parser.go:710.2,711.52 2 1
github.com/sailpoint-oss/telescope/server/openapi/parser.go:711.52,713.3 1 1
github.com/sailpoint-oss/telescope/server/openapi/parser.go:714.2,714.16 1 1
github.com/sailpoint-oss/telescope/server/openapi/parser.go:717.76,720.17 3 1
github.com/sailpoint-oss/telescope/server/openapi/parser.go:720.17,722.3 1 0
github.com/sailpoint-oss/telescope/server/openapi/parser.go:723.2,723.57 1 1
github.com/sailpoint-oss/telescope/server/openapi/parser.go:723.57,724.26 1 1
github.com/sailpoint-oss/telescope/server/openapi/parser.go:725.23,726.47 1 1
github.com/sailpoint-oss/telescope/server/openapi/parser.go:727.18,729.69 2 1
github.com/sailpoint-oss/telescope/server/openapi/parser.go:729.69,731.5 1 1
github.com/sailpoint-oss/telescope/server/openapi/parser.go:734.2,734.10 1 1
github.com/sailpoint-oss/telescope/server/openapi/parser.go:737.70,752.17 3 1
github.com/sailpoint-oss/telescope/server/openapi/parser.go:752.17,754.3 1 0
github.com/sailpoint-oss/telescope/server/openapi/parser.go:755.2,755.57 1 1
github.com/sailpoint-oss/telescope/server/openapi/parser.go:755.57,756.26 1 1
github.com/sailpoint-oss/telescope/server/openapi/parser.go:757.18,759.20 2 1
github.com/sailpoint-oss/telescope/server/openapi/parser.go:759.20,760.55 1 1
github.com/sailpoint-oss/telescope/server/openapi/parser.go:760.55,765.6 4 1
github.com/sailpoint-oss/telescope/server/openapi/parser.go:767.20,769.20 2 0
github.com/sailpoint-oss/telescope/server/openapi/parser.go:769.20,770.55 1 0
github.com/sailpoint-oss/telescope/server/openapi/parser.go:770.55,776.6 5 0
github.com/sailpoint-oss/telescope/server/openapi/parser.go:778.21,780.20 2 0
github.com/sailpoint-oss/telescope/server/openapi/parser.go:780.20,781.55 1 0
github.com/sailpoint-oss/telescope/server/openapi/parser.go:781.55,786.6 4 0
github.com/sailpoint-oss/telescope/server/openapi/parser.go:788.19,790.20 2 0
github.com/sailpoint-oss/telescope/server/openapi/parser.go:790.20,791.55 1 0
github.com/sailpoint-oss/telescope/server/openapi/parser.go:791.55,796.6 4 0
github.com/sailpoint-oss/telescope/server/openapi/parser.go:798.24,800.20 2 1
github.com/sailpoint-oss/telescope/server/openapi/parser.go:800.20,801.55 1 1
github.com/sailpoint-oss/telescope/server/openapi/parser.go:801.55,806.6 4 1
github.com/sailpoint-oss/telescope/server/openapi/parser.go:808.18,810.21 2 1
github.com/sailpoint-oss/telescope/server/openapi/parser.go:810.21,811.56 1 1
github.com/sailpoint-oss/telescope/server/openapi/parser.go:811.56,814.22 3 1
github.com/sailpoint-oss/telescope/server/openapi/parser.go:814.22,815.59 1 1
github.com/sailpoint-oss/telescope/server/openapi/parser.go:815.59,816.30 1 1
github.com/sailpoint-oss/telescope/server/openapi/parser.go:817.27,818.47 1 0
github.com/sailpoint-oss/telescope/server/openapi/parser.go:819.24,820.46 1 0
github.com/sailpoint-oss/telescope/server/openapi/parser.go:821.22,822.41 1 1
github.com/sailpoint-oss/telescope/server/openapi/parser.go:823.20,824.40 1 0
github.com/sailpoint-oss/telescope/server/openapi/parser.go:828.6,829.43 2 1
github.com/sailpoint-oss/telescope/server/openapi/parser.go:832.26,834.20 2 1
github.com/sailpoint-oss/telescope/server/openapi/parser.go:834.20,835.55 1 1
github.com/sailpoint-oss/telescope/server/openapi/parser.go:835.55,840.6 4 1
github.com/sailpoint-oss/telescope/server/openapi/parser.go:842.16,844.20 2 1
github.com/sailpoint-oss/telescope/server/openapi/parser.go:844.20,845.55 1 1
github.com/sailpoint-oss/telescope/server/openapi/parser.go:845.55,850.6 4 1
github.com/sailpoint-oss/telescope/server/openapi/parser.go:852.20,854.20 2 1
github.com/sailpoint-oss/telescope/server/openapi/parser.go:854.20,855.55 1 1
github.com/sailpoint-oss/telescope/server/openapi/parser.go:855.55,858.19 3 1
github.com/sailpoint-oss/telescope/server/openapi/parser.go:858.19,859.56 1 1
github.com/sailpoint-oss/telescope/server/openapi/parser.go:859.56,861.8 1 1
github.com/sailpoint-oss/telescope/server/openapi/parser.go:863.6,863.47 1 1
github.com/sailpoint-oss/telescope/server/openapi/parser.go:866.20,868.20 2 0
github.com/sailpoint-oss/telescope/server/openapi/parser.go:868.20,869.55 1 0
github.com/sailpoint-oss/telescope/server/openapi/parser.go:869.55,871.6 1 0
github.com/sailpoint-oss/telescope/server/openapi/parser.go:875.2,875.10 1 1
github.com/sailpoint-oss/telescope/server/openapi/parser.go:878.78,884.17 3 1
github.com/sailpoint-oss/telescope/server/openapi/parser.go:884.17,886.3 1 0
github.com/sailpoint-oss/telescope/server/openapi/parser.go:887.2,887.57 1 1
github.com/sailpoint-oss/telescope/server/openapi/parser.go:887.57,889.12 2 1
github.com/sailpoint-oss/telescope/server/openapi/parser.go:890.15,891.40 1 1
github.com/sailpoint-oss/telescope/server/openapi/parser.go:892.22,893.46 1 0
github.com/sailpoint-oss/telescope/server/openapi/parser.go:894.15,895.40 1 0
github.com/sailpoint-oss/telescope/server/openapi/parser.go:896.13,897.38 1 0
github.com/sailpoint-oss/telescope/server/openapi/parser.go:898.17,899.42 1 1
github.com/sailpoint-oss/telescope/server/openapi/parser.go:900.23,901.48 1 0
github.com/sailpoint-oss/telescope/server/openapi/parser.go:902.16,903.39 1 1
github.com/sailpoint-oss/telescope/server/openapi/parser.go:904.27,905.52 1 0
github.com/sailpoint-oss/telescope/server/openapi/parser.go:906.15,907.39 1 0
github.com/sailpoint-oss/telescope/server/openapi/parser.go:908.11,909.34 1 0
github.com/sailpoint-oss/telescope/server/openapi/parser.go:909.34,911.5 1 0
github.com/sailpoint-oss/telescope/server/openapi/parser.go:914.2,914.11 1 1
github.com/sailpoint-oss/telescope/server/openapi/parser.go:917.70,920.17 3 1
github.com/sailpoint-oss/telescope/server/openapi/parser.go:920.17,922.3 1 0
github.com/sailpoint-oss/telescope/server/openapi/parser.go:923.2,923.57 1 1
github.com/sailpoint-oss/telescope/server/openapi/parser.go:923.57,924.26 1 1
github.com/sailpoint-oss/telescope/server/openapi/parser.go:925.19,926.44 1 1
github.com/sailpoint-oss/telescope/server/openapi/parser.go:927.19,928.44 1 1
github.com/sailpoint-oss/telescope/server/openapi/parser.go:929.28,930.53 1 1
github.com/sailpoint-oss/telescope/server/openapi/parser.go:931.28,932.53 1 1
github.com/sailpoint-oss/telescope/server/openapi/parser.go:935.2,935.14 1 1
github.com/sailpoint-oss/telescope/server/openapi/parser.go:938.68,941.17 3 1
github.com/sailpoint-oss/telescope/server/openapi/parser.go:941.17,943.3 1 0
github.com/sailpoint-oss/telescope/server/openapi/parser.go:944.2,944.57 1 1
github.com/sailpoint-oss/telescope/server/openapi/parser.go:944.57,945.26 1 1
github.com/sailpoint-oss/telescope/server/openapi/parser.go:946.27,948.48 2 1
github.com/sailpoint-oss/telescope/server/openapi/parser.go:949.19,951.40 2 1
github.com/sailpoint-oss/telescope/server/openapi/parser.go:952.21,953.45 1 1
github.com/sailpoint-oss/telescope/server/openapi/parser.go:954.17,956.69 2 1
github.com/sailpoint-oss/telescope/server/openapi/parser.go:956.69,958.5 1 1
github.com/sailpoint-oss/telescope/server/openapi/parser.go:961.2,961.10 1 1
github.com/sailpoint-oss/telescope/server/openapi/parser.go:964.90,966.17 2 1
github.com/sailpoint-oss/telescope/server/openapi/parser.go:966.17,968.3 1 0
github.com/sailpoint-oss/telescope/server/openapi/parser.go:969.2,970.52 2 1
github.com/sailpoint-oss/telescope/server/openapi/parser.go:970.52,973.19 3 1
github.com/sailpoint-oss/telescope/server/openapi/parser.go:973.19,974.60 1 1
github.com/sailpoint-oss/telescope/server/openapi/parser.go:974.60,977.68 3 1
github.com/sailpoint-oss/telescope/server/openapi/parser.go:977.68,979.6 1 1
github.com/sailpoint-oss/telescope/server/openapi/parser.go:980.5,984.7 1 1
github.com/sailpoint-oss/telescope/server/openapi/parser.go:987.3,987.27 1 1
github.com/sailpoint-oss/telescope/server/openapi/parser.go:989.2,989.13 1 1
github.com/sailpoint-oss/telescope/server/openapi/parser.go:992.58,994.17 2 1
github.com/sailpoint-oss/telescope/server/openapi/parser.go:994.17,996.3 1 0
github.com/sailpoint-oss/telescope/server/openapi/parser.go:997.2,998.52 2 1
github.com/sailpoint-oss/telescope/server/openapi/parser.go:998.52,1004.18 3 1
github.com/sailpoint-oss/telescope/server/openapi/parser.go:1004.18,1005.59 1 1
github.com/sailpoint-oss/telescope/server/openapi/parser.go:1005.59,1007.14 2 1
github.com/sailpoint-oss/telescope/server/openapi/parser.go:1008.17,1010.38 2 1
github.com/sailpoint-oss/telescope/server/openapi/parser.go:1011.24,1012.47 1 1
github.com/sailpoint-oss/telescope/server/openapi/parser.go:1013.25,1014.49 1 1
github.com/sailpoint-oss/telescope/server/openapi/parser.go:1015.13,1016.36 1 0
github.com/sailpoint-oss/telescope/server/openapi/parser.go:1016.36,1018.7 1 0
github.com/sailpoint-oss/telescope/server/openapi/parser.go:1022.3,1022.25 1 1
github.com/sailpoint-oss/telescope/server/openapi/parser.go:1024.2,1024.13 1 1
github.com/sailpoint-oss/telescope/server/openapi/parser.go:1027.74,1030.17 3 1
github.com/sailpoint-oss/telescope/server/openapi/parser.go:1030.17,1032.3 1 0
github.com/sailpoint-oss/telescope/server/openapi/parser.go:1033.2,1033.57 1 1
github.com/sailpoint-oss/telescope/server/openapi/parser.go:1033.57,1034.26 1 1
github.com/sailpoint-oss/telescope/server/openapi/parser.go:1035.22,1036.46 1 1
github.com/sailpoint-oss/telescope/server/openapi/parser.go:1037.14,1039.36 2 1
github.com/sailpoint-oss/telescope/server/openapi/parser.go:1042.2,1042.11 1 1
github.com/sailpoint-oss/telescope/server/openapi/parser.go:1045.78,1047.17 2 1
github.com/sailpoint-oss/telescope/server/openapi/parser.go:1047.17,1049.3 1 0
github.com/sailpoint-oss/telescope/server/openapi/parser.go:1050.2,1051.57 2 1
github.com/sailpoint-oss/telescope/server/openapi/parser.go:1051.57,1053.3 1 1
github.com/sailpoint-oss/telescope/server/openapi/parser.go:1054.2,1054.17 1 1
github.com/sailpoint-oss/telescope/server/openapi/parser.go:1057.64,1060.17 3 1
github.com/sailpoint-oss/telescope/server/openapi/parser.go:1060.17,1062.3 1 0
github.com/sailpoint-oss/telescope/server/openapi/parser.go:1063.2,1063.57 1 1
github.com/sailpoint-oss/telescope/server/openapi/parser.go:1063.57,1064.26 1 1
github.com/sailpoint-oss/telescope/server/openapi/parser.go:1065.18,1066.43 1 1
github.com/sailpoint-oss/telescope/server/openapi/parser.go:1067.22,1068.46 1 0
github.com/sailpoint-oss/telescope/server/openapi/parser.go:1069.16,1070.89 1 1
github.com/sailpoint-oss/telescope/server/openapi/parser.go:1071.24,1072.49 1 0
github.com/sailpoint-oss/telescope/server/openapi/parser.go:1073.15,1074.39 1 0
github.com/sailpoint-oss/telescope/server/openapi/parser.go:1077.2,1077.11 1 1
github.com/sailpoint-oss/telescope/server/openapi/parser.go:1080.58,1083.17 3 1
github.com/sailpoint-oss/telescope/server/openapi/parser.go:1083.17,1085.3 1 0
github.com/sailpoint-oss/telescope/server/openapi/parser.go:1086.2,1086.57 1 1
github.com/sailpoint-oss/telescope/server/openapi/parser.go:1086.57,1087.26 1 1
github.com/sailpoint-oss/telescope/server/openapi/parser.go:1088.23,1089.47 1 1
github.com/sailpoint-oss/telescope/server/openapi/parser.go:1090.22,1092.43 2 1
github.com/sailpoint-oss/telescope/server/openapi/parser.go:1093.22,1094.45 1 1
github.com/sailpoint-oss/telescope/server/openapi/parser.go:1095.15,1096.38 1 1
github.com/sailpoint-oss/telescope/server/openapi/parser.go:1099.2,1099.10 1 1
github.com/sailpoint-oss/telescope/server/openapi/parser.go:1103.93,1104.17 1 1
github.com/sailpoint-oss/telescope/server/openapi/parser.go:1104.17,1106.3 1 0
github.com/sailpoint-oss/telescope/server/openapi/parser.go:1108.2,1109.9 2 1
github.com/sailpoint-oss/telescope/server/openapi/parser.go:1110.85,1111.48 1 1
github.com/sailpoint-oss/telescope/server/openapi/parser.go:1111.48,1113.20 2 1
github.com/sailpoint-oss/telescope/server/openapi/parser.go:1113.20,1114.13 1 0
github.com/sailpoint-oss/telescope/server/openapi/parser.go:1116.4,1117.55 2 1
github.com/sailpoint-oss/telescope/server/openapi/parser.go:1117.55,1120.43 3 1
github.com/sailpoint-oss/telescope/server/openapi/parser.go:1120.43,1122.6 1 1
github.com/sailpoint-oss/telescope/server/openapi/parser.go:1126.50,1127.48 1 1
github.com/sailpoint-oss/telescope/server/openapi/parser.go:1127.48,1129.46 2 1
github.com/sailpoint-oss/telescope/server/openapi/parser.go:1129.46,1130.13 1 1
github.com/sailpoint-oss/telescope/server/openapi/parser.go:1132.4,1134.42 3 1
github.com/sailpoint-oss/telescope/server/openapi/parser.go:1134.42,1136.5 1 1
github.com/sailpoint-oss/telescope/server/openapi/parser.go:1139.10,1141.48 1 1
github.com/sailpoint-oss/telescope/server/openapi/parser.go:1141.48,1143.20 2 0
github.com/sailpoint-oss/telescope/server/openapi/parser.go:1143.20,1144.13 1 0
github.com/sailpoint-oss/telescope/server/openapi/parser.go:1146.4,1147.71 2 0
github.com/sailpoint-oss/telescope/server/openapi/parser.go:1147.71,1150.5 2 0
github.com/sailpoint-oss/telescope/server/openapi/parser.go:1156.88,1157.17 1 1
github.com/sailpoint-oss/telescope/server/openapi/parser.go:1157.17,1159.3 1 0
github.com/sailpoint-oss/telescope/server/openapi/parser.go:1161.2,1162.9 2 1
github.com/sailpoint-oss/telescope/server/openapi/parser.go:1163.87,1164.48 1 1
github.com/sailpoint-oss/telescope/server/openapi/parser.go:1164.48,1166.20 2 1
github.com/sailpoint-oss/telescope/server/openapi/parser.go:1166.20,1167.13 1 0
github.com/sailpoint-oss/telescope/server/openapi/parser.go:1169.4,1169.45 1 1
github.com/sailpoint-oss/telescope/server/openapi/parser.go:1169.45,1170.51 1 1
github.com/sailpoint-oss/telescope/server/openapi/parser.go:1170.51,1172.45 2 1
github.com/sailpoint-oss/telescope/server/openapi/parser.go:1172.45,1174.12 2 1
github.com/sailpoint-oss/telescope/server/openapi/parser.go:1177.10,1177.30 1 1
github.com/sailpoint-oss/telescope/server/openapi/parser.go:1177.30,1179.5 1 1
github.com/sailpoint-oss/telescope/server/openapi/parser.go:1182.49,1183.48 1 0
github.com/sailpoint-oss/telescope/server/openapi/parser.go:1183.48,1185.39 2 0
github.com/sailpoint-oss/telescope/server/openapi/parser.go:1185.39,1187.5 1 0
github.com/sailpoint-oss/telescope/server/openapi/parser.go:1190.10,1191.48 1 1
github.com/sailpoint-oss/telescope/server/openapi/parser.go:1191.48,1193.20 2 1
github.com/sailpoint-oss/telescope/server/openapi/parser.go:1193.20,1194.13 1 0
github.com/sailpoint-oss/telescope/server/openapi/parser.go:1196.4,1197.72 2 1
github.com/sailpoint-oss/telescope/server/openapi/parser.go:1197.72,1200.5 2 1
github.com/sailpoint-oss/telescope/server/openapi/parser.go:1207.72,1208.17 1 1
github.com/sailpoint-oss/telescope/server/openapi/parser.go:1208.17,1210.3 1 0
github.com/sailpoint-oss/telescope/server/openapi/parser.go:1211.2,1211.6 1 1
github.com/sailpoint-oss/telescope/server/openapi/parser.go:1211.6,1213.72 2 1
github.com/sailpoint-oss/telescope/server/openapi/parser.go:1213.72,1214.29 1 1
github.com/sailpoint-oss/telescope/server/openapi/parser.go:1214.29,1216.21 2 1
github.com/sailpoint-oss/telescope/server/openapi/parser.go:1216.21,1218.14 2 1
github.com/sailpoint-oss/telescope/server/openapi/parser.go:1222.3,1222.14 1 1
github.com/sailpoint-oss/telescope/server/openapi/parser.go:1227.73,1228.17 1 1
github.com/sailpoint-oss/telescope/server/openapi/parser.go:1228.17,1230.3 1 0
github.com/sailpoint-oss/telescope/server/openapi/parser.go:1232.2,1232.47 1 1
github.com/sailpoint-oss/telescope/server/openapi/parser.go:1232.47,1234.19 2 1
github.com/sailpoint-oss/telescope/server/openapi/parser.go:1234.19,1235.12 1 0
github.com/sailpoint-oss/telescope/server/openapi/parser.go:1237.3,1237.33 1 1
github.com/sailpoint-oss/telescope/server/openapi/parser.go:1237.33,1239.4 1 1
github.com/sailpoint-oss/telescope/server/openapi/parser.go:1241.2,1241.28 1 1
github.com/sailpoint-oss/telescope/server/openapi/parser.go:1245.73,1246.17 1 1
github.com/sailpoint-oss/telescope/server/openapi/parser.go:1246.17,1248.3 1 0
github.com/sailpoint-oss/telescope/server/openapi/parser.go:1250.2,1250.47 1 1
github.com/sailpoint-oss/telescope/server/openapi/parser.go:1250.47,1252.47 2 1
github.com/sailpoint-oss/telescope/server/openapi/parser.go:1252.47,1254.4 1 1
github.com/sailpoint-oss/telescope/server/openapi/parser.go:1256.2,1256.12 1 0
github.com/sailpoint-oss/telescope/server/openapi/parser.go:1259.58,1261.2 1 1
github.com/sailpoint-oss/telescope/server/openapi/parser.go:1264.31,1266.17 2 1
[...]
github.com/sailpoint-oss/telescope/server/lsp/server.go:930.29,931.13 1 1
github.com/sailpoint-oss/telescope/server/lsp/server.go:933.4,939.6 1 1
github.com/sailpoint-oss/telescope/server/lsp/server.go:942.2,942.14 1 1
github.com/sailpoint-oss/telescope/server/lsp/server.go:955.101,959.17 4 1
github.com/sailpoint-oss/telescope/server/lsp/server.go:959.17,961.3 1 0
github.com/sailpoint-oss/telescope/server/lsp/server.go:962.2,969.4 1 1
github.com/sailpoint-oss/telescope/server/lsp/symbols.go:15.72,16.40 1 1
github.com/sailpoint-oss/telescope/server/lsp/symbols.go:16.40,18.3 1 1
github.com/sailpoint-oss/telescope/server/lsp/symbols.go:19.2,19.18 1 1
github.com/sailpoint-oss/telescope/server/lsp/symbols.go:22.54,23.46 1 1
github.com/sailpoint-oss/telescope/server/lsp/symbols.go:23.46,25.3 1 1
github.com/sailpoint-oss/telescope/server/lsp/symbols.go:26.2,26.42 1 1
github.com/sailpoint-oss/telescope/server/lsp/symbols.go:26.42,28.3 1 1
github.com/sailpoint-oss/telescope/server/lsp/symbols.go:29.2,29.13 1 1
github.com/sailpoint-oss/telescope/server/lsp/symbols.go:32.50,34.2 1 1
github.com/sailpoint-oss/telescope/server/lsp/symbols.go:37.95,38.109 1 1
github.com/sailpoint-oss/telescope/server/lsp/symbols.go:38.109,40.37 2 1
github.com/sailpoint-oss/telescope/server/lsp/symbols.go:40.37,44.4 1 0
github.com/sailpoint-oss/telescope/server/lsp/symbols.go:46.3,49.31 2 1
github.com/sailpoint-oss/telescope/server/lsp/symbols.go:49.31,52.19 3 1
github.com/sailpoint-oss/telescope/server/lsp/symbols.go:52.19,54.5 1 0
github.com/sailpoint-oss/telescope/server/lsp/symbols.go:55.4,56.26 2 1
github.com/sailpoint-oss/telescope/server/lsp/symbols.go:56.26,58.5 1 1
github.com/sailpoint-oss/telescope/server/lsp/symbols.go:59.4,65.6 1 1
github.com/sailpoint-oss/telescope/server/lsp/symbols.go:69.3,69.34 1 1
github.com/sailpoint-oss/telescope/server/lsp/symbols.go:69.34,71.47 2 1
github.com/sailpoint-oss/telescope/server/lsp/symbols.go:71.47,78.42 2 1
github.com/sailpoint-oss/telescope/server/lsp/symbols.go:78.42,80.40 2 1
github.com/sailpoint-oss/telescope/server/lsp/symbols.go:80.40,82.7 1 1
github.com/sailpoint-oss/telescope/server/lsp/symbols.go:83.6,88.8 1 1
github.com/sailpoint-oss/telescope/server/lsp/symbols.go:90.5,90.52 1 1
github.com/sailpoint-oss/telescope/server/lsp/symbols.go:92.4,98.6 1 1
github.com/sailpoint-oss/telescope/server/lsp/symbols.go:101.3,101.37 1 1
github.com/sailpoint-oss/telescope/server/lsp/symbols.go:101.37,103.4 1 0
github.com/sailpoint-oss/telescope/server/lsp/symbols.go:104.3,107.28 2 1
github.com/sailpoint-oss/telescope/server/lsp/symbols.go:107.28,109.43 2 1
github.com/sailpoint-oss/telescope/server/lsp/symbols.go:109.43,117.5 1 1
github.com/sailpoint-oss/telescope/server/lsp/symbols.go:118.4,118.111 1 1
github.com/sailpoint-oss/telescope/server/lsp/symbols.go:122.3,122.31 1 1
github.com/sailpoint-oss/telescope/server/lsp/symbols.go:122.31,124.45 2 0
github.com/sailpoint-oss/telescope/server/lsp/symbols.go:124.45,126.23 2 0
github.com/sailpoint-oss/telescope/server/lsp/symbols.go:126.23,128.6 1 0
github.com/sailpoint-oss/telescope/server/lsp/symbols.go:129.5,135.7 1 0
github.com/sailpoint-oss/telescope/server/lsp/symbols.go:137.4,137.114 1 0
github.com/sailpoint-oss/telescope/server/lsp/symbols.go:141.3,141.30 1 1
github.com/sailpoint-oss/telescope/server/lsp/symbols.go:141.30,143.43 2 0
github.com/sailpoint-oss/telescope/server/lsp/symbols.go:143.43,151.5 1 0
github.com/sailpoint-oss/telescope/server/lsp/symbols.go:152.4,152.113 1 0
github.com/sailpoint-oss/telescope/server/lsp/symbols.go:156.3,156.34 1 1
github.com/sailpoint-oss/telescope/server/lsp/symbols.go:156.34,158.45 2 0
github.com/sailpoint-oss/telescope/server/lsp/symbols.go:158.45,166.5 1 0
github.com/sailpoint-oss/telescope/server/lsp/symbols.go:167.4,167.117 1 0
github.com/sailpoint-oss/telescope/server/lsp/symbols.go:171.3,171.28 1 1
github.com/sailpoint-oss/telescope/server/lsp/symbols.go:171.28,173.40 2 0
github.com/sailpoint-oss/telescope/server/lsp/symbols.go:173.40,181.5 1 0
github.com/sailpoint-oss/telescope/server/lsp/symbols.go:182.4,182.111 1 0
github.com/sailpoint-oss/telescope/server/lsp/symbols.go:186.3,186.36 1 1
github.com/sailpoint-oss/telescope/server/lsp/symbols.go:186.36,188.47 2 1
github.com/sailpoint-oss/telescope/server/lsp/symbols.go:188.47,196.5 1 1
github.com/sailpoint-oss/telescope/server/lsp/symbols.go:197.4,197.119 1 1
github.com/sailpoint-oss/telescope/server/lsp/symbols.go:201.3,201.26 1 1
github.com/sailpoint-oss/telescope/server/lsp/symbols.go:201.26,203.39 2 0
github.com/sailpoint-oss/telescope/server/lsp/symbols.go:203.39,211.5 1 0
github.com/sailpoint-oss/telescope/server/lsp/symbols.go:212.4,212.109 1 0
github.com/sailpoint-oss/telescope/server/lsp/symbols.go:216.3,216.30 1 1
github.com/sailpoint-oss/telescope/server/lsp/symbols.go:216.30,218.41 2 0
github.com/sailpoint-oss/telescope/server/lsp/symbols.go:218.41,226.5 2 0
github.com/sailpoint-oss/telescope/server/lsp/symbols.go:227.4,227.113 1 0
github.com/sailpoint-oss/telescope/server/lsp/symbols.go:230.3,230.45 1 1
github.com/sailpoint-oss/telescope/server/lsp/symbols.go:234.104,235.24 1 1
github.com/sailpoint-oss/telescope/server/lsp/symbols.go:235.24,237.3 1 0
github.com/sailpoint-oss/telescope/server/lsp/symbols.go:238.2,239.40 2 1
github.com/sailpoint-oss/telescope/server/lsp/symbols.go:239.40,247.3 1 1
github.com/sailpoint-oss/telescope/server/lsp/symbols.go:248.2,255.16 2 1
github.com/sailpoint-oss/telescope/server/lsp/symbols.go:258.128,266.2 1 1
github.com/sailpoint-oss/telescope/server/lsp/symbols.go:268.56,269.26 1 1
github.com/sailpoint-oss/telescope/server/lsp/symbols.go:269.26,270.18 1 1
github.com/sailpoint-oss/telescope/server/lsp/symbols.go:270.18,272.4 1 1
github.com/sailpoint-oss/telescope/server/lsp/symbols.go:274.2,274.25 1 1
github.com/sailpoint-oss/telescope/server/lsp/symbols.go:277.41,278.19 1 1
github.com/sailpoint-oss/telescope/server/lsp/symbols.go:278.19,280.3 1 1
github.com/sailpoint-oss/telescope/server/lsp/symbols.go:281.2,281.26 1 1
github.com/sailpoint-oss/telescope/server/lsp/type_definition.go:19.139,20.103 1 1
github.com/sailpoint-oss/telescope/server/lsp/type_definition.go:20.103,24.26 4 1
github.com/sailpoint-oss/telescope/server/lsp/type_definition.go:24.26,26.4 1 0
github.com/sailpoint-oss/telescope/server/lsp/type_definition.go:27.3,28.17 2 1
github.com/sailpoint-oss/telescope/server/lsp/type_definition.go:28.17,29.21 1 0
github.com/sailpoint-oss/telescope/server/lsp/type_definition.go:29.21,31.5 1 0
github.com/sailpoint-oss/telescope/server/lsp/type_definition.go:32.4,32.19 1 0
github.com/sailpoint-oss/telescope/server/lsp/type_definition.go:35.3,36.17 2 1
github.com/sailpoint-oss/telescope/server/lsp/type_definition.go:36.17,38.4 1 0
github.com/sailpoint-oss/telescope/server/lsp/type_definition.go:40.3,43.37 2 1
github.com/sailpoint-oss/telescope/server/lsp/type_definition.go:43.37,45.23 2 1
github.com/sailpoint-oss/telescope/server/lsp/type_definition.go:45.23,46.58 1 1
github.com/sailpoint-oss/telescope/server/lsp/type_definition.go:46.58,47.52 1 1
github.com/sailpoint-oss/telescope/server/lsp/type_definition.go:47.52,48.24 1 1
github.com/sailpoint-oss/telescope/server/lsp/type_definition.go:48.24,53.8 1 0
github.com/sailpoint-oss/telescope/server/lsp/type_definition.go:54.7,54.84 1 1
github.com/sailpoint-oss/telescope/server/lsp/type_definition.go:57.5,57.84 1 0
github.com/sailpoint-oss/telescope/server/lsp/type_definition.go:57.84,58.23 1 0
github.com/sailpoint-oss/telescope/server/lsp/type_definition.go:58.23,64.7 1 0
github.com/sailpoint-oss/telescope/server/lsp/type_definition.go:65.6,65.43 1 0
github.com/sailpoint-oss/telescope/server/lsp/type_definition.go:68.5,68.23 1 0
github.com/sailpoint-oss/telescope/server/lsp/type_definition.go:68.23,70.6 1 0
github.com/sailpoint-oss/telescope/server/lsp/type_definition.go:71.5,71.75 1 0
github.com/sailpoint-oss/telescope/server/lsp/type_definition.go:71.75,72.23 1 0
github.com/sailpoint-oss/telescope/server/lsp/type_definition.go:72.23,78.7 1 0
github.com/sailpoint-oss/telescope/server/lsp/type_definition.go:79.6,79.43 1 0
github.com/sailpoint-oss/telescope/server/lsp/type_definition.go:85.3,85.43 1 0
github.com/sailpoint-oss/telescope/server/lsp/type_definition.go:85.43,86.41 1 0
github.com/sailpoint-oss/telescope/server/lsp/type_definition.go:86.41,87.47 1 0
github.com/sailpoint-oss/telescope/server/lsp/type_definition.go:87.47,88.86 1 0
github.com/sailpoint-oss/telescope/server/lsp/type_definition.go:88.86,89.15 1 0
github.com/sailpoint-oss/telescope/server/lsp/type_definition.go:91.6,91.25 1 0
github.com/sailpoint-oss/telescope/server/lsp/type_definition.go:91.25,92.29 1 0
github.com/sailpoint-oss/telescope/server/lsp/type_definition.go:92.29,94.8 1 0
github.com/sailpoint-oss/telescope/server/lsp/type_definition.go:95.7,95.66 1 0
github.com/sailpoint-oss/telescope/server/lsp/type_definition.go:95.66,97.8 1 0
github.com/sailpoint-oss/telescope/server/lsp/type_definition.go:102.5,102.49 1 0
github.com/sailpoint-oss/telescope/server/lsp/type_definition.go:102.49,103.21 1 0
github.com/sailpoint-oss/telescope/server/lsp/type_definition.go:103.21,104.15 1 0
github.com/sailpoint-oss/telescope/server/lsp/type_definition.go:106.6,106.41 1 0
github.com/sailpoint-oss/telescope/server/lsp/type_definition.go:106.41,107.46 1 0
github.com/sailpoint-oss/telescope/server/lsp/type_definition.go:107.46,108.16 1 0
github.com/sailpoint-oss/telescope/server/lsp/type_definition.go:110.7,110.98 1 0
github.com/sailpoint-oss/telescope/server/lsp/type_definition.go:110.98,111.16 1 0
github.com/sailpoint-oss/telescope/server/lsp/type_definition.go:113.7,113.33 1 0
github.com/sailpoint-oss/telescope/server/lsp/type_definition.go:113.33,115.8 1 0
github.com/sailpoint-oss/telescope/server/lsp/type_definition.go:116.7,116.70 1 0
github.com/sailpoint-oss/telescope/server/lsp/type_definition.go:116.70,118.8 1 0
github.com/sailpoint-oss/telescope/server/lsp/type_definition.go:125.3,125.37 1 0
github.com/sailpoint-oss/telescope/server/lsp/type_definition.go:125.37,126.59 1 0
github.com/sailpoint-oss/telescope/server/lsp/type_definition.go:126.59,127.44 1 0
github.com/sailpoint-oss/telescope/server/lsp/type_definition.go:127.44,128.89 1 0
github.com/sailpoint-oss/telescope/server/lsp/type_definition.go:128.89,129.15 1 0
github.com/sailpoint-oss/telescope/server/lsp/type_definition.go:131.6,131.24 1 0
github.com/sailpoint-oss/telescope/server/lsp/type_definition.go:131.24,133.7 1 0
github.com/sailpoint-oss/telescope/server/lsp/type_definition.go:134.6,134.61 1 0
github.com/sailpoint-oss/telescope/server/lsp/type_definition.go:134.61,136.7 1 0
github.com/sailpoint-oss/telescope/server/lsp/type_definition.go:141.3,141.18 1 0
github.com/sailpoint-oss/telescope/server/lsp/type_definition.go:145.194,146.22 1 1
github.com/sailpoint-oss/telescope/server/lsp/type_definition.go:146.22,148.3 1 0
github.com/sailpoint-oss/telescope/server/lsp/type_definition.go:149.2,149.59 1 1
github.com/sailpoint-oss/telescope/server/lsp/type_definition.go:149.59,151.3 1 1
github.com/sailpoint-oss/telescope/server/lsp/type_definition.go:152.2,152.12 1 0
github.com/sailpoint-oss/telescope/server/lsp/type_definition.go:155.180,156.49 1 0
github.com/sailpoint-oss/telescope/server/lsp/type_definition.go:156.49,157.96 1 0
github.com/sailpoint-oss/telescope/server/lsp/type_definition.go:157.96,159.4 1 0
github.com/sailpoint-oss/telescope/server/lsp/type_definition.go:161.2,161.75 1 0
github.com/sailpoint-oss/telescope/server/lsp/type_definition.go:161.75,163.3 1 0
github.com/sailpoint-oss/telescope/server/lsp/type_definition.go:164.2,164.20 1 0
github.com/sailpoint-oss/telescope/server/lsp/type_definition.go:164.20,166.3 1 0
github.com/sailpoint-oss/telescope/server/lsp/type_definition.go:167.2,167.66 1 0
github.com/sailpoint-oss/telescope/server/lsp/type_definition.go:167.66,169.3 1 0
github.com/sailpoint-oss/telescope/server/lsp/type_definition.go:170.2,170.12 1 0
github.com/sailpoint-oss/telescope/server/lsp/type_definition.go:173.137,174.40 1 0
github.com/sailpoint-oss/telescope/server/lsp/type_definition.go:174.40,176.3 1 0
github.com/sailpoint-oss/telescope/server/lsp/type_definition.go:177.2,178.33 2 0
github.com/sailpoint-oss/telescope/server/lsp/type_definition.go:178.33,180.3 1 0
github.com/sailpoint-oss/telescope/server/lsp/type_definition.go:181.2,181.105 1 0
github.com/sailpoint-oss/telescope/server/lsp/type_definition.go:181.105,184.3 2 0
github.com/sailpoint-oss/telescope/server/lsp/type_definition.go:185.2,185.46 1 0
github.com/sailpoint-oss/telescope/server/lsp/type_definition.go:190.112,191.20 1 0
github.com/sailpoint-oss/telescope/server/lsp/type_definition.go:191.20,193.3 1 0
github.com/sailpoint-oss/telescope/server/lsp/type_definition.go:194.2,195.17 2 0
github.com/sailpoint-oss/telescope/server/lsp/type_definition.go:195.17,197.3 1 0
github.com/sailpoint-oss/telescope/server/lsp/type_definition.go:198.2,199.21 2 0
github.com/sailpoint-oss/telescope/server/lsp/type_definition.go:199.21,201.3 1 0
github.com/sailpoint-oss/telescope/server/lsp/type_definition.go:202.2,203.16 2 0
github.com/sailpoint-oss/telescope/server/lsp/type_definition.go:203.16,205.3 1 0
github.com/sailpoint-oss/telescope/server/lsp/type_definition.go:206.2,207.101 2 0
github.com/sailpoint-oss/telescope/server/lsp/type_definition.go:207.101,210.3 2 0
github.com/sailpoint-oss/telescope/server/lsp/type_definition.go:211.2,211.52 1 0
github.com/sailpoint-oss/telescope/server/lsp/type_definition.go:214.52,216.2 1 1
github.com/sailpoint-oss/telescope/server/lsp/watched_files.go:18.193,19.87 1 1
github.com/sailpoint-oss/telescope/server/lsp/watched_files.go:19.87,21.20 2 0
github.com/sailpoint-oss/telescope/server/lsp/watched_files.go:21.20,25.4 1 0
github.com/sailpoint-oss/telescope/server/lsp/watched_files.go:26.3,27.41 2 0
github.com/sailpoint-oss/telescope/server/lsp/watched_files.go:27.41,29.21 2 0
github.com/sailpoint-oss/telescope/server/lsp/watched_files.go:29.21,35.5 1 0
github.com/sailpoint-oss/telescope/server/lsp/watched_files.go:36.4,36.27 1 0
github.com/sailpoint-oss/telescope/server/lsp/watched_files.go:36.27,38.10 2 0
github.com/sailpoint-oss/telescope/server/lsp/watched_files.go:41.3,41.18 1 0
github.com/sailpoint-oss/telescope/server/lsp/watched_files.go:41.18,43.41 2 0
github.com/sailpoint-oss/telescope/server/lsp/watched_files.go:43.41,45.5 1 0
github.com/sailpoint-oss/telescope/server/lsp/watched_files.go:50.3,50.41 1 0
github.com/sailpoint-oss/telescope/server/lsp/watched_files.go:50.41,52.30 2 0
github.com/sailpoint-oss/telescope/server/lsp/watched_files.go:52.30,53.13 1 0
github.com/sailpoint-oss/telescope/server/lsp/watched_files.go:55.4,57.23 2 0
github.com/sailpoint-oss/telescope/server/lsp/watched_files.go:58.30,59.22 1 0
github.com/sailpoint-oss/telescope/server/lsp/watched_files.go:59.22,64.6 1 0
github.com/sailpoint-oss/telescope/server/lsp/watched_files.go:65.5,65.26 1 0
github.com/sailpoint-oss/telescope/server/lsp/watched_files.go:65.26,66.114 1 0
github.com/sailpoint-oss/telescope/server/lsp/watched_files.go:66.114,68.7 1 0
github.com/sailpoint-oss/telescope/server/lsp/watched_files.go:70.5,70.35 1 0
github.com/sailpoint-oss/telescope/server/lsp/watched_files.go:71.30,72.22 1 0
github.com/sailpoint-oss/telescope/server/lsp/watched_files.go:72.22,77.6 1 0
github.com/sailpoint-oss/telescope/server/lsp/watched_files.go:78.5,78.45 1 0
github.com/sailpoint-oss/telescope/server/lsp/watched_files.go:78.45,79.26 1 0
github.com/sailpoint-oss/telescope/server/lsp/watched_files.go:79.26,80.114 1 0
github.com/sailpoint-oss/telescope/server/lsp/watched_files.go:80.114,82.8 1 0
github.com/sailpoint-oss/telescope/server/lsp/watched_files.go:85.5,85.34 1 0
github.com/sailpoint-oss/telescope/server/lsp/watched_files.go:86.30,87.22 1 0
github.com/sailpoint-oss/telescope/server/lsp/watched_files.go:87.22,92.6 1 0
github.com/sailpoint-oss/telescope/server/lsp/watched_files.go:93.5,93.26 1 0
github.com/sailpoint-oss/telescope/server/lsp/watched_files.go:93.26,94.114 1 0
github.com/sailpoint-oss/telescope/server/lsp/watched_files.go:94.114,96.7 1 0
github.com/sailpoint-oss/telescope/server/lsp/watched_files.go:98.5,98.35 1 0
github.com/sailpoint-oss/telescope/server/lsp/watched_files.go:102.3,102.13 1 0
github.com/sailpoint-oss/telescope/server/lsp/watched_files.go:106.40,111.2 2 1
github.com/sailpoint-oss/telescope/server/lsp/watched_files.go:123.48,124.23 1 1
github.com/sailpoint-oss/telescope/server/lsp/watched_files.go:124.23,126.3 1 0
github.com/sailpoint-oss/telescope/server/lsp/watched_files.go:128.2,129.42 2 1
github.com/sailpoint-oss/telescope/server/lsp/watched_files.go:129.42,131.3 1 1
github.com/sailpoint-oss/telescope/server/lsp/watched_files.go:134.2,134.73 1 1
github.com/sailpoint-oss/telescope/server/lsp/watched_files.go:134.73,136.3 1 1
github.com/sailpoint-oss/telescope/server/lsp/watched_files.go:138.2,146.4 1 1
github.com/sailpoint-oss/telescope/server/lsp/workspace_symbols.go:14.105,15.113 1 1
github.com/sailpoint-oss/telescope/server/lsp/workspace_symbols.go:15.113,20.37 4 1
github.com/sailpoint-oss/telescope/server/lsp/workspace_symbols.go:20.37,21.38 1 1
github.com/sailpoint-oss/telescope/server/lsp/workspace_symbols.go:21.38,22.13 1 0
github.com/sailpoint-oss/telescope/server/lsp/workspace_symbols.go:26.4,26.51 1 1
github.com/sailpoint-oss/telescope/server/lsp/workspace_symbols.go:26.51,27.46 1 1
github.com/sailpoint-oss/telescope/server/lsp/workspace_symbols.go:27.46,29.52 2 1
github.com/sailpoint-oss/telescope/server/lsp/workspace_symbols.go:29.52,31.21 2 1
github.com/sailpoint-oss/telescope/server/lsp/workspace_symbols.go:31.21,33.8 1 1
github.com/sailpoint-oss/telescope/server/lsp/workspace_symbols.go:34.7,42.46 2 1
github.com/sailpoint-oss/telescope/server/lsp/workspace_symbols.go:42.46,44.8 1 0
github.com/sailpoint-oss/telescope/server/lsp/workspace_symbols.go:49.4,49.38 1 1
github.com/sailpoint-oss/telescope/server/lsp/workspace_symbols.go:49.38,50.13 1 0
github.com/sailpoint-oss/telescope/server/lsp/workspace_symbols.go:54.4,54.62 1 1
github.com/sailpoint-oss/telescope/server/lsp/workspace_symbols.go:54.62,55.34 1 1
github.com/sailpoint-oss/telescope/server/lsp/workspace_symbols.go:55.34,64.45 2 1
github.com/sailpoint-oss/telescope/server/lsp/workspace_symbols.go:64.45,66.7 1 0
github.com/sailpoint-oss/telescope/server/lsp/workspace_symbols.go:71.4,71.64 1 1
github.com/sailpoint-oss/telescope/server/lsp/workspace_symbols.go:71.64,72.34 1 0
github.com/sailpoint-oss/telescope/server/lsp/workspace_symbols.go:72.34,81.45 2 0
github.com/sailpoint-oss/telescope/server/lsp/workspace_symbols.go:81.45,83.7 1 0
github.com/sailpoint-oss/telescope/server/lsp/workspace_symbols.go:88.4,88.62 1 1
github.com/sailpoint-oss/telescope/server/lsp/workspace_symbols.go:88.62,89.34 1 0
github.com/sailpoint-oss/telescope/server/lsp/workspace_symbols.go:89.34,98.45 2 0
github.com/sailpoint-oss/telescope/server/lsp/workspace_symbols.go:98.45,100.7 1 0
github.com/sailpoint-oss/telescope/server/lsp/workspace_symbols.go:105.4,105.66 1 1
github.com/sailpoint-oss/telescope/server/lsp/workspace_symbols.go:105.66,106.34 1 0
github.com/sailpoint-oss/telescope/server/lsp/workspace_symbols.go:106.34,115.45 2 0
github.com/sailpoint-oss/telescope/server/lsp/workspace_symbols.go:115.45,117.7 1 0
github.com/sailpoint-oss/telescope/server/lsp/workspace_symbols.go:122.3,122.22 1 1
github.com/sailpoint-oss/telescope/server/lsp/workspace_symbols.go:126.60,127.17 1 1
github.com/sailpoint-oss/telescope/server/lsp/workspace_symbols.go:127.17,129.3 1 0
github.com/sailpoint-oss/telescope/server/lsp/workspace_symbols.go:130.2,130.31 1 1
github.com/sailpoint-oss/telescope/server/lsp/workspace_symbols.go:130.31,131.50 1 1
github.com/sailpoint-oss/telescope/server/lsp/workspace_symbols.go:131.50,133.4 1 1
github.com/sailpoint-oss/telescope/server/lsp/workspace_symbols.go:135.2,135.14 1 0
