mode: atomic
github.com/sailpoint-oss/telescope/server/main.go:5.13,7.2 1 0
github.com/sailpoint-oss/telescope/server/bundle/bundle.go:35.44,37.20 2 2
github.com/sailpoint-oss/telescope/server/bundle/bundle.go:37.20,39.3 1 0
github.com/sailpoint-oss/telescope/server/bundle/bundle.go:40.2,41.16 2 2
github.com/sailpoint-oss/telescope/server/bundle/bundle.go:41.16,43.3 1 0
github.com/sailpoint-oss/telescope/server/bundle/bundle.go:44.2,45.25 2 2
github.com/sailpoint-oss/telescope/server/bundle/bundle.go:45.25,47.17 2 0
github.com/sailpoint-oss/telescope/server/bundle/bundle.go:47.17,49.4 1 0
github.com/sailpoint-oss/telescope/server/bundle/bundle.go:52.2,54.20 3 2
github.com/sailpoint-oss/telescope/server/bundle/bundle.go:54.21,54.22 0 1
github.com/sailpoint-oss/telescope/server/bundle/bundle.go:55.2,55.25 1 2
github.com/sailpoint-oss/telescope/server/bundle/bundle.go:55.25,57.17 2 1
github.com/sailpoint-oss/telescope/server/bundle/bundle.go:57.17,59.4 1 0
github.com/sailpoint-oss/telescope/server/bundle/bundle.go:61.2,70.16 8 2
github.com/sailpoint-oss/telescope/server/bundle/bundle.go:70.16,72.3 1 0
github.com/sailpoint-oss/telescope/server/bundle/bundle.go:74.2,78.14 2 2
github.com/sailpoint-oss/telescope/server/bundle/bundle.go:79.20,80.66 1 2
github.com/sailpoint-oss/telescope/server/bundle/bundle.go:81.18,82.53 1 0
github.com/sailpoint-oss/telescope/server/bundle/bundle.go:83.10,84.62 1 0
github.com/sailpoint-oss/telescope/server/bundle/bundle.go:86.2,86.37 1 2
github.com/sailpoint-oss/telescope/server/bundle/bundle.go:86.37,88.3 1 0
github.com/sailpoint-oss/telescope/server/bundle/bundle.go:89.2,89.16 1 2
github.com/sailpoint-oss/telescope/server/bundle/bundle.go:89.16,91.3 1 0
github.com/sailpoint-oss/telescope/server/bundle/bundle.go:93.2,93.15 1 2
github.com/sailpoint-oss/telescope/server/bundle/bundle.go:93.15,95.17 2 1
github.com/sailpoint-oss/telescope/server/bundle/bundle.go:95.17,97.4 1 0
github.com/sailpoint-oss/telescope/server/bundle/bundle.go:99.2,99.59 1 2
github.com/sailpoint-oss/telescope/server/bundle/bundle.go:102.109,107.31 3 1
github.com/sailpoint-oss/telescope/server/bundle/bundle.go:107.31,109.17 2 1
github.com/sailpoint-oss/telescope/server/bundle/bundle.go:109.17,111.4 1 0
github.com/sailpoint-oss/telescope/server/bundle/bundle.go:112.3,113.33 2 1
github.com/sailpoint-oss/telescope/server/bundle/bundle.go:116.2,118.16 3 1
github.com/sailpoint-oss/telescope/server/bundle/bundle.go:118.16,120.3 1 0
github.com/sailpoint-oss/telescope/server/bundle/bundle.go:122.2,122.32 1 1
github.com/sailpoint-oss/telescope/server/bundle/bundle.go:122.32,124.17 2 2
github.com/sailpoint-oss/telescope/server/bundle/bundle.go:124.17,127.4 2 0
github.com/sailpoint-oss/telescope/server/bundle/bundle.go:128.3,129.66 2 2
github.com/sailpoint-oss/telescope/server/bundle/bundle.go:129.66,132.4 2 0
github.com/sailpoint-oss/telescope/server/bundle/bundle.go:133.3,133.58 1 2
github.com/sailpoint-oss/telescope/server/bundle/bundle.go:133.58,136.4 2 0
github.com/sailpoint-oss/telescope/server/bundle/bundle.go:139.2,140.16 2 1
github.com/sailpoint-oss/telescope/server/bundle/bundle.go:140.16,143.3 2 0
github.com/sailpoint-oss/telescope/server/bundle/bundle.go:144.2,145.69 2 1
github.com/sailpoint-oss/telescope/server/bundle/bundle.go:145.69,145.97 1 1
github.com/sailpoint-oss/telescope/server/bundle/bundle.go:148.40,149.21 1 1
github.com/sailpoint-oss/telescope/server/bundle/bundle.go:149.21,151.3 1 0
github.com/sailpoint-oss/telescope/server/bundle/bundle.go:152.2,153.33 2 1
github.com/sailpoint-oss/telescope/server/bundle/bundle.go:153.33,154.33 1 1
github.com/sailpoint-oss/telescope/server/bundle/bundle.go:154.33,156.22 2 0
github.com/sailpoint-oss/telescope/server/bundle/bundle.go:156.22,158.5 1 0
github.com/sailpoint-oss/telescope/server/bundle/bundle.go:159.4,159.17 1 0
github.com/sailpoint-oss/telescope/server/bundle/bundle.go:162.2,162.13 1 1
github.com/sailpoint-oss/telescope/server/bundle/bundle.go:165.45,167.16 2 1
github.com/sailpoint-oss/telescope/server/bundle/bundle.go:167.16,169.3 1 0
github.com/sailpoint-oss/telescope/server/bundle/bundle.go:170.2,170.78 1 1
github.com/sailpoint-oss/telescope/server/bundle/bundle.go:173.42,175.51 2 1
github.com/sailpoint-oss/telescope/server/bundle/bundle.go:175.51,177.3 1 0
github.com/sailpoint-oss/telescope/server/bundle/bundle.go:178.2,179.16 2 1
github.com/sailpoint-oss/telescope/server/bundle/bundle.go:179.16,181.3 1 0
github.com/sailpoint-oss/telescope/server/bundle/bundle.go:182.2,182.46 1 1
github.com/sailpoint-oss/telescope/server/bundle/bundle.go:182.46,184.3 1 1
github.com/sailpoint-oss/telescope/server/bundle/bundle.go:185.2,185.17 1 1
github.com/sailpoint-oss/telescope/server/core/classify/classifier.go:38.42,43.2 1 15
github.com/sailpoint-oss/telescope/server/core/classify/classifier.go:48.71,51.2 2 3
github.com/sailpoint-oss/telescope/server/core/classify/classifier.go:93.55,95.26 2 1
github.com/sailpoint-oss/telescope/server/core/classify/classifier.go:95.26,97.30 2 18
github.com/sailpoint-oss/telescope/server/core/classify/classifier.go:97.30,99.4 1 0
github.com/sailpoint-oss/telescope/server/core/classify/classifier.go:100.3,102.45 3 18
github.com/sailpoint-oss/telescope/server/core/classify/classifier.go:104.2,104.34 1 1
github.com/sailpoint-oss/telescope/server/core/classify/classifier.go:104.34,106.3 1 10
github.com/sailpoint-oss/telescope/server/core/classify/classifier.go:107.2,107.38 1 1
github.com/sailpoint-oss/telescope/server/core/classify/classifier.go:107.38,109.3 1 8
github.com/sailpoint-oss/telescope/server/core/classify/classifier.go:110.2,110.12 1 1
github.com/sailpoint-oss/telescope/server/core/classify/classifier.go:122.54,123.28 1 1
github.com/sailpoint-oss/telescope/server/core/classify/classifier.go:123.28,125.3 1 0
github.com/sailpoint-oss/telescope/server/core/classify/classifier.go:126.2,126.47 1 1
github.com/sailpoint-oss/telescope/server/core/classify/classifier.go:130.102,134.52 2 15
github.com/sailpoint-oss/telescope/server/core/classify/classifier.go:134.52,135.30 1 2
github.com/sailpoint-oss/telescope/server/core/classify/classifier.go:135.30,137.17 2 2
github.com/sailpoint-oss/telescope/server/core/classify/classifier.go:137.17,139.5 1 1
github.com/sailpoint-oss/telescope/server/core/classify/classifier.go:140.4,142.17 3 2
github.com/sailpoint-oss/telescope/server/core/classify/classifier.go:142.17,144.5 1 1
github.com/sailpoint-oss/telescope/server/core/classify/classifier.go:145.4,145.59 1 2
github.com/sailpoint-oss/telescope/server/core/classify/classifier.go:150.2,150.40 1 13
github.com/sailpoint-oss/telescope/server/core/classify/classifier.go:150.40,151.26 1 2
github.com/sailpoint-oss/telescope/server/core/classify/classifier.go:151.26,155.4 3 2
github.com/sailpoint-oss/telescope/server/core/classify/classifier.go:159.2,159.19 1 11
github.com/sailpoint-oss/telescope/server/core/classify/classifier.go:159.19,163.3 3 2
github.com/sailpoint-oss/telescope/server/core/classify/classifier.go:165.2,166.20 2 9
github.com/sailpoint-oss/telescope/server/core/classify/classifier.go:166.20,168.3 1 0
github.com/sailpoint-oss/telescope/server/core/classify/classifier.go:169.2,170.17 2 9
github.com/sailpoint-oss/telescope/server/core/classify/classifier.go:170.17,172.3 1 8
github.com/sailpoint-oss/telescope/server/core/classify/classifier.go:175.2,176.17 2 9
github.com/sailpoint-oss/telescope/server/core/classify/classifier.go:176.17,180.3 3 1
github.com/sailpoint-oss/telescope/server/core/classify/classifier.go:183.2,184.15 2 8
github.com/sailpoint-oss/telescope/server/core/classify/classifier.go:184.15,186.3 1 2
github.com/sailpoint-oss/telescope/server/core/classify/classifier.go:189.2,190.18 2 8
github.com/sailpoint-oss/telescope/server/core/classify/classifier.go:190.18,192.3 1 6
github.com/sailpoint-oss/telescope/server/core/classify/classifier.go:195.2,195.26 1 8
github.com/sailpoint-oss/telescope/server/core/classify/classifier.go:195.26,197.3 1 1
github.com/sailpoint-oss/telescope/server/core/classify/classifier.go:197.8,199.56 2 7
github.com/sailpoint-oss/telescope/server/core/classify/classifier.go:199.56,201.4 1 7
github.com/sailpoint-oss/telescope/server/core/classify/classifier.go:205.2,205.40 1 8
github.com/sailpoint-oss/telescope/server/core/classify/classifier.go:205.40,206.26 1 1
github.com/sailpoint-oss/telescope/server/core/classify/classifier.go:206.26,208.9 2 1
github.com/sailpoint-oss/telescope/server/core/classify/classifier.go:213.2,213.28 1 8
github.com/sailpoint-oss/telescope/server/core/classify/classifier.go:213.28,215.3 1 1
github.com/sailpoint-oss/telescope/server/core/classify/classifier.go:217.2,218.15 2 8
github.com/sailpoint-oss/telescope/server/core/classify/classifier.go:218.15,220.3 1 2
github.com/sailpoint-oss/telescope/server/core/classify/classifier.go:221.2,221.59 1 8
github.com/sailpoint-oss/telescope/server/core/classify/classifier.go:225.70,226.30 1 2
github.com/sailpoint-oss/telescope/server/core/classify/classifier.go:226.30,228.3 1 0
github.com/sailpoint-oss/telescope/server/core/classify/classifier.go:229.2,229.40 1 2
github.com/sailpoint-oss/telescope/server/core/classify/classifier.go:232.167,233.23 1 15
github.com/sailpoint-oss/telescope/server/core/classify/classifier.go:233.23,235.31 2 0
github.com/sailpoint-oss/telescope/server/core/classify/classifier.go:235.31,237.4 1 0
github.com/sailpoint-oss/telescope/server/core/classify/classifier.go:238.3,239.57 2 0
github.com/sailpoint-oss/telescope/server/core/classify/classifier.go:239.57,241.4 1 0
github.com/sailpoint-oss/telescope/server/core/classify/classifier.go:242.3,250.4 1 0
github.com/sailpoint-oss/telescope/server/core/classify/classifier.go:254.2,255.28 2 15
github.com/sailpoint-oss/telescope/server/core/classify/classifier.go:255.28,257.3 1 25
github.com/sailpoint-oss/telescope/server/core/classify/classifier.go:258.2,258.22 1 15
github.com/sailpoint-oss/telescope/server/core/classify/classifier.go:258.22,260.3 1 3
github.com/sailpoint-oss/telescope/server/core/classify/classifier.go:262.2,266.30 3 15
github.com/sailpoint-oss/telescope/server/core/classify/classifier.go:266.30,268.3 1 7
github.com/sailpoint-oss/telescope/server/core/classify/classifier.go:268.8,270.3 1 8
github.com/sailpoint-oss/telescope/server/core/classify/classifier.go:272.2,273.56 2 15
github.com/sailpoint-oss/telescope/server/core/classify/classifier.go:273.56,275.3 1 2
github.com/sailpoint-oss/telescope/server/core/classify/classifier.go:277.2,285.3 1 15
github.com/sailpoint-oss/telescope/server/core/classify/classifier.go:288.80,289.43 1 15
github.com/sailpoint-oss/telescope/server/core/classify/classifier.go:289.43,291.3 1 8
github.com/sailpoint-oss/telescope/server/core/classify/classifier.go:292.2,292.16 1 7
github.com/sailpoint-oss/telescope/server/core/classify/classifier.go:296.43,300.42 3 8
github.com/sailpoint-oss/telescope/server/core/classify/classifier.go:300.42,301.44 1 80
github.com/sailpoint-oss/telescope/server/core/classify/classifier.go:301.44,303.4 1 12
github.com/sailpoint-oss/telescope/server/core/classify/classifier.go:306.2,306.46 1 8
github.com/sailpoint-oss/telescope/server/core/classify/classifier.go:306.46,307.44 1 64
github.com/sailpoint-oss/telescope/server/core/classify/classifier.go:307.44,309.4 1 1
github.com/sailpoint-oss/telescope/server/core/classify/classifier.go:312.2,312.17 1 8
github.com/sailpoint-oss/telescope/server/core/classify/classifier.go:312.17,314.3 1 2
github.com/sailpoint-oss/telescope/server/core/classify/classifier.go:315.2,315.14 1 8
github.com/sailpoint-oss/telescope/server/core/classify/classifier.go:321.41,323.9 2 144
github.com/sailpoint-oss/telescope/server/core/classify/classifier.go:323.9,328.32 2 0
github.com/sailpoint-oss/telescope/server/core/classify/classifier.go:328.32,330.4 1 0
github.com/sailpoint-oss/telescope/server/core/classify/classifier.go:331.3,332.35 2 0
github.com/sailpoint-oss/telescope/server/core/classify/classifier.go:334.2,334.34 1 144
github.com/sailpoint-oss/telescope/server/core/classify/classifier.go:334.34,336.3 1 13
github.com/sailpoint-oss/telescope/server/core/classify/classifier.go:337.2,337.37 1 131
github.com/sailpoint-oss/telescope/server/core/classify/classifier.go:340.39,342.39 2 8
github.com/sailpoint-oss/telescope/server/core/classify/classifier.go:342.39,344.3 1 8
github.com/sailpoint-oss/telescope/server/core/classify/classifier.go:345.2,346.33 2 8
github.com/sailpoint-oss/telescope/server/core/classify/classifier.go:346.33,347.36 1 29
github.com/sailpoint-oss/telescope/server/core/classify/classifier.go:347.36,349.4 1 1
github.com/sailpoint-oss/telescope/server/core/classify/classifier.go:351.2,351.14 1 7
github.com/sailpoint-oss/telescope/server/core/classify/classifier.go:354.59,355.31 1 8
github.com/sailpoint-oss/telescope/server/core/classify/classifier.go:355.31,357.3 1 7
github.com/sailpoint-oss/telescope/server/core/classify/classifier.go:358.2,359.39 2 1
github.com/sailpoint-oss/telescope/server/core/classify/classifier.go:359.39,361.3 1 1
github.com/sailpoint-oss/telescope/server/core/classify/classifier.go:362.2,363.29 2 1
github.com/sailpoint-oss/telescope/server/core/classify/classifier.go:366.52,367.28 1 0
github.com/sailpoint-oss/telescope/server/core/classify/classifier.go:367.28,368.21 1 0
github.com/sailpoint-oss/telescope/server/core/classify/classifier.go:368.21,370.4 1 0
github.com/sailpoint-oss/telescope/server/core/classify/classifier.go:372.2,372.14 1 0
github.com/sailpoint-oss/telescope/server/core/classify/classifier.go:381.48,382.55 1 8
github.com/sailpoint-oss/telescope/server/core/classify/classifier.go:382.55,384.3 1 1
github.com/sailpoint-oss/telescope/server/core/classify/classifier.go:385.2,385.55 1 7
github.com/sailpoint-oss/telescope/server/core/classify/classifier.go:385.55,387.3 1 1
github.com/sailpoint-oss/telescope/server/core/classify/classifier.go:388.2,388.59 1 6
github.com/sailpoint-oss/telescope/server/core/classify/classifier.go:388.59,390.3 1 0
github.com/sailpoint-oss/telescope/server/core/classify/classifier.go:391.2,391.59 1 6
github.com/sailpoint-oss/telescope/server/core/classify/classifier.go:391.59,393.3 1 0
github.com/sailpoint-oss/telescope/server/core/classify/classifier.go:394.2,394.18 1 6
github.com/sailpoint-oss/telescope/server/core/classify/classifier.go:397.51,398.54 1 9
github.com/sailpoint-oss/telescope/server/core/classify/classifier.go:398.54,400.3 1 1
github.com/sailpoint-oss/telescope/server/core/classify/classifier.go:401.2,401.58 1 8
github.com/sailpoint-oss/telescope/server/core/classify/classifier.go:401.58,403.3 1 0
github.com/sailpoint-oss/telescope/server/core/classify/classifier.go:404.2,404.18 1 8
github.com/sailpoint-oss/telescope/server/core/classify/classifier.go:407.40,408.9 1 1
github.com/sailpoint-oss/telescope/server/core/classify/classifier.go:409.35,410.15 1 0
github.com/sailpoint-oss/telescope/server/core/classify/classifier.go:411.35,412.15 1 1
github.com/sailpoint-oss/telescope/server/core/classify/classifier.go:413.35,414.15 1 0
github.com/sailpoint-oss/telescope/server/core/classify/classifier.go:415.34,416.15 1 0
github.com/sailpoint-oss/telescope/server/core/classify/classifier.go:417.10,418.11 1 0
github.com/sailpoint-oss/telescope/server/core/classify/classifier.go:422.40,424.39 2 7
github.com/sailpoint-oss/telescope/server/core/classify/classifier.go:424.39,426.3 1 7
github.com/sailpoint-oss/telescope/server/core/classify/classifier.go:427.2,427.44 1 7
github.com/sailpoint-oss/telescope/server/core/classify/classifier.go:430.48,432.45 2 5
github.com/sailpoint-oss/telescope/server/core/classify/classifier.go:432.45,434.3 1 5
github.com/sailpoint-oss/telescope/server/core/classify/classifier.go:435.2,435.37 1 5
github.com/sailpoint-oss/telescope/server/core/classify/classifier.go:435.37,438.74 3 0
github.com/sailpoint-oss/telescope/server/core/classify/classifier.go:438.74,440.4 1 0
github.com/sailpoint-oss/telescope/server/core/classify/classifier.go:442.2,442.58 1 5
github.com/sailpoint-oss/telescope/server/core/classify/classifier.go:442.58,444.3 1 0
github.com/sailpoint-oss/telescope/server/core/classify/classifier.go:445.2,445.73 1 5
github.com/sailpoint-oss/telescope/server/core/classify/classifier.go:445.73,447.3 1 5
github.com/sailpoint-oss/telescope/server/core/classify/classifier.go:448.2,448.14 1 0
github.com/sailpoint-oss/telescope/server/core/uri/driveletter_other.go:5.47,7.2 1 2
github.com/sailpoint-oss/telescope/server/core/uri/uri.go:12.33,13.13 1 6
github.com/sailpoint-oss/telescope/server/core/uri/uri.go:13.13,15.3 1 1
github.com/sailpoint-oss/telescope/server/core/uri/uri.go:16.2,17.16 2 5
github.com/sailpoint-oss/telescope/server/core/uri/uri.go:17.16,19.3 1 1
github.com/sailpoint-oss/telescope/server/core/uri/uri.go:20.2,20.24 1 4
github.com/sailpoint-oss/telescope/server/core/uri/uri.go:20.24,22.3 1 1
github.com/sailpoint-oss/telescope/server/core/uri/uri.go:23.2,24.16 2 3
github.com/sailpoint-oss/telescope/server/core/uri/uri.go:24.16,26.3 1 1
github.com/sailpoint-oss/telescope/server/core/uri/uri.go:27.2,32.24 3 2
github.com/sailpoint-oss/telescope/server/core/analyze/analyzers.go:13.51,14.90 1 2
github.com/sailpoint-oss/telescope/server/core/analyze/analyzers.go:14.90,16.20 2 1
github.com/sailpoint-oss/telescope/server/core/analyze/analyzers.go:16.20,18.4 1 0
github.com/sailpoint-oss/telescope/server/core/analyze/analyzers.go:19.3,20.57 2 1
github.com/sailpoint-oss/telescope/server/core/analyze/analyzers.go:20.57,22.4 1 0
github.com/sailpoint-oss/telescope/server/core/analyze/analyzers.go:24.3,25.29 2 1
github.com/sailpoint-oss/telescope/server/core/analyze/analyzers.go:25.29,27.4 1 0
github.com/sailpoint-oss/telescope/server/core/analyze/analyzers.go:29.3,31.22 3 1
github.com/sailpoint-oss/telescope/server/core/analyze/analyzers.go:35.91,37.54 2 1
github.com/sailpoint-oss/telescope/server/core/analyze/analyzers.go:37.54,39.3 1 0
github.com/sailpoint-oss/telescope/server/core/analyze/analyzers.go:41.2,44.38 3 1
github.com/sailpoint-oss/telescope/server/core/analyze/analyzers.go:44.38,46.59 2 9
github.com/sailpoint-oss/telescope/server/core/analyze/analyzers.go:46.59,47.12 1 7
github.com/sailpoint-oss/telescope/server/core/analyze/analyzers.go:49.3,49.45 1 2
github.com/sailpoint-oss/telescope/server/core/analyze/analyzers.go:49.45,54.20 2 3
github.com/sailpoint-oss/telescope/server/core/analyze/analyzers.go:54.20,56.5 1 3
github.com/sailpoint-oss/telescope/server/core/analyze/analyzers.go:57.4,57.44 1 3
github.com/sailpoint-oss/telescope/server/core/analyze/analyzers.go:60.2,60.15 1 1
github.com/sailpoint-oss/telescope/server/core/analyze/analyzers.go:66.83,67.90 1 2
github.com/sailpoint-oss/telescope/server/core/analyze/analyzers.go:67.90,69.20 2 2
github.com/sailpoint-oss/telescope/server/core/analyze/analyzers.go:69.20,71.4 1 0
github.com/sailpoint-oss/telescope/server/core/analyze/analyzers.go:72.3,73.57 2 2
github.com/sailpoint-oss/telescope/server/core/analyze/analyzers.go:73.57,75.4 1 0
github.com/sailpoint-oss/telescope/server/core/analyze/analyzers.go:77.3,78.21 2 2
github.com/sailpoint-oss/telescope/server/core/analyze/analyzers.go:78.21,80.4 1 0
github.com/sailpoint-oss/telescope/server/core/analyze/analyzers.go:82.3,84.22 3 2
github.com/sailpoint-oss/telescope/server/core/analyze/analyzers.go:84.22,87.25 3 1
github.com/sailpoint-oss/telescope/server/core/analyze/analyzers.go:87.25,89.5 1 1
github.com/sailpoint-oss/telescope/server/core/analyze/analyzers.go:92.3,93.15 2 2
github.com/sailpoint-oss/telescope/server/core/analyze/analyzers.go:97.63,98.52 1 5
github.com/sailpoint-oss/telescope/server/core/analyze/analyzers.go:98.52,100.3 1 1
github.com/sailpoint-oss/telescope/server/core/analyze/analyzers.go:102.2,103.62 2 4
github.com/sailpoint-oss/telescope/server/core/analyze/analyzers.go:103.62,105.3 1 1
github.com/sailpoint-oss/telescope/server/core/analyze/analyzers.go:107.2,116.53 3 3
github.com/sailpoint-oss/telescope/server/core/analyze/analyzers.go:116.53,117.61 1 3
github.com/sailpoint-oss/telescope/server/core/analyze/analyzers.go:117.61,118.12 1 0
github.com/sailpoint-oss/telescope/server/core/analyze/analyzers.go:120.3,123.49 2 3
github.com/sailpoint-oss/telescope/server/core/analyze/analyzers.go:123.49,124.82 1 3
github.com/sailpoint-oss/telescope/server/core/analyze/analyzers.go:124.82,125.13 1 0
github.com/sailpoint-oss/telescope/server/core/analyze/analyzers.go:127.4,129.95 2 3
github.com/sailpoint-oss/telescope/server/core/analyze/analyzers.go:129.95,130.36 1 1
github.com/sailpoint-oss/telescope/server/core/analyze/analyzers.go:130.36,131.50 1 1
github.com/sailpoint-oss/telescope/server/core/analyze/analyzers.go:131.50,132.15 1 0
github.com/sailpoint-oss/telescope/server/core/analyze/analyzers.go:134.6,135.38 2 1
github.com/sailpoint-oss/telescope/server/core/analyze/analyzers.go:135.38,137.7 1 1
github.com/sailpoint-oss/telescope/server/core/analyze/analyzers.go:138.6,138.36 1 1
github.com/sailpoint-oss/telescope/server/core/analyze/analyzers.go:138.36,140.7 1 1
github.com/sailpoint-oss/telescope/server/core/analyze/analyzers.go:141.6,141.42 1 1
github.com/sailpoint-oss/telescope/server/core/analyze/analyzers.go:141.42,143.7 1 1
github.com/sailpoint-oss/telescope/server/core/analyze/analyzers.go:144.6,144.87 1 1
github.com/sailpoint-oss/telescope/server/core/analyze/analyzers.go:144.87,145.44 1 1
github.com/sailpoint-oss/telescope/server/core/analyze/analyzers.go:145.44,147.8 1 1
github.com/sailpoint-oss/telescope/server/core/analyze/analyzers.go:148.7,148.77 1 1
github.com/sailpoint-oss/telescope/server/core/analyze/analyzers.go:148.77,149.37 1 1
github.com/sailpoint-oss/telescope/server/core/analyze/analyzers.go:149.37,150.24 1 2
github.com/sailpoint-oss/telescope/server/core/analyze/analyzers.go:150.24,152.10 1 2
github.com/sailpoint-oss/telescope/server/core/analyze/analyzers.go:156.6,156.57 1 1
github.com/sailpoint-oss/telescope/server/core/analyze/analyzers.go:160.4,160.102 1 3
github.com/sailpoint-oss/telescope/server/core/analyze/analyzers.go:160.102,161.42 1 3
github.com/sailpoint-oss/telescope/server/core/analyze/analyzers.go:161.42,163.6 1 4
github.com/sailpoint-oss/telescope/server/core/analyze/analyzers.go:166.4,166.99 1 3
github.com/sailpoint-oss/telescope/server/core/analyze/analyzers.go:166.99,167.41 1 2
github.com/sailpoint-oss/telescope/server/core/analyze/analyzers.go:167.41,168.56 1 2
github.com/sailpoint-oss/telescope/server/core/analyze/analyzers.go:168.56,169.41 1 2
github.com/sailpoint-oss/telescope/server/core/analyze/analyzers.go:169.41,171.8 1 2
github.com/sailpoint-oss/telescope/server/core/analyze/analyzers.go:176.4,176.30 1 3
github.com/sailpoint-oss/telescope/server/core/analyze/analyzers.go:178.3,178.31 1 3
github.com/sailpoint-oss/telescope/server/core/analyze/analyzers.go:181.2,181.16 1 3
github.com/sailpoint-oss/telescope/server/core/analyze/analyzers.go:185.45,190.2 1 1
github.com/sailpoint-oss/telescope/server/core/analyze/breaking.go:71.73,72.35 1 8
github.com/sailpoint-oss/telescope/server/core/analyze/breaking.go:72.35,74.3 1 1
github.com/sailpoint-oss/telescope/server/core/analyze/breaking.go:76.2,79.31 2 7
github.com/sailpoint-oss/telescope/server/core/analyze/breaking.go:79.31,80.40 1 8
github.com/sailpoint-oss/telescope/server/core/analyze/breaking.go:80.40,86.4 1 1
github.com/sailpoint-oss/telescope/server/core/analyze/breaking.go:90.2,90.41 1 7
github.com/sailpoint-oss/telescope/server/core/analyze/breaking.go:90.41,92.10 2 8
github.com/sailpoint-oss/telescope/server/core/analyze/breaking.go:92.10,93.12 1 1
github.com/sailpoint-oss/telescope/server/core/analyze/breaking.go:97.3,97.43 1 7
github.com/sailpoint-oss/telescope/server/core/analyze/breaking.go:97.43,98.52 1 8
github.com/sailpoint-oss/telescope/server/core/analyze/breaking.go:98.52,105.5 1 1
github.com/sailpoint-oss/telescope/server/core/analyze/breaking.go:109.3,109.51 1 7
github.com/sailpoint-oss/telescope/server/core/analyze/breaking.go:109.51,111.11 2 8
github.com/sailpoint-oss/telescope/server/core/analyze/breaking.go:111.11,112.13 1 1
github.com/sailpoint-oss/telescope/server/core/analyze/breaking.go:115.4,115.84 1 7
github.com/sailpoint-oss/telescope/server/core/analyze/breaking.go:119.2,119.42 1 7
github.com/sailpoint-oss/telescope/server/core/analyze/breaking.go:119.42,120.41 1 0
github.com/sailpoint-oss/telescope/server/core/analyze/breaking.go:120.41,122.4 1 0
github.com/sailpoint-oss/telescope/server/core/analyze/breaking.go:123.3,123.47 1 0
github.com/sailpoint-oss/telescope/server/core/analyze/breaking.go:126.2,126.16 1 7
github.com/sailpoint-oss/telescope/server/core/analyze/breaking.go:129.94,134.34 3 7
github.com/sailpoint-oss/telescope/server/core/analyze/breaking.go:134.34,135.54 1 2
github.com/sailpoint-oss/telescope/server/core/analyze/breaking.go:135.54,142.4 1 0
github.com/sailpoint-oss/telescope/server/core/analyze/breaking.go:146.2,147.37 2 7
github.com/sailpoint-oss/telescope/server/core/analyze/breaking.go:147.37,148.51 1 3
github.com/sailpoint-oss/telescope/server/core/analyze/breaking.go:148.51,155.4 1 1
github.com/sailpoint-oss/telescope/server/core/analyze/breaking.go:159.2,159.34 1 7
github.com/sailpoint-oss/telescope/server/core/analyze/breaking.go:159.34,161.10 2 2
github.com/sailpoint-oss/telescope/server/core/analyze/breaking.go:161.10,162.12 1 0
github.com/sailpoint-oss/telescope/server/core/analyze/breaking.go:164.3,164.59 1 2
github.com/sailpoint-oss/telescope/server/core/analyze/breaking.go:164.59,171.4 1 0
github.com/sailpoint-oss/telescope/server/core/analyze/breaking.go:173.3,174.23 2 2
github.com/sailpoint-oss/telescope/server/core/analyze/breaking.go:174.23,181.4 1 1
github.com/sailpoint-oss/telescope/server/core/analyze/breaking.go:185.2,186.34 2 7
github.com/sailpoint-oss/telescope/server/core/analyze/breaking.go:186.34,187.46 1 1
github.com/sailpoint-oss/telescope/server/core/analyze/breaking.go:187.46,194.4 1 0
github.com/sailpoint-oss/telescope/server/core/analyze/breaking.go:198.2,198.72 1 7
github.com/sailpoint-oss/telescope/server/core/analyze/breaking.go:198.72,205.3 1 2
github.com/sailpoint-oss/telescope/server/core/analyze/breaking.go:208.2,208.59 1 7
github.com/sailpoint-oss/telescope/server/core/analyze/breaking.go:208.59,210.60 2 0
github.com/sailpoint-oss/telescope/server/core/analyze/breaking.go:210.60,211.28 1 0
github.com/sailpoint-oss/telescope/server/core/analyze/breaking.go:211.28,218.5 1 0
github.com/sailpoint-oss/telescope/server/core/analyze/breaking.go:221.2,221.91 1 7
github.com/sailpoint-oss/telescope/server/core/analyze/breaking.go:221.91,228.3 1 0
github.com/sailpoint-oss/telescope/server/core/analyze/breaking.go:230.2,230.16 1 7
github.com/sailpoint-oss/telescope/server/core/analyze/breaking.go:233.62,235.27 2 16
github.com/sailpoint-oss/telescope/server/core/analyze/breaking.go:235.27,237.3 1 8
github.com/sailpoint-oss/telescope/server/core/analyze/breaking.go:238.2,238.10 1 16
github.com/sailpoint-oss/telescope/server/core/analyze/breaking.go:241.49,243.27 2 9
github.com/sailpoint-oss/telescope/server/core/analyze/breaking.go:243.27,245.3 1 4
github.com/sailpoint-oss/telescope/server/core/analyze/breaking.go:246.2,246.10 1 9
github.com/sailpoint-oss/telescope/server/core/analyze/breaking.go:249.53,250.20 1 2
github.com/sailpoint-oss/telescope/server/core/analyze/breaking.go:250.20,252.3 1 1
github.com/sailpoint-oss/telescope/server/core/analyze/breaking.go:253.2,255.25 3 1
github.com/sailpoint-oss/telescope/server/core/analyze/breaking.go:255.25,256.21 1 3
github.com/sailpoint-oss/telescope/server/core/analyze/breaking.go:256.21,258.4 1 1
github.com/sailpoint-oss/telescope/server/core/analyze/breaking.go:260.2,260.16 1 1
github.com/sailpoint-oss/telescope/server/core/analyze/breaking.go:264.81,266.28 2 2
github.com/sailpoint-oss/telescope/server/core/analyze/breaking.go:266.28,274.3 1 2
github.com/sailpoint-oss/telescope/server/core/analyze/breaking.go:275.2,275.14 1 2
github.com/sailpoint-oss/telescope/server/core/analyze/bundle.go:39.77,40.14 1 4
github.com/sailpoint-oss/telescope/server/core/analyze/bundle.go:40.14,42.3 1 1
github.com/sailpoint-oss/telescope/server/core/analyze/bundle.go:44.2,45.21 2 3
github.com/sailpoint-oss/telescope/server/core/analyze/bundle.go:45.21,50.3 1 1
github.com/sailpoint-oss/telescope/server/core/analyze/bundle.go:52.2,53.19 2 2
github.com/sailpoint-oss/telescope/server/core/analyze/bundle.go:53.19,55.3 1 2
github.com/sailpoint-oss/telescope/server/core/analyze/bundle.go:57.2,62.37 5 2
github.com/sailpoint-oss/telescope/server/core/analyze/bundle.go:62.37,63.19 1 4
github.com/sailpoint-oss/telescope/server/core/analyze/bundle.go:63.19,65.4 1 0
github.com/sailpoint-oss/telescope/server/core/analyze/bundle.go:66.3,66.23 1 4
github.com/sailpoint-oss/telescope/server/core/analyze/bundle.go:66.23,69.4 2 0
github.com/sailpoint-oss/telescope/server/core/analyze/bundle.go:70.3,74.27 4 4
github.com/sailpoint-oss/telescope/server/core/analyze/bundle.go:74.27,75.26 1 2
github.com/sailpoint-oss/telescope/server/core/analyze/bundle.go:75.26,77.5 1 2
github.com/sailpoint-oss/telescope/server/core/analyze/bundle.go:81.2,85.31 3 2
github.com/sailpoint-oss/telescope/server/core/analyze/bundle.go:85.31,87.3 1 0
github.com/sailpoint-oss/telescope/server/core/analyze/bundle.go:89.2,93.3 1 2
github.com/sailpoint-oss/telescope/server/core/analyze/bundle.go:98.70,99.14 1 2
github.com/sailpoint-oss/telescope/server/core/analyze/bundle.go:99.14,101.3 1 1
github.com/sailpoint-oss/telescope/server/core/analyze/bundle.go:103.2,107.26 4 1
github.com/sailpoint-oss/telescope/server/core/analyze/bundle.go:107.26,108.19 1 3
github.com/sailpoint-oss/telescope/server/core/analyze/bundle.go:108.19,110.4 1 0
github.com/sailpoint-oss/telescope/server/core/analyze/bundle.go:111.3,114.27 3 3
github.com/sailpoint-oss/telescope/server/core/analyze/bundle.go:114.27,115.26 1 2
github.com/sailpoint-oss/telescope/server/core/analyze/bundle.go:115.26,117.5 1 2
github.com/sailpoint-oss/telescope/server/core/analyze/bundle.go:119.3,119.29 1 3
github.com/sailpoint-oss/telescope/server/core/analyze/bundle.go:122.2,125.54 2 1
github.com/sailpoint-oss/telescope/server/core/analyze/bundle.go:125.54,127.3 1 1
github.com/sailpoint-oss/telescope/server/core/analyze/bundle.go:129.2,129.14 1 1
github.com/sailpoint-oss/telescope/server/core/analyze/unused.go:31.109,34.41 2 5
github.com/sailpoint-oss/telescope/server/core/analyze/unused.go:34.41,35.33 1 5
github.com/sailpoint-oss/telescope/server/core/analyze/unused.go:35.33,42.28 4 8
github.com/sailpoint-oss/telescope/server/core/analyze/unused.go:42.28,43.35 1 7
github.com/sailpoint-oss/telescope/server/core/analyze/unused.go:43.35,47.61 1 4
github.com/sailpoint-oss/telescope/server/core/analyze/unused.go:47.61,49.12 2 4
github.com/sailpoint-oss/telescope/server/core/analyze/unused.go:52.6,52.28 1 0
github.com/sailpoint-oss/telescope/server/core/analyze/unused.go:52.28,54.12 2 0
github.com/sailpoint-oss/telescope/server/core/analyze/unused.go:60.4,61.33 2 8
github.com/sailpoint-oss/telescope/server/core/analyze/unused.go:61.33,62.79 1 6
github.com/sailpoint-oss/telescope/server/core/analyze/unused.go:62.79,63.61 1 3
github.com/sailpoint-oss/telescope/server/core/analyze/unused.go:63.61,65.12 2 3
github.com/sailpoint-oss/telescope/server/core/analyze/unused.go:70.4,70.40 1 8
github.com/sailpoint-oss/telescope/server/core/analyze/unused.go:70.40,78.5 1 3
github.com/sailpoint-oss/telescope/server/core/analyze/unused.go:82.2,82.15 1 5
github.com/sailpoint-oss/telescope/server/core/analyze/unused.go:86.80,88.27 2 2
github.com/sailpoint-oss/telescope/server/core/analyze/unused.go:88.27,98.3 2 4
github.com/sailpoint-oss/telescope/server/core/analyze/unused.go:99.2,99.15 1 2
github.com/sailpoint-oss/telescope/server/core/parser/embedded.go:44.118,46.30 2 4
github.com/sailpoint-oss/telescope/server/core/parser/embedded.go:46.30,48.3 1 3
github.com/sailpoint-oss/telescope/server/core/parser/embedded.go:49.2,49.38 1 4
github.com/sailpoint-oss/telescope/server/core/parser/embedded.go:49.38,49.72 1 1
github.com/sailpoint-oss/telescope/server/core/parser/embedded.go:50.2,50.12 1 4
github.com/sailpoint-oss/telescope/server/core/parser/embedded.go:56.48,56.69 1 2
github.com/sailpoint-oss/telescope/server/core/parser/embedded.go:58.97,60.2 1 1
github.com/sailpoint-oss/telescope/server/core/parser/embedded.go:62.104,64.2 1 1
github.com/sailpoint-oss/telescope/server/core/parser/embedded.go:66.91,71.29 4 5
github.com/sailpoint-oss/telescope/server/core/parser/embedded.go:71.29,73.71 1 8
github.com/sailpoint-oss/telescope/server/core/parser/embedded.go:73.71,86.4 2 3
github.com/sailpoint-oss/telescope/server/core/parser/embedded.go:89.3,90.42 2 8
github.com/sailpoint-oss/telescope/server/core/parser/embedded.go:90.42,103.4 2 2
github.com/sailpoint-oss/telescope/server/core/parser/embedded.go:106.2,106.19 1 5
github.com/sailpoint-oss/telescope/server/core/parser/embedded.go:109.92,111.17 2 8
github.com/sailpoint-oss/telescope/server/core/parser/embedded.go:111.17,113.3 1 1
github.com/sailpoint-oss/telescope/server/core/parser/embedded.go:114.2,114.50 1 7
github.com/sailpoint-oss/telescope/server/core/parser/embedded.go:114.50,115.45 1 29
github.com/sailpoint-oss/telescope/server/core/parser/embedded.go:115.45,117.4 1 19
github.com/sailpoint-oss/telescope/server/core/parser/embedded.go:118.3,119.20 2 10
github.com/sailpoint-oss/telescope/server/core/parser/embedded.go:119.20,121.4 1 1
github.com/sailpoint-oss/telescope/server/core/parser/embedded.go:123.3,124.73 2 9
github.com/sailpoint-oss/telescope/server/core/parser/embedded.go:124.73,126.4 1 0
github.com/sailpoint-oss/telescope/server/core/parser/embedded.go:127.3,137.50 3 9
github.com/sailpoint-oss/telescope/server/core/parser/embedded.go:137.50,142.4 1 1
github.com/sailpoint-oss/telescope/server/core/parser/embedded.go:142.9,144.4 1 8
github.com/sailpoint-oss/telescope/server/core/parser/embedded.go:145.3,145.26 1 9
github.com/sailpoint-oss/telescope/server/core/parser/embedded.go:147.2,147.38 1 7
github.com/sailpoint-oss/telescope/server/core/parser/embedded.go:147.38,147.72 1 3
github.com/sailpoint-oss/telescope/server/core/parser/embedded.go:148.2,148.12 1 7
github.com/sailpoint-oss/telescope/server/core/parser/embedded.go:155.47,155.64 1 2
github.com/sailpoint-oss/telescope/server/core/parser/embedded.go:157.93,159.2 1 1
github.com/sailpoint-oss/telescope/server/core/parser/embedded.go:160.100,162.2 1 1
github.com/sailpoint-oss/telescope/server/core/parser/embedded.go:163.87,165.2 1 1
github.com/sailpoint-oss/telescope/server/core/parser/embedded.go:167.91,169.17 2 1
github.com/sailpoint-oss/telescope/server/core/parser/embedded.go:169.17,171.3 1 0
github.com/sailpoint-oss/telescope/server/core/parser/embedded.go:172.2,172.50 1 1
github.com/sailpoint-oss/telescope/server/core/parser/embedded.go:172.50,173.46 1 8
github.com/sailpoint-oss/telescope/server/core/parser/embedded.go:173.46,175.4 1 3
github.com/sailpoint-oss/telescope/server/core/parser/embedded.go:177.3,178.57 2 5
github.com/sailpoint-oss/telescope/server/core/parser/embedded.go:178.57,180.4 1 3
github.com/sailpoint-oss/telescope/server/core/parser/embedded.go:182.3,182.30 1 2
github.com/sailpoint-oss/telescope/server/core/parser/embedded.go:182.30,184.4 1 1
github.com/sailpoint-oss/telescope/server/core/parser/embedded.go:185.3,186.20 2 1
github.com/sailpoint-oss/telescope/server/core/parser/embedded.go:186.20,188.4 1 0
github.com/sailpoint-oss/telescope/server/core/parser/embedded.go:189.3,198.26 3 1
github.com/sailpoint-oss/telescope/server/core/parser/embedded.go:200.2,200.38 1 1
github.com/sailpoint-oss/telescope/server/core/parser/embedded.go:200.38,200.72 1 0
github.com/sailpoint-oss/telescope/server/core/parser/embedded.go:201.2,201.12 1 1
github.com/sailpoint-oss/telescope/server/core/parser/embedded.go:204.41,209.2 1 8
github.com/sailpoint-oss/telescope/server/core/parser/embedded.go:214.50,214.67 1 1
github.com/sailpoint-oss/telescope/server/core/parser/embedded.go:216.96,218.2 1 1
github.com/sailpoint-oss/telescope/server/core/parser/embedded.go:219.103,221.2 1 1
github.com/sailpoint-oss/telescope/server/core/parser/embedded.go:222.90,224.2 1 1
github.com/sailpoint-oss/telescope/server/core/parser/embedded.go:226.94,228.17 2 1
github.com/sailpoint-oss/telescope/server/core/parser/embedded.go:228.17,230.3 1 0
github.com/sailpoint-oss/telescope/server/core/parser/embedded.go:231.2,231.50 1 1
github.com/sailpoint-oss/telescope/server/core/parser/embedded.go:231.50,232.18 1 12
github.com/sailpoint-oss/telescope/server/core/parser/embedded.go:232.18,234.4 1 0
github.com/sailpoint-oss/telescope/server/core/parser/embedded.go:235.3,235.78 1 12
github.com/sailpoint-oss/telescope/server/core/parser/embedded.go:235.78,237.4 1 11
github.com/sailpoint-oss/telescope/server/core/parser/embedded.go:238.3,238.37 1 1
github.com/sailpoint-oss/telescope/server/core/parser/embedded.go:238.37,239.51 1 3
github.com/sailpoint-oss/telescope/server/core/parser/embedded.go:239.51,240.13 1 0
github.com/sailpoint-oss/telescope/server/core/parser/embedded.go:242.4,243.50 2 3
github.com/sailpoint-oss/telescope/server/core/parser/embedded.go:243.50,244.13 1 1
github.com/sailpoint-oss/telescope/server/core/parser/embedded.go:246.4,247.21 2 2
github.com/sailpoint-oss/telescope/server/core/parser/embedded.go:247.21,248.13 1 0
github.com/sailpoint-oss/telescope/server/core/parser/embedded.go:250.4,251.55 2 2
github.com/sailpoint-oss/telescope/server/core/parser/embedded.go:251.55,252.45 1 1
github.com/sailpoint-oss/telescope/server/core/parser/embedded.go:252.45,254.6 1 1
github.com/sailpoint-oss/telescope/server/core/parser/embedded.go:256.4,264.55 3 2
github.com/sailpoint-oss/telescope/server/core/parser/embedded.go:264.55,269.5 1 1
github.com/sailpoint-oss/telescope/server/core/parser/embedded.go:269.10,271.5 1 1
github.com/sailpoint-oss/telescope/server/core/parser/embedded.go:272.4,272.27 1 2
github.com/sailpoint-oss/telescope/server/core/parser/embedded.go:275.2,275.38 1 1
github.com/sailpoint-oss/telescope/server/core/parser/embedded.go:275.38,275.72 1 1
github.com/sailpoint-oss/telescope/server/core/parser/embedded.go:276.2,276.12 1 1
github.com/sailpoint-oss/telescope/server/core/parser/parser.go:20.78,22.21 2 16
github.com/sailpoint-oss/telescope/server/core/parser/parser.go:22.21,25.3 2 14
github.com/sailpoint-oss/telescope/server/core/parser/parser.go:26.2,26.21 1 16
github.com/sailpoint-oss/telescope/server/core/parser/parser.go:26.21,29.3 2 2
github.com/sailpoint-oss/telescope/server/core/parser/parser.go:30.2,30.10 1 16
github.com/sailpoint-oss/telescope/server/core/parser/parser.go:34.77,36.19 2 21
github.com/sailpoint-oss/telescope/server/core/parser/parser.go:36.19,38.3 1 1
github.com/sailpoint-oss/telescope/server/core/parser/parser.go:39.2,40.17 2 20
github.com/sailpoint-oss/telescope/server/core/parser/parser.go:40.17,42.3 1 0
github.com/sailpoint-oss/telescope/server/core/parser/parser.go:43.2,43.18 1 20
github.com/sailpoint-oss/telescope/server/core/parser/parser.go:47.110,49.19 2 2
github.com/sailpoint-oss/telescope/server/core/parser/parser.go:49.19,51.3 1 1
github.com/sailpoint-oss/telescope/server/core/parser/parser.go:52.2,53.17 2 1
github.com/sailpoint-oss/telescope/server/core/parser/parser.go:53.17,55.3 1 0
github.com/sailpoint-oss/telescope/server/core/parser/parser.go:56.2,56.18 1 1
github.com/sailpoint-oss/telescope/server/core/parser/parser.go:60.26,61.25 1 16
github.com/sailpoint-oss/telescope/server/core/parser/parser.go:61.25,63.3 1 14
github.com/sailpoint-oss/telescope/server/core/parser/parser.go:64.2,64.25 1 16
github.com/sailpoint-oss/telescope/server/core/parser/parser.go:64.25,66.3 1 2
github.com/sailpoint-oss/telescope/server/core/parser/parser.go:69.64,70.16 1 27
github.com/sailpoint-oss/telescope/server/core/parser/parser.go:71.14,72.22 1 3
github.com/sailpoint-oss/telescope/server/core/parser/parser.go:73.10,74.22 1 24
github.com/sailpoint-oss/telescope/server/core/parser/parser.go:85.76,91.2 2 15
github.com/sailpoint-oss/telescope/server/core/parser/parser.go:93.61,94.17 1 103
github.com/sailpoint-oss/telescope/server/core/parser/parser.go:94.17,96.3 1 1
github.com/sailpoint-oss/telescope/server/core/parser/parser.go:98.2,100.21 2 102
github.com/sailpoint-oss/telescope/server/core/parser/parser.go:101.28,102.48 1 28
github.com/sailpoint-oss/telescope/server/core/parser/parser.go:102.48,104.20 2 28
github.com/sailpoint-oss/telescope/server/core/parser/parser.go:104.20,105.13 1 0
github.com/sailpoint-oss/telescope/server/core/parser/parser.go:107.4,108.160 2 28
github.com/sailpoint-oss/telescope/server/core/parser/parser.go:108.160,110.43 2 28
github.com/sailpoint-oss/telescope/server/core/parser/parser.go:110.43,112.6 1 0
github.com/sailpoint-oss/telescope/server/core/parser/parser.go:113.5,113.18 1 28
github.com/sailpoint-oss/telescope/server/core/parser/parser.go:116.3,116.60 1 0
github.com/sailpoint-oss/telescope/server/core/parser/parser.go:118.33,119.48 1 37
github.com/sailpoint-oss/telescope/server/core/parser/parser.go:119.48,121.20 2 37
github.com/sailpoint-oss/telescope/server/core/parser/parser.go:121.20,122.13 1 0
github.com/sailpoint-oss/telescope/server/core/parser/parser.go:124.4,125.21 2 37
github.com/sailpoint-oss/telescope/server/core/parser/parser.go:125.21,126.13 1 0
github.com/sailpoint-oss/telescope/server/core/parser/parser.go:128.4,128.18 1 37
github.com/sailpoint-oss/telescope/server/core/parser/parser.go:128.18,129.13 1 0
github.com/sailpoint-oss/telescope/server/core/parser/parser.go:131.4,132.21 2 37
github.com/sailpoint-oss/telescope/server/core/parser/parser.go:132.21,133.26 1 37
github.com/sailpoint-oss/telescope/server/core/parser/parser.go:133.26,135.6 1 0
github.com/sailpoint-oss/telescope/server/core/parser/parser.go:136.5,136.18 1 37
github.com/sailpoint-oss/telescope/server/core/parser/parser.go:139.3,139.60 1 0
github.com/sailpoint-oss/telescope/server/core/parser/parser.go:141.39,143.48 2 14
github.com/sailpoint-oss/telescope/server/core/parser/parser.go:143.48,145.93 2 20
github.com/sailpoint-oss/telescope/server/core/parser/parser.go:145.93,146.13 1 3
github.com/sailpoint-oss/telescope/server/core/parser/parser.go:148.4,150.18 3 17
github.com/sailpoint-oss/telescope/server/core/parser/parser.go:150.18,151.13 1 0
github.com/sailpoint-oss/telescope/server/core/parser/parser.go:153.4,154.20 2 17
github.com/sailpoint-oss/telescope/server/core/parser/parser.go:154.20,155.13 1 0
github.com/sailpoint-oss/telescope/server/core/parser/parser.go:157.4,158.18 2 17
github.com/sailpoint-oss/telescope/server/core/parser/parser.go:158.18,160.5 1 17
github.com/sailpoint-oss/telescope/server/core/parser/parser.go:161.4,161.22 1 17
github.com/sailpoint-oss/telescope/server/core/parser/parser.go:161.22,163.5 1 0
github.com/sailpoint-oss/telescope/server/core/parser/parser.go:164.4,165.32 2 17
github.com/sailpoint-oss/telescope/server/core/parser/parser.go:167.3,167.11 1 14
github.com/sailpoint-oss/telescope/server/core/parser/parser.go:169.41,171.48 2 2
github.com/sailpoint-oss/telescope/server/core/parser/parser.go:171.48,173.20 2 10
github.com/sailpoint-oss/telescope/server/core/parser/parser.go:173.20,174.13 1 0
github.com/sailpoint-oss/telescope/server/core/parser/parser.go:176.4,177.75 2 10
github.com/sailpoint-oss/telescope/server/core/parser/parser.go:177.75,179.35 2 6
github.com/sailpoint-oss/telescope/server/core/parser/parser.go:179.35,180.52 1 3
github.com/sailpoint-oss/telescope/server/core/parser/parser.go:180.52,182.46 2 6
github.com/sailpoint-oss/telescope/server/core/parser/parser.go:182.46,184.13 2 3
github.com/sailpoint-oss/telescope/server/core/parser/parser.go:187.11,189.6 1 3
github.com/sailpoint-oss/telescope/server/core/parser/parser.go:190.5,190.20 1 6
github.com/sailpoint-oss/telescope/server/core/parser/parser.go:190.20,192.6 1 0
github.com/sailpoint-oss/telescope/server/core/parser/parser.go:193.5,193.36 1 6
github.com/sailpoint-oss/telescope/server/core/parser/parser.go:196.3,196.11 1 2
github.com/sailpoint-oss/telescope/server/core/parser/parser.go:200.17,202.93 2 21
github.com/sailpoint-oss/telescope/server/core/parser/parser.go:204.22,206.75 2 0
github.com/sailpoint-oss/telescope/server/core/parser/parser.go:208.15,210.38 2 0
github.com/sailpoint-oss/telescope/server/core/parser/parser.go:210.38,212.4 1 0
github.com/sailpoint-oss/telescope/server/core/parser/parser.go:213.3,213.40 1 0
github.com/sailpoint-oss/telescope/server/core/parser/parser.go:213.40,215.4 1 0
github.com/sailpoint-oss/telescope/server/core/parser/parser.go:216.3,216.73 1 0
github.com/sailpoint-oss/telescope/server/core/parser/parser.go:218.10,219.48 1 0
github.com/sailpoint-oss/telescope/server/core/parser/parser.go:219.48,221.20 2 0
github.com/sailpoint-oss/telescope/server/core/parser/parser.go:221.20,222.13 1 0
github.com/sailpoint-oss/telescope/server/core/parser/parser.go:224.4,225.48 2 0
github.com/sailpoint-oss/telescope/server/core/parser/parser.go:225.48,226.26 1 0
github.com/sailpoint-oss/telescope/server/core/parser/parser.go:226.26,228.6 1 0
github.com/sailpoint-oss/telescope/server/core/parser/parser.go:229.5,229.18 1 0
github.com/sailpoint-oss/telescope/server/core/parser/parser.go:232.3,232.60 1 0
github.com/sailpoint-oss/telescope/server/core/parser/parser.go:236.57,239.63 3 38
github.com/sailpoint-oss/telescope/server/core/parser/parser.go:239.63,241.3 1 0
github.com/sailpoint-oss/telescope/server/core/parser/parser.go:242.2,244.91 2 38
github.com/sailpoint-oss/telescope/server/core/parser/parser.go:244.91,246.3 1 2
github.com/sailpoint-oss/telescope/server/core/parser/parser.go:247.2,247.13 1 38
github.com/sailpoint-oss/telescope/server/core/parser/parser.go:250.48,257.2 3 103
github.com/sailpoint-oss/telescope/server/core/parser/parser.go:259.40,260.14 1 35
github.com/sailpoint-oss/telescope/server/core/parser/parser.go:261.30,262.14 1 6
github.com/sailpoint-oss/telescope/server/core/parser/parser.go:263.33,264.15 1 4
github.com/sailpoint-oss/telescope/server/core/parser/parser.go:265.35,266.13 1 6
github.com/sailpoint-oss/telescope/server/core/parser/parser.go:268.2,268.13 1 19
github.com/sailpoint-oss/telescope/server/core/parser/parser.go:273.64,275.16 2 7
github.com/sailpoint-oss/telescope/server/core/parser/parser.go:276.14,277.56 1 3
github.com/sailpoint-oss/telescope/server/core/parser/parser.go:277.56,279.4 1 1
github.com/sailpoint-oss/telescope/server/core/parser/parser.go:280.10,281.56 1 4
github.com/sailpoint-oss/telescope/server/core/parser/parser.go:281.56,283.4 1 0
github.com/sailpoint-oss/telescope/server/core/parser/parser.go:285.2,285.28 1 6
github.com/sailpoint-oss/telescope/server/core/parser/parser.go:288.41,289.14 1 31
github.com/sailpoint-oss/telescope/server/core/parser/parser.go:289.14,291.3 1 3
github.com/sailpoint-oss/telescope/server/core/parser/parser.go:292.2,292.25 1 28
github.com/sailpoint-oss/telescope/server/core/parser/parser.go:293.22,295.29 2 5
github.com/sailpoint-oss/telescope/server/core/parser/parser.go:295.29,299.4 3 4
github.com/sailpoint-oss/telescope/server/core/parser/parser.go:300.3,300.14 1 5
github.com/sailpoint-oss/telescope/server/core/parser/parser.go:301.13,303.28 2 5
github.com/sailpoint-oss/telescope/server/core/parser/parser.go:303.28,305.4 1 10
github.com/sailpoint-oss/telescope/server/core/parser/parser.go:306.3,306.14 1 5
github.com/sailpoint-oss/telescope/server/core/parser/parser.go:307.10,308.53 1 18
github.com/sailpoint-oss/telescope/server/core/parser/virtual.go:26.80,31.2 1 4
github.com/sailpoint-oss/telescope/server/core/parser/virtual.go:33.80,34.31 1 5
github.com/sailpoint-oss/telescope/server/core/parser/virtual.go:34.31,36.3 1 1
github.com/sailpoint-oss/telescope/server/core/parser/virtual.go:37.2,38.38 2 4
github.com/sailpoint-oss/telescope/server/core/parser/virtual.go:38.38,40.3 1 4
github.com/sailpoint-oss/telescope/server/core/parser/virtual.go:41.2,44.3 1 4
github.com/sailpoint-oss/telescope/server/core/parser/virtual.go:54.79,59.2 1 3
github.com/sailpoint-oss/telescope/server/core/parser/virtual.go:61.79,62.31 1 5
github.com/sailpoint-oss/telescope/server/core/parser/virtual.go:62.31,64.3 1 1
github.com/sailpoint-oss/telescope/server/core/parser/virtual.go:65.2,66.38 2 4
github.com/sailpoint-oss/telescope/server/core/parser/virtual.go:66.38,68.3 1 3
github.com/sailpoint-oss/telescope/server/core/parser/virtual.go:69.2,72.3 1 4
github.com/sailpoint-oss/telescope/server/core/parser/virtual.go:81.80,82.23 1 2
github.com/sailpoint-oss/telescope/server/core/parser/virtual.go:82.23,87.3 1 1
github.com/sailpoint-oss/telescope/server/core/parser/virtual.go:88.2,91.3 1 1
github.com/sailpoint-oss/telescope/server/core/parser/virtual.go:94.80,95.31 1 4
github.com/sailpoint-oss/telescope/server/core/parser/virtual.go:95.31,97.3 1 1
github.com/sailpoint-oss/telescope/server/core/parser/virtual.go:98.2,98.32 1 3
github.com/sailpoint-oss/telescope/server/core/parser/virtual.go:98.32,100.37 2 2
github.com/sailpoint-oss/telescope/server/core/parser/virtual.go:100.37,102.4 1 1
github.com/sailpoint-oss/telescope/server/core/parser/virtual.go:103.3,103.51 1 2
github.com/sailpoint-oss/telescope/server/core/parser/virtual.go:105.2,108.3 1 1
github.com/sailpoint-oss/telescope/server/core/parser/virtual.go:116.76,117.23 1 9
github.com/sailpoint-oss/telescope/server/core/parser/virtual.go:117.23,122.3 1 6
github.com/sailpoint-oss/telescope/server/core/parser/virtual.go:123.2,126.3 1 3
github.com/sailpoint-oss/telescope/server/core/parser/virtual.go:129.76,130.33 1 5
github.com/sailpoint-oss/telescope/server/core/parser/virtual.go:130.33,132.3 1 1
github.com/sailpoint-oss/telescope/server/core/parser/virtual.go:133.2,133.34 1 4
github.com/sailpoint-oss/telescope/server/core/parser/virtual.go:133.34,135.45 2 2
github.com/sailpoint-oss/telescope/server/core/parser/virtual.go:135.45,137.4 1 2
github.com/sailpoint-oss/telescope/server/core/parser/virtual.go:138.3,138.51 1 2
github.com/sailpoint-oss/telescope/server/core/parser/virtual.go:140.2,143.3 1 2
github.com/sailpoint-oss/telescope/server/core/parser/virtual_manager.go:18.95,24.2 1 5
github.com/sailpoint-oss/telescope/server/core/parser/virtual_manager.go:27.79,32.39 3 3
github.com/sailpoint-oss/telescope/server/core/parser/virtual_manager.go:32.39,34.3 1 0
github.com/sailpoint-oss/telescope/server/core/parser/virtual_manager.go:35.2,37.17 2 3
github.com/sailpoint-oss/telescope/server/core/parser/virtual_manager.go:37.17,39.3 1 0
github.com/sailpoint-oss/telescope/server/core/parser/virtual_manager.go:41.2,42.32 2 3
github.com/sailpoint-oss/telescope/server/core/parser/virtual_manager.go:42.32,44.3 1 3
github.com/sailpoint-oss/telescope/server/core/parser/virtual_manager.go:46.2,47.21 2 3
github.com/sailpoint-oss/telescope/server/core/parser/virtual_manager.go:47.21,49.3 1 4
github.com/sailpoint-oss/telescope/server/core/parser/virtual_manager.go:53.67,57.2 3 3
github.com/sailpoint-oss/telescope/server/core/parser/virtual_manager.go:60.80,64.2 3 2
github.com/sailpoint-oss/telescope/server/core/parser/virtual_manager.go:67.59,70.39 3 1
github.com/sailpoint-oss/telescope/server/core/parser/virtual_manager.go:70.39,72.3 1 1
github.com/sailpoint-oss/telescope/server/core/parser/virtual_manager.go:73.2,73.27 1 1
github.com/sailpoint-oss/telescope/server/core/parser/virtual_manager.go:77.73,79.2 1 2
github.com/sailpoint-oss/telescope/server/core/parser/virtual_manager.go:82.105,85.35 3 4
github.com/sailpoint-oss/telescope/server/core/parser/virtual_manager.go:85.35,87.51 2 7
github.com/sailpoint-oss/telescope/server/core/parser/virtual_manager.go:87.51,89.4 1 2
github.com/sailpoint-oss/telescope/server/core/parser/virtual_manager.go:91.2,91.12 1 2
github.com/sailpoint-oss/telescope/server/contractrunner/runner.go:18.111,20.15 2 11
github.com/sailpoint-oss/telescope/server/contractrunner/runner.go:20.15,22.3 1 3
github.com/sailpoint-oss/telescope/server/contractrunner/runner.go:23.2,24.27 2 8
github.com/sailpoint-oss/telescope/server/contractrunner/runner.go:24.27,26.3 1 3
github.com/sailpoint-oss/telescope/server/contractrunner/runner.go:27.2,30.12 4 8
github.com/sailpoint-oss/telescope/server/contractrunner/runner.go:49.103,51.2 1 0
github.com/sailpoint-oss/telescope/server/contractrunner/runner.go:54.38,56.16 2 22
github.com/sailpoint-oss/telescope/server/contractrunner/runner.go:56.16,58.3 1 8
github.com/sailpoint-oss/telescope/server/contractrunner/runner.go:59.2,62.3 1 22
github.com/sailpoint-oss/telescope/server/contractrunner/runner.go:66.53,67.9 1 15
github.com/sailpoint-oss/telescope/server/contractrunner/runner.go:68.20,69.19 1 4
github.com/sailpoint-oss/telescope/server/contractrunner/runner.go:70.27,71.13 1 11
github.com/sailpoint-oss/telescope/server/contractrunner/runner.go:76.28,77.9 1 10
github.com/sailpoint-oss/telescope/server/contractrunner/runner.go:78.15,78.15 0 8
github.com/sailpoint-oss/telescope/server/contractrunner/runner.go:79.10,79.10 0 2
github.com/sailpoint-oss/telescope/server/contractrunner/runner.go:84.42,88.2 3 8
github.com/sailpoint-oss/telescope/server/contractrunner/runner.go:91.48,95.2 3 4
github.com/sailpoint-oss/telescope/server/contractrunner/runner.go:98.128,99.32 1 8
github.com/sailpoint-oss/telescope/server/contractrunner/runner.go:99.32,101.3 1 2
github.com/sailpoint-oss/telescope/server/contractrunner/runner.go:102.2,102.39 1 6
github.com/sailpoint-oss/telescope/server/contractrunner/runner.go:102.39,104.3 1 1
github.com/sailpoint-oss/telescope/server/contractrunner/runner.go:105.2,105.38 1 5
github.com/sailpoint-oss/telescope/server/contractrunner/runner.go:105.38,107.3 1 1
github.com/sailpoint-oss/telescope/server/contractrunner/runner.go:108.2,116.16 3 4
github.com/sailpoint-oss/telescope/server/contractrunner/runner.go:116.16,118.3 1 1
github.com/sailpoint-oss/telescope/server/contractrunner/runner.go:119.2,119.47 1 3
github.com/sailpoint-oss/telescope/server/contractrunner/runner.go:119.47,122.3 2 1
github.com/sailpoint-oss/telescope/server/contractrunner/runner.go:123.2,126.12 4 2
github.com/sailpoint-oss/telescope/server/contractrunner/runner.go:130.32,131.14 1 6
github.com/sailpoint-oss/telescope/server/contractrunner/runner.go:131.14,133.3 1 1
github.com/sailpoint-oss/telescope/server/contractrunner/runner.go:134.2,138.20 5 5
github.com/sailpoint-oss/telescope/server/contractrunner/runner.go:138.20,140.3 1 1
github.com/sailpoint-oss/telescope/server/contractrunner/runner.go:144.45,146.20 2 3
github.com/sailpoint-oss/telescope/server/contractrunner/runner.go:146.20,148.3 1 1
github.com/sailpoint-oss/telescope/server/contractrunner/runner.go:149.2,149.29 1 2
github.com/sailpoint-oss/telescope/server/contractrunner/runner.go:152.50,153.14 1 6
github.com/sailpoint-oss/telescope/server/contractrunner/runner.go:153.14,155.3 1 3
github.com/sailpoint-oss/telescope/server/contractrunner/runner.go:156.2,158.18 3 3
github.com/sailpoint-oss/telescope/server/contractrunner/runner.go:162.257,164.56 2 2
github.com/sailpoint-oss/telescope/server/contractrunner/runner.go:164.56,166.3 1 0
github.com/sailpoint-oss/telescope/server/contractrunner/runner.go:167.2,168.16 2 2
github.com/sailpoint-oss/telescope/server/contractrunner/runner.go:168.16,170.3 1 2
github.com/sailpoint-oss/telescope/server/contractrunner/runner.go:171.2,180.56 4 0
github.com/sailpoint-oss/telescope/server/contractrunner/runner.go:180.56,182.3 1 0
github.com/sailpoint-oss/telescope/server/contractrunner/runner.go:183.2,183.33 1 0
github.com/sailpoint-oss/telescope/server/contractrunner/runner.go:187.126,189.16 2 1
github.com/sailpoint-oss/telescope/server/contractrunner/runner.go:189.16,191.3 1 1
github.com/sailpoint-oss/telescope/server/contractrunner/runner.go:192.2,192.36 1 0
github.com/sailpoint-oss/telescope/server/contractrunner/runner.go:196.231,198.56 2 1
github.com/sailpoint-oss/telescope/server/contractrunner/runner.go:198.56,200.3 1 0
github.com/sailpoint-oss/telescope/server/contractrunner/runner.go:201.2,202.16 2 1
github.com/sailpoint-oss/telescope/server/contractrunner/runner.go:202.16,204.3 1 1
github.com/sailpoint-oss/telescope/server/contractrunner/runner.go:205.2,212.66 2 0
github.com/sailpoint-oss/telescope/server/contractrunner/runner.go:215.77,216.16 1 5
github.com/sailpoint-oss/telescope/server/contractrunner/runner.go:216.16,218.3 1 1
github.com/sailpoint-oss/telescope/server/contractrunner/runner.go:219.2,220.16 2 4
github.com/sailpoint-oss/telescope/server/bridge/adapt.go:9.80,10.21 1 6
github.com/sailpoint-oss/telescope/server/bridge/adapt.go:10.21,12.3 1 2
github.com/sailpoint-oss/telescope/server/bridge/adapt.go:13.2,14.26 2 4
github.com/sailpoint-oss/telescope/server/bridge/adapt.go:14.26,16.3 1 4
github.com/sailpoint-oss/telescope/server/bridge/adapt.go:17.2,17.15 1 4
github.com/sailpoint-oss/telescope/server/bridge/adapt.go:21.71,31.18 2 5
github.com/sailpoint-oss/telescope/server/bridge/adapt.go:31.18,33.3 1 5
github.com/sailpoint-oss/telescope/server/bridge/adapt.go:34.2,34.29 1 5
github.com/sailpoint-oss/telescope/server/bridge/adapt.go:34.29,36.3 1 2
github.com/sailpoint-oss/telescope/server/bridge/adapt.go:37.2,37.21 1 5
github.com/sailpoint-oss/telescope/server/bridge/adapt.go:37.21,39.28 2 1
github.com/sailpoint-oss/telescope/server/bridge/adapt.go:39.28,41.4 1 1
github.com/sailpoint-oss/telescope/server/bridge/adapt.go:42.3,42.17 1 1
github.com/sailpoint-oss/telescope/server/bridge/adapt.go:44.2,44.24 1 5
github.com/sailpoint-oss/telescope/server/bridge/adapt.go:44.24,46.31 2 2
github.com/sailpoint-oss/telescope/server/bridge/adapt.go:46.31,57.4 1 2
github.com/sailpoint-oss/telescope/server/bridge/adapt.go:58.3,58.30 1 2
github.com/sailpoint-oss/telescope/server/bridge/adapt.go:60.2,60.19 1 5
github.com/sailpoint-oss/telescope/server/bridge/adapt.go:60.19,62.3 1 2
github.com/sailpoint-oss/telescope/server/bridge/adapt.go:63.2,63.11 1 5
github.com/sailpoint-oss/telescope/server/bridge/adapt.go:67.82,68.21 1 3
github.com/sailpoint-oss/telescope/server/bridge/adapt.go:68.21,70.3 1 2
github.com/sailpoint-oss/telescope/server/bridge/adapt.go:71.2,72.26 2 1
github.com/sailpoint-oss/telescope/server/bridge/adapt.go:72.26,74.3 1 1
github.com/sailpoint-oss/telescope/server/bridge/adapt.go:75.2,75.15 1 1
github.com/sailpoint-oss/telescope/server/bridge/adapt.go:78.73,89.37 2 1
github.com/sailpoint-oss/telescope/server/bridge/adapt.go:89.37,91.3 1 1
github.com/sailpoint-oss/telescope/server/bridge/adapt.go:92.2,92.30 1 1
github.com/sailpoint-oss/telescope/server/bridge/adapt.go:92.30,94.3 1 1
github.com/sailpoint-oss/telescope/server/bridge/adapt.go:95.2,95.11 1 1
github.com/sailpoint-oss/telescope/server/bridge/bridge.go:17.61,20.69 1 4
github.com/sailpoint-oss/telescope/server/bridge/bridge.go:20.69,21.51 1 4
github.com/sailpoint-oss/telescope/server/bridge/bridge.go:21.51,23.5 1 1
github.com/sailpoint-oss/telescope/server/bridge/bridge.go:24.4,29.39 6 3
github.com/sailpoint-oss/telescope/server/bridge/bridge.go:44.84,45.23 1 13
github.com/sailpoint-oss/telescope/server/bridge/bridge.go:45.23,46.37 1 13
github.com/sailpoint-oss/telescope/server/bridge/bridge.go:46.37,47.12 1 3
github.com/sailpoint-oss/telescope/server/bridge/bridge.go:49.3,50.20 2 10
github.com/sailpoint-oss/telescope/server/bridge/bridge.go:50.20,51.12 1 1
github.com/sailpoint-oss/telescope/server/bridge/bridge.go:53.3,54.17 2 9
github.com/sailpoint-oss/telescope/server/bridge/bridge.go:54.17,55.12 1 1
github.com/sailpoint-oss/telescope/server/bridge/bridge.go:57.3,57.60 1 8
github.com/sailpoint-oss/telescope/server/bridge/bridge.go:59.2,59.14 1 13
github.com/sailpoint-oss/telescope/server/bridge/bridge.go:71.45,75.20 4 9
github.com/sailpoint-oss/telescope/server/bridge/bridge.go:75.20,77.10 2 21
github.com/sailpoint-oss/telescope/server/bridge/bridge.go:78.23,82.24 1 7
github.com/sailpoint-oss/telescope/server/bridge/bridge.go:82.24,84.5 1 0
github.com/sailpoint-oss/telescope/server/bridge/bridge.go:85.4,85.24 1 7
github.com/sailpoint-oss/telescope/server/bridge/bridge.go:85.24,87.5 1 1
github.com/sailpoint-oss/telescope/server/bridge/bridge.go:88.4,88.50 1 6
github.com/sailpoint-oss/telescope/server/bridge/bridge.go:88.50,91.13 3 6
github.com/sailpoint-oss/telescope/server/bridge/bridge.go:93.4,95.12 3 0
github.com/sailpoint-oss/telescope/server/bridge/bridge.go:96.46,99.12 3 3
github.com/sailpoint-oss/telescope/server/bridge/bridge.go:100.47,103.12 3 1
github.com/sailpoint-oss/telescope/server/bridge/bridge.go:104.29,107.12 3 1
github.com/sailpoint-oss/telescope/server/bridge/bridge.go:108.44,111.12 3 1
github.com/sailpoint-oss/telescope/server/bridge/bridge.go:113.3,113.6 1 8
github.com/sailpoint-oss/telescope/server/bridge/bridge.go:115.2,115.13 1 8
github.com/sailpoint-oss/telescope/server/bridge/bridge.go:129.50,130.19 1 8
github.com/sailpoint-oss/telescope/server/bridge/bridge.go:130.19,132.3 1 0
github.com/sailpoint-oss/telescope/server/bridge/bridge.go:134.2,134.37 1 8
github.com/sailpoint-oss/telescope/server/bridge/bridge.go:134.37,136.3 1 1
github.com/sailpoint-oss/telescope/server/bridge/bridge.go:137.2,137.30 1 7
github.com/sailpoint-oss/telescope/server/bridge/bridge.go:140.54,142.83 2 9
github.com/sailpoint-oss/telescope/server/bridge/bridge.go:142.83,144.3 1 8
github.com/sailpoint-oss/telescope/server/bridge/bridge.go:145.2,145.33 1 1
github.com/sailpoint-oss/telescope/server/bridge/bridge.go:148.84,149.21 1 3
github.com/sailpoint-oss/telescope/server/bridge/bridge.go:149.21,151.3 1 0
github.com/sailpoint-oss/telescope/server/bridge/bridge.go:152.2,153.29 2 3
github.com/sailpoint-oss/telescope/server/bridge/bridge.go:153.29,154.40 1 5
github.com/sailpoint-oss/telescope/server/bridge/bridge.go:154.40,155.12 1 2
github.com/sailpoint-oss/telescope/server/bridge/bridge.go:157.3,157.26 1 3
github.com/sailpoint-oss/telescope/server/bridge/bridge.go:159.2,159.19 1 3
github.com/sailpoint-oss/telescope/server/bridge/bridge.go:159.19,161.3 1 0
github.com/sailpoint-oss/telescope/server/bridge/bridge.go:162.2,162.12 1 3
github.com/sailpoint-oss/telescope/server/bridge/bridge.go:165.66,166.32 1 5
github.com/sailpoint-oss/telescope/server/bridge/bridge.go:166.32,168.3 1 2
github.com/sailpoint-oss/telescope/server/bridge/bridge.go:169.2,169.61 1 3
github.com/sailpoint-oss/telescope/server/bridge/bridge.go:169.61,171.3 1 1
github.com/sailpoint-oss/telescope/server/bridge/bridge.go:172.2,172.86 1 2
github.com/sailpoint-oss/telescope/server/bridge/bridge.go:175.56,176.26 1 25
github.com/sailpoint-oss/telescope/server/bridge/bridge.go:177.25,178.16 1 17
github.com/sailpoint-oss/telescope/server/bridge/bridge.go:179.22,180.28 1 4
github.com/sailpoint-oss/telescope/server/bridge/bridge.go:180.28,182.4 1 3
github.com/sailpoint-oss/telescope/server/bridge/bridge.go:184.2,184.11 1 5
github.com/sailpoint-oss/telescope/server/bridge/bridge.go:188.85,192.26 3 9
github.com/sailpoint-oss/telescope/server/bridge/bridge.go:192.26,193.52 1 8
github.com/sailpoint-oss/telescope/server/bridge/bridge.go:193.52,197.24 4 2
github.com/sailpoint-oss/telescope/server/bridge/bridge.go:197.24,199.5 1 0
github.com/sailpoint-oss/telescope/server/bridge/bridge.go:200.4,200.32 1 2
github.com/sailpoint-oss/telescope/server/bridge/bridge.go:200.32,202.5 1 0
github.com/sailpoint-oss/telescope/server/bridge/bridge.go:202.10,204.5 1 2
github.com/sailpoint-oss/telescope/server/bridge/bridge.go:205.9,205.59 1 6
github.com/sailpoint-oss/telescope/server/bridge/bridge.go:205.59,206.24 1 5
github.com/sailpoint-oss/telescope/server/bridge/bridge.go:206.24,208.5 1 0
github.com/sailpoint-oss/telescope/server/bridge/bridge.go:209.4,209.32 1 5
github.com/sailpoint-oss/telescope/server/bridge/bridge.go:209.32,211.5 1 0
github.com/sailpoint-oss/telescope/server/bridge/bridge.go:211.10,213.5 1 5
github.com/sailpoint-oss/telescope/server/bridge/bridge.go:217.2,217.22 1 9
github.com/sailpoint-oss/telescope/server/bridge/bridge.go:217.22,220.3 2 0
github.com/sailpoint-oss/telescope/server/bridge/bridge.go:222.2,222.12 1 9
github.com/sailpoint-oss/telescope/server/bridge/bridge.go:225.58,226.16 1 7
github.com/sailpoint-oss/telescope/server/bridge/bridge.go:226.16,228.3 1 1
github.com/sailpoint-oss/telescope/server/bridge/bridge.go:229.2,230.64 2 6
github.com/sailpoint-oss/telescope/server/bridge/bridge.go:230.64,232.3 1 1
github.com/sailpoint-oss/telescope/server/bridge/bridge.go:233.2,233.39 1 6
github.com/sailpoint-oss/telescope/server/bridge/bridge.go:233.39,234.28 1 0
github.com/sailpoint-oss/telescope/server/bridge/bridge.go:234.28,241.4 1 0
github.com/sailpoint-oss/telescope/server/bridge/bridge.go:243.2,243.11 1 6
github.com/sailpoint-oss/telescope/server/bridge/stabilize.go:27.102,28.58 1 6
github.com/sailpoint-oss/telescope/server/bridge/stabilize.go:28.58,30.3 1 1
github.com/sailpoint-oss/telescope/server/bridge/stabilize.go:32.2,33.22 2 5
github.com/sailpoint-oss/telescope/server/bridge/stabilize.go:33.22,35.3 1 2
github.com/sailpoint-oss/telescope/server/bridge/stabilize.go:37.2,40.24 3 3
github.com/sailpoint-oss/telescope/server/bridge/stabilize.go:40.24,41.50 1 3
github.com/sailpoint-oss/telescope/server/bridge/stabilize.go:41.50,42.12 1 0
github.com/sailpoint-oss/telescope/server/bridge/stabilize.go:44.3,45.10 2 3
github.com/sailpoint-oss/telescope/server/bridge/stabilize.go:45.10,46.12 1 0
github.com/sailpoint-oss/telescope/server/bridge/stabilize.go:48.3,49.10 2 3
github.com/sailpoint-oss/telescope/server/bridge/stabilize.go:49.10,50.12 1 0
github.com/sailpoint-oss/telescope/server/bridge/stabilize.go:53.3,54.34 2 3
github.com/sailpoint-oss/telescope/server/bridge/stabilize.go:54.34,56.4 1 2
github.com/sailpoint-oss/telescope/server/bridge/stabilize.go:57.3,57.36 1 3
github.com/sailpoint-oss/telescope/server/bridge/stabilize.go:57.36,60.4 2 3
github.com/sailpoint-oss/telescope/server/bridge/stabilize.go:63.2,63.15 1 3
github.com/sailpoint-oss/telescope/server/bridge/stabilize.go:66.51,68.2 1 3
github.com/sailpoint-oss/telescope/server/bridge/stabilize.go:70.104,71.16 1 5
github.com/sailpoint-oss/telescope/server/bridge/stabilize.go:71.16,73.3 1 0
github.com/sailpoint-oss/telescope/server/bridge/stabilize.go:75.2,78.66 3 5
github.com/sailpoint-oss/telescope/server/bridge/stabilize.go:78.66,80.40 2 7
github.com/sailpoint-oss/telescope/server/bridge/stabilize.go:80.40,82.18 2 7
github.com/sailpoint-oss/telescope/server/bridge/stabilize.go:82.18,83.13 1 1
github.com/sailpoint-oss/telescope/server/bridge/stabilize.go:86.4,87.35 2 6
github.com/sailpoint-oss/telescope/server/bridge/stabilize.go:87.35,89.13 2 3
github.com/sailpoint-oss/telescope/server/bridge/stabilize.go:91.4,94.5 1 3
github.com/sailpoint-oss/telescope/server/bridge/stabilize.go:98.2,98.15 1 5
github.com/sailpoint-oss/telescope/server/bridge/stabilize.go:101.77,102.105 1 3
github.com/sailpoint-oss/telescope/server/bridge/stabilize.go:102.105,104.10 2 3
github.com/sailpoint-oss/telescope/server/bridge/stabilize.go:104.10,105.12 1 0
github.com/sailpoint-oss/telescope/server/bridge/stabilize.go:107.3,108.24 2 3
github.com/sailpoint-oss/telescope/server/bridge/stabilize.go:108.24,110.4 1 0
github.com/sailpoint-oss/telescope/server/bridge/stabilize.go:111.3,111.28 1 3
github.com/sailpoint-oss/telescope/server/bridge/stabilize.go:113.2,113.22 1 0
github.com/sailpoint-oss/telescope/server/bridge/stabilize.go:116.63,117.51 1 3
github.com/sailpoint-oss/telescope/server/bridge/stabilize.go:117.51,119.3 1 3
github.com/sailpoint-oss/telescope/server/bridge/stabilize.go:120.2,120.42 1 0
github.com/sailpoint-oss/telescope/server/bridge/stabilize.go:123.85,125.26 2 5
github.com/sailpoint-oss/telescope/server/bridge/stabilize.go:125.26,127.3 1 7
github.com/sailpoint-oss/telescope/server/bridge/stabilize.go:128.2,129.13 2 5
github.com/sailpoint-oss/telescope/server/config/config.go:110.30,132.2 1 17
github.com/sailpoint-oss/telescope/server/config/config.go:136.55,137.14 1 3
github.com/sailpoint-oss/telescope/server/config/config.go:137.14,139.3 1 0
github.com/sailpoint-oss/telescope/server/config/config.go:141.2,142.50 2 3
github.com/sailpoint-oss/telescope/server/config/config.go:142.50,144.3 1 3
github.com/sailpoint-oss/telescope/server/config/config.go:145.2,146.15 2 3
github.com/sailpoint-oss/telescope/server/config/config.go:146.15,148.3 1 0
github.com/sailpoint-oss/telescope/server/config/config.go:149.2,149.21 1 3
github.com/sailpoint-oss/telescope/server/config/config.go:149.21,151.3 1 0
github.com/sailpoint-oss/telescope/server/config/config.go:152.2,152.31 1 3
github.com/sailpoint-oss/telescope/server/config/config.go:152.31,154.3 1 1
github.com/sailpoint-oss/telescope/server/config/config.go:155.2,155.11 1 3
github.com/sailpoint-oss/telescope/server/config/config.go:159.50,160.14 1 4
github.com/sailpoint-oss/telescope/server/config/config.go:160.14,162.3 1 0
github.com/sailpoint-oss/telescope/server/config/config.go:163.2,163.52 1 4
github.com/sailpoint-oss/telescope/server/config/config.go:163.52,165.3 1 1
github.com/sailpoint-oss/telescope/server/config/config.go:166.2,166.40 1 3
github.com/sailpoint-oss/telescope/server/config/config.go:166.40,168.3 1 3
github.com/sailpoint-oss/telescope/server/config/config.go:169.2,169.39 1 0
github.com/sailpoint-oss/telescope/server/config/config.go:174.54,175.14 1 13
github.com/sailpoint-oss/telescope/server/config/config.go:175.14,177.3 1 1
github.com/sailpoint-oss/telescope/server/config/config.go:178.2,178.22 1 12
github.com/sailpoint-oss/telescope/server/config/config.go:178.22,180.17 2 1
github.com/sailpoint-oss/telescope/server/config/config.go:180.17,182.4 1 0
github.com/sailpoint-oss/telescope/server/config/config.go:184.2,185.16 2 12
github.com/sailpoint-oss/telescope/server/config/config.go:185.16,187.3 1 2
github.com/sailpoint-oss/telescope/server/config/config.go:188.2,188.43 1 10
github.com/sailpoint-oss/telescope/server/config/config.go:194.57,195.34 1 10
github.com/sailpoint-oss/telescope/server/config/config.go:195.34,197.15 2 0
github.com/sailpoint-oss/telescope/server/config/config.go:198.35,199.15 1 0
github.com/sailpoint-oss/telescope/server/config/config.go:200.11,201.15 1 0
github.com/sailpoint-oss/telescope/server/config/config.go:204.2,205.14 2 10
github.com/sailpoint-oss/telescope/server/config/config.go:206.30,207.14 1 7
github.com/sailpoint-oss/telescope/server/config/config.go:208.10,209.14 1 3
github.com/sailpoint-oss/telescope/server/config/config.go:214.55,215.34 1 1
github.com/sailpoint-oss/telescope/server/config/config.go:215.34,217.14 2 1
github.com/sailpoint-oss/telescope/server/config/config.go:217.14,219.4 1 1
github.com/sailpoint-oss/telescope/server/config/config.go:221.2,221.14 1 0
github.com/sailpoint-oss/telescope/server/config/config.go:221.14,223.3 1 0
github.com/sailpoint-oss/telescope/server/config/config.go:224.2,225.13 2 0
github.com/sailpoint-oss/telescope/server/config/config.go:225.13,227.3 1 0
github.com/sailpoint-oss/telescope/server/config/config.go:228.2,228.10 1 0
github.com/sailpoint-oss/telescope/server/config/config.go:233.50,234.14 1 4
github.com/sailpoint-oss/telescope/server/config/config.go:234.14,236.3 1 0
github.com/sailpoint-oss/telescope/server/config/config.go:237.2,237.22 1 4
github.com/sailpoint-oss/telescope/server/config/config.go:237.22,239.157 2 1
github.com/sailpoint-oss/telescope/server/config/config.go:239.157,241.4 1 1
github.com/sailpoint-oss/telescope/server/config/config.go:242.3,242.39 1 1
github.com/sailpoint-oss/telescope/server/config/config.go:242.39,244.4 1 1
github.com/sailpoint-oss/telescope/server/config/config.go:245.3,245.61 1 1
github.com/sailpoint-oss/telescope/server/config/config.go:245.61,247.4 1 1
github.com/sailpoint-oss/telescope/server/config/config.go:249.2,250.23 2 3
github.com/sailpoint-oss/telescope/server/config/config.go:250.23,252.3 1 0
github.com/sailpoint-oss/telescope/server/config/config.go:253.2,253.16 1 3
github.com/sailpoint-oss/telescope/server/config/config.go:257.36,258.50 1 1
github.com/sailpoint-oss/telescope/server/config/config.go:258.50,259.25 1 2
github.com/sailpoint-oss/telescope/server/config/config.go:259.25,261.4 1 1
github.com/sailpoint-oss/telescope/server/config/config.go:263.2,263.14 1 0
github.com/sailpoint-oss/telescope/server/config/config.go:267.40,268.30 1 10
github.com/sailpoint-oss/telescope/server/config/config.go:268.30,270.3 1 2
github.com/sailpoint-oss/telescope/server/config/config.go:271.2,271.43 1 8
github.com/sailpoint-oss/telescope/server/config/config.go:271.43,272.23 1 4
github.com/sailpoint-oss/telescope/server/config/config.go:272.23,274.4 1 1
github.com/sailpoint-oss/telescope/server/config/config.go:276.2,276.14 1 7
github.com/sailpoint-oss/telescope/server/config/config.go:279.50,280.19 1 4
github.com/sailpoint-oss/telescope/server/config/config.go:280.19,282.3 1 0
github.com/sailpoint-oss/telescope/server/config/config.go:283.2,284.29 2 4
github.com/sailpoint-oss/telescope/server/config/config.go:284.29,285.32 1 9
github.com/sailpoint-oss/telescope/server/config/config.go:285.32,286.26 1 7
github.com/sailpoint-oss/telescope/server/config/config.go:286.26,288.5 1 2
github.com/sailpoint-oss/telescope/server/config/config.go:290.3,290.28 1 7
github.com/sailpoint-oss/telescope/server/config/config.go:292.2,292.27 1 4
github.com/sailpoint-oss/telescope/server/config/config.go:292.27,293.49 1 7
github.com/sailpoint-oss/telescope/server/config/config.go:293.49,294.52 1 7
github.com/sailpoint-oss/telescope/server/config/config.go:295.25,296.21 1 2
github.com/sailpoint-oss/telescope/server/config/config.go:297.18,298.18 1 3
github.com/sailpoint-oss/telescope/server/config/config.go:299.16,301.18 2 2
github.com/sailpoint-oss/telescope/server/config/config.go:305.2,305.12 1 4
github.com/sailpoint-oss/telescope/server/config/config.go:309.45,310.74 1 5
github.com/sailpoint-oss/telescope/server/config/config.go:310.74,312.3 1 0
github.com/sailpoint-oss/telescope/server/config/config.go:313.2,313.36 1 5
github.com/sailpoint-oss/telescope/server/config/config.go:318.41,320.2 1 5
github.com/sailpoint-oss/telescope/server/config/config.go:324.46,325.43 1 4
github.com/sailpoint-oss/telescope/server/config/config.go:325.43,326.25 1 2
github.com/sailpoint-oss/telescope/server/config/config.go:326.25,328.4 1 1
github.com/sailpoint-oss/telescope/server/config/config.go:330.2,330.14 1 3
github.com/sailpoint-oss/telescope/server/config/config.go:335.40,337.21 2 11
github.com/sailpoint-oss/telescope/server/config/config.go:337.21,339.3 1 2
github.com/sailpoint-oss/telescope/server/config/config.go:340.2,340.38 1 9
github.com/sailpoint-oss/telescope/server/config/config.go:340.38,342.3 1 2
github.com/sailpoint-oss/telescope/server/config/config.go:343.2,344.68 2 7
github.com/sailpoint-oss/telescope/server/config/config.go:344.68,346.3 1 5
github.com/sailpoint-oss/telescope/server/config/config.go:347.2,347.17 1 2
github.com/sailpoint-oss/telescope/server/config/config.go:351.54,353.2 1 3
github.com/sailpoint-oss/telescope/server/config/contract.go:63.60,65.24 2 5
github.com/sailpoint-oss/telescope/server/config/contract.go:65.24,67.14 2 40
github.com/sailpoint-oss/telescope/server/config/contract.go:67.14,69.4 1 8
github.com/sailpoint-oss/telescope/server/config/contract.go:71.2,79.20 9 5
github.com/sailpoint-oss/telescope/server/config/contract.go:79.20,81.3 1 1
github.com/sailpoint-oss/telescope/server/config/contract.go:82.2,82.101 1 4
github.com/sailpoint-oss/telescope/server/config/contract.go:97.136,99.14 2 2
github.com/sailpoint-oss/telescope/server/config/contract.go:99.14,101.3 1 0
github.com/sailpoint-oss/telescope/server/config/contract.go:102.2,102.36 1 2
github.com/sailpoint-oss/telescope/server/config/contract.go:102.36,104.3 1 9
github.com/sailpoint-oss/telescope/server/config/contract.go:105.2,105.39 1 2
github.com/sailpoint-oss/telescope/server/config/contract.go:105.39,107.17 2 3
github.com/sailpoint-oss/telescope/server/config/contract.go:107.17,108.12 1 0
github.com/sailpoint-oss/telescope/server/config/contract.go:110.3,110.63 1 3
github.com/sailpoint-oss/telescope/server/config/contract.go:110.63,111.64 1 1
github.com/sailpoint-oss/telescope/server/config/contract.go:111.64,113.13 2 1
github.com/sailpoint-oss/telescope/server/config/contract.go:116.3,116.61 1 2
github.com/sailpoint-oss/telescope/server/config/contract.go:116.61,118.12 2 0
github.com/sailpoint-oss/telescope/server/config/contract.go:120.3,120.66 1 2
github.com/sailpoint-oss/telescope/server/config/contract.go:120.66,122.12 2 1
github.com/sailpoint-oss/telescope/server/config/contract.go:124.3,124.64 1 1
github.com/sailpoint-oss/telescope/server/config/contract.go:124.64,126.12 2 0
github.com/sailpoint-oss/telescope/server/config/contract.go:131.2,131.52 1 2
github.com/sailpoint-oss/telescope/server/config/contract.go:135.60,136.38 1 7
github.com/sailpoint-oss/telescope/server/config/contract.go:136.38,138.3 1 3
github.com/sailpoint-oss/telescope/server/config/contract.go:139.2,140.31 2 4
github.com/sailpoint-oss/telescope/server/config/contract.go:140.31,142.14 2 9
github.com/sailpoint-oss/telescope/server/config/contract.go:142.14,144.4 1 4
github.com/sailpoint-oss/telescope/server/config/contract.go:146.2,146.19 1 4
github.com/sailpoint-oss/telescope/server/config/contract.go:146.19,148.3 1 1
github.com/sailpoint-oss/telescope/server/config/contract.go:149.2,149.12 1 3
github.com/sailpoint-oss/telescope/server/config/contract.go:152.100,153.25 1 3
github.com/sailpoint-oss/telescope/server/config/contract.go:153.25,155.3 1 1
github.com/sailpoint-oss/telescope/server/config/contract.go:156.2,156.17 1 2
github.com/sailpoint-oss/telescope/server/config/contract.go:156.17,158.3 1 0
github.com/sailpoint-oss/telescope/server/config/contract.go:159.2,159.30 1 2
github.com/sailpoint-oss/telescope/server/config/contract.go:159.30,160.63 1 2
github.com/sailpoint-oss/telescope/server/config/contract.go:160.63,161.12 1 0
github.com/sailpoint-oss/telescope/server/config/contract.go:163.3,163.14 1 2
github.com/sailpoint-oss/telescope/server/config/contract.go:165.2,165.13 1 2
github.com/sailpoint-oss/telescope/server/config/contract.go:169.80,170.39 1 7
github.com/sailpoint-oss/telescope/server/config/contract.go:170.39,172.3 1 1
github.com/sailpoint-oss/telescope/server/config/contract.go:173.2,173.59 1 6
github.com/sailpoint-oss/telescope/server/config/contract.go:173.59,175.3 1 3
github.com/sailpoint-oss/telescope/server/config/contract.go:176.2,176.32 1 3
github.com/sailpoint-oss/telescope/server/config/contract.go:180.58,181.36 1 7
github.com/sailpoint-oss/telescope/server/config/contract.go:181.36,183.3 1 4
github.com/sailpoint-oss/telescope/server/config/contract.go:184.2,184.22 1 3
github.com/sailpoint-oss/telescope/server/config/contract.go:189.76,190.21 1 0
github.com/sailpoint-oss/telescope/server/config/contract.go:190.21,192.3 1 0
github.com/sailpoint-oss/telescope/server/config/contract.go:193.2,193.38 1 0
github.com/sailpoint-oss/telescope/server/config/contract_v2.go:15.225,16.79 1 1
github.com/sailpoint-oss/telescope/server/config/contract_v2.go:16.79,18.3 1 0
github.com/sailpoint-oss/telescope/server/config/contract_v2.go:20.2,21.16 2 1
github.com/sailpoint-oss/telescope/server/config/contract_v2.go:21.16,23.3 1 0
github.com/sailpoint-oss/telescope/server/config/contract_v2.go:24.2,24.23 1 1
github.com/sailpoint-oss/telescope/server/config/contract_v2.go:24.23,26.3 1 1
github.com/sailpoint-oss/telescope/server/config/contract_v2.go:27.2,28.16 2 1
github.com/sailpoint-oss/telescope/server/config/contract_v2.go:28.16,30.3 1 0
github.com/sailpoint-oss/telescope/server/config/contract_v2.go:32.2,32.62 1 1
github.com/sailpoint-oss/telescope/server/config/contract_v2.go:32.62,34.23 2 3
github.com/sailpoint-oss/telescope/server/config/contract_v2.go:34.23,35.12 1 0
github.com/sailpoint-oss/telescope/server/config/contract_v2.go:37.3,37.47 1 3
[...]
github.com/sailpoint-oss/telescope/server/lsp/symbols.go:22.54,23.46 1 36
github.com/sailpoint-oss/telescope/server/lsp/symbols.go:23.46,25.3 1 13
github.com/sailpoint-oss/telescope/server/lsp/symbols.go:26.2,26.42 1 23
github.com/sailpoint-oss/telescope/server/lsp/symbols.go:26.42,28.3 1 4
github.com/sailpoint-oss/telescope/server/lsp/symbols.go:29.2,29.13 1 19
github.com/sailpoint-oss/telescope/server/lsp/symbols.go:32.50,34.2 1 63
github.com/sailpoint-oss/telescope/server/lsp/symbols.go:37.95,38.109 1 83
github.com/sailpoint-oss/telescope/server/lsp/symbols.go:38.109,40.37 2 1
github.com/sailpoint-oss/telescope/server/lsp/symbols.go:40.37,44.4 1 0
github.com/sailpoint-oss/telescope/server/lsp/symbols.go:46.3,49.31 2 1
github.com/sailpoint-oss/telescope/server/lsp/symbols.go:49.31,52.19 3 1
github.com/sailpoint-oss/telescope/server/lsp/symbols.go:52.19,54.5 1 0
github.com/sailpoint-oss/telescope/server/lsp/symbols.go:55.4,56.26 2 1
github.com/sailpoint-oss/telescope/server/lsp/symbols.go:56.26,58.5 1 1
github.com/sailpoint-oss/telescope/server/lsp/symbols.go:59.4,65.6 1 1
github.com/sailpoint-oss/telescope/server/lsp/symbols.go:69.3,69.34 1 1
github.com/sailpoint-oss/telescope/server/lsp/symbols.go:69.34,71.47 2 1
github.com/sailpoint-oss/telescope/server/lsp/symbols.go:71.47,78.42 2 1
github.com/sailpoint-oss/telescope/server/lsp/symbols.go:78.42,80.40 2 2
github.com/sailpoint-oss/telescope/server/lsp/symbols.go:80.40,82.7 1 2
github.com/sailpoint-oss/telescope/server/lsp/symbols.go:83.6,88.8 1 2
github.com/sailpoint-oss/telescope/server/lsp/symbols.go:90.5,90.52 1 1
github.com/sailpoint-oss/telescope/server/lsp/symbols.go:92.4,98.6 1 1
github.com/sailpoint-oss/telescope/server/lsp/symbols.go:101.3,101.37 1 1
github.com/sailpoint-oss/telescope/server/lsp/symbols.go:101.37,103.4 1 0
github.com/sailpoint-oss/telescope/server/lsp/symbols.go:104.3,107.28 2 1
github.com/sailpoint-oss/telescope/server/lsp/symbols.go:107.28,109.43 2 1
github.com/sailpoint-oss/telescope/server/lsp/symbols.go:109.43,117.5 1 2
github.com/sailpoint-oss/telescope/server/lsp/symbols.go:118.4,118.111 1 1
github.com/sailpoint-oss/telescope/server/lsp/symbols.go:122.3,122.31 1 1
github.com/sailpoint-oss/telescope/server/lsp/symbols.go:122.31,124.45 2 0
github.com/sailpoint-oss/telescope/server/lsp/symbols.go:124.45,126.23 2 0
github.com/sailpoint-oss/telescope/server/lsp/symbols.go:126.23,128.6 1 0
github.com/sailpoint-oss/telescope/server/lsp/symbols.go:129.5,135.7 1 0
github.com/sailpoint-oss/telescope/server/lsp/symbols.go:137.4,137.114 1 0
github.com/sailpoint-oss/telescope/server/lsp/symbols.go:141.3,141.30 1 1
github.com/sailpoint-oss/telescope/server/lsp/symbols.go:141.30,143.43 2 0
github.com/sailpoint-oss/telescope/server/lsp/symbols.go:143.43,151.5 1 0
github.com/sailpoint-oss/telescope/server/lsp/symbols.go:152.4,152.113 1 0
github.com/sailpoint-oss/telescope/server/lsp/symbols.go:156.3,156.34 1 1
github.com/sailpoint-oss/telescope/server/lsp/symbols.go:156.34,158.45 2 0
github.com/sailpoint-oss/telescope/server/lsp/symbols.go:158.45,166.5 1 0
github.com/sailpoint-oss/telescope/server/lsp/symbols.go:167.4,167.117 1 0
github.com/sailpoint-oss/telescope/server/lsp/symbols.go:171.3,171.28 1 1
github.com/sailpoint-oss/telescope/server/lsp/symbols.go:171.28,173.40 2 0
github.com/sailpoint-oss/telescope/server/lsp/symbols.go:173.40,181.5 1 0
github.com/sailpoint-oss/telescope/server/lsp/symbols.go:182.4,182.111 1 0
github.com/sailpoint-oss/telescope/server/lsp/symbols.go:186.3,186.36 1 1
github.com/sailpoint-oss/telescope/server/lsp/symbols.go:186.36,188.47 2 1
github.com/sailpoint-oss/telescope/server/lsp/symbols.go:188.47,196.5 1 1
github.com/sailpoint-oss/telescope/server/lsp/symbols.go:197.4,197.119 1 1
github.com/sailpoint-oss/telescope/server/lsp/symbols.go:201.3,201.26 1 1
github.com/sailpoint-oss/telescope/server/lsp/symbols.go:201.26,203.39 2 0
github.com/sailpoint-oss/telescope/server/lsp/symbols.go:203.39,211.5 1 0
github.com/sailpoint-oss/telescope/server/lsp/symbols.go:212.4,212.109 1 0
github.com/sailpoint-oss/telescope/server/lsp/symbols.go:216.3,216.30 1 1
github.com/sailpoint-oss/telescope/server/lsp/symbols.go:216.30,218.41 2 0
github.com/sailpoint-oss/telescope/server/lsp/symbols.go:218.41,226.5 2 0
github.com/sailpoint-oss/telescope/server/lsp/symbols.go:227.4,227.113 1 0
github.com/sailpoint-oss/telescope/server/lsp/symbols.go:230.3,230.45 1 1
github.com/sailpoint-oss/telescope/server/lsp/symbols.go:234.104,235.24 1 1
github.com/sailpoint-oss/telescope/server/lsp/symbols.go:235.24,237.3 1 0
github.com/sailpoint-oss/telescope/server/lsp/symbols.go:238.2,239.40 2 1
github.com/sailpoint-oss/telescope/server/lsp/symbols.go:239.40,247.3 1 1
github.com/sailpoint-oss/telescope/server/lsp/symbols.go:248.2,255.16 2 1
github.com/sailpoint-oss/telescope/server/lsp/symbols.go:258.128,266.2 1 2
github.com/sailpoint-oss/telescope/server/lsp/symbols.go:268.56,269.26 1 2
github.com/sailpoint-oss/telescope/server/lsp/symbols.go:269.26,270.18 1 1
github.com/sailpoint-oss/telescope/server/lsp/symbols.go:270.18,272.4 1 1
github.com/sailpoint-oss/telescope/server/lsp/symbols.go:274.2,274.25 1 1
github.com/sailpoint-oss/telescope/server/lsp/symbols.go:277.41,278.19 1 7
github.com/sailpoint-oss/telescope/server/lsp/symbols.go:278.19,280.3 1 6
github.com/sailpoint-oss/telescope/server/lsp/symbols.go:281.2,281.26 1 1
github.com/sailpoint-oss/telescope/server/lsp/type_definition.go:19.139,20.103 1 84
github.com/sailpoint-oss/telescope/server/lsp/type_definition.go:20.103,24.26 4 2
github.com/sailpoint-oss/telescope/server/lsp/type_definition.go:24.26,26.4 1 0
github.com/sailpoint-oss/telescope/server/lsp/type_definition.go:27.3,28.17 2 2
github.com/sailpoint-oss/telescope/server/lsp/type_definition.go:28.17,29.21 1 0
github.com/sailpoint-oss/telescope/server/lsp/type_definition.go:29.21,31.5 1 0
github.com/sailpoint-oss/telescope/server/lsp/type_definition.go:32.4,32.19 1 0
github.com/sailpoint-oss/telescope/server/lsp/type_definition.go:35.3,36.17 2 2
github.com/sailpoint-oss/telescope/server/lsp/type_definition.go:36.17,38.4 1 0
github.com/sailpoint-oss/telescope/server/lsp/type_definition.go:40.3,43.37 2 2
github.com/sailpoint-oss/telescope/server/lsp/type_definition.go:43.37,45.23 2 2
github.com/sailpoint-oss/telescope/server/lsp/type_definition.go:45.23,46.58 1 2
github.com/sailpoint-oss/telescope/server/lsp/type_definition.go:46.58,47.52 1 2
github.com/sailpoint-oss/telescope/server/lsp/type_definition.go:47.52,48.24 1 2
github.com/sailpoint-oss/telescope/server/lsp/type_definition.go:48.24,53.8 1 0
github.com/sailpoint-oss/telescope/server/lsp/type_definition.go:54.7,54.84 1 2
github.com/sailpoint-oss/telescope/server/lsp/type_definition.go:57.5,57.84 1 0
github.com/sailpoint-oss/telescope/server/lsp/type_definition.go:57.84,58.23 1 0
github.com/sailpoint-oss/telescope/server/lsp/type_definition.go:58.23,64.7 1 0
github.com/sailpoint-oss/telescope/server/lsp/type_definition.go:65.6,65.43 1 0
github.com/sailpoint-oss/telescope/server/lsp/type_definition.go:68.5,68.23 1 0
github.com/sailpoint-oss/telescope/server/lsp/type_definition.go:68.23,70.6 1 0
github.com/sailpoint-oss/telescope/server/lsp/type_definition.go:71.5,71.75 1 0
github.com/sailpoint-oss/telescope/server/lsp/type_definition.go:71.75,72.23 1 0
github.com/sailpoint-oss/telescope/server/lsp/type_definition.go:72.23,78.7 1 0
github.com/sailpoint-oss/telescope/server/lsp/type_definition.go:79.6,79.43 1 0
github.com/sailpoint-oss/telescope/server/lsp/type_definition.go:85.3,85.43 1 0
github.com/sailpoint-oss/telescope/server/lsp/type_definition.go:85.43,86.41 1 0
github.com/sailpoint-oss/telescope/server/lsp/type_definition.go:86.41,87.47 1 0
github.com/sailpoint-oss/telescope/server/lsp/type_definition.go:87.47,88.86 1 0
github.com/sailpoint-oss/telescope/server/lsp/type_definition.go:88.86,89.15 1 0
github.com/sailpoint-oss/telescope/server/lsp/type_definition.go:91.6,91.25 1 0
github.com/sailpoint-oss/telescope/server/lsp/type_definition.go:91.25,92.29 1 0
github.com/sailpoint-oss/telescope/server/lsp/type_definition.go:92.29,94.8 1 0
github.com/sailpoint-oss/telescope/server/lsp/type_definition.go:95.7,95.66 1 0
github.com/sailpoint-oss/telescope/server/lsp/type_definition.go:95.66,97.8 1 0
github.com/sailpoint-oss/telescope/server/lsp/type_definition.go:102.5,102.49 1 0
github.com/sailpoint-oss/telescope/server/lsp/type_definition.go:102.49,103.21 1 0
github.com/sailpoint-oss/telescope/server/lsp/type_definition.go:103.21,104.15 1 0
github.com/sailpoint-oss/telescope/server/lsp/type_definition.go:106.6,106.41 1 0
github.com/sailpoint-oss/telescope/server/lsp/type_definition.go:106.41,107.46 1 0
github.com/sailpoint-oss/telescope/server/lsp/type_definition.go:107.46,108.16 1 0
github.com/sailpoint-oss/telescope/server/lsp/type_definition.go:110.7,110.98 1 0
github.com/sailpoint-oss/telescope/server/lsp/type_definition.go:110.98,111.16 1 0
github.com/sailpoint-oss/telescope/server/lsp/type_definition.go:113.7,113.33 1 0
github.com/sailpoint-oss/telescope/server/lsp/type_definition.go:113.33,115.8 1 0
github.com/sailpoint-oss/telescope/server/lsp/type_definition.go:116.7,116.70 1 0
github.com/sailpoint-oss/telescope/server/lsp/type_definition.go:116.70,118.8 1 0
github.com/sailpoint-oss/telescope/server/lsp/type_definition.go:125.3,125.37 1 0
github.com/sailpoint-oss/telescope/server/lsp/type_definition.go:125.37,126.59 1 0
github.com/sailpoint-oss/telescope/server/lsp/type_definition.go:126.59,127.44 1 0
github.com/sailpoint-oss/telescope/server/lsp/type_definition.go:127.44,128.89 1 0
github.com/sailpoint-oss/telescope/server/lsp/type_definition.go:128.89,129.15 1 0
github.com/sailpoint-oss/telescope/server/lsp/type_definition.go:131.6,131.24 1 0
github.com/sailpoint-oss/telescope/server/lsp/type_definition.go:131.24,133.7 1 0
github.com/sailpoint-oss/telescope/server/lsp/type_definition.go:134.6,134.61 1 0
github.com/sailpoint-oss/telescope/server/lsp/type_definition.go:134.61,136.7 1 0
github.com/sailpoint-oss/telescope/server/lsp/type_definition.go:141.3,141.18 1 0
github.com/sailpoint-oss/telescope/server/lsp/type_definition.go:145.194,146.22 1 2
github.com/sailpoint-oss/telescope/server/lsp/type_definition.go:146.22,148.3 1 0
github.com/sailpoint-oss/telescope/server/lsp/type_definition.go:149.2,149.59 1 2
github.com/sailpoint-oss/telescope/server/lsp/type_definition.go:149.59,151.3 1 2
github.com/sailpoint-oss/telescope/server/lsp/type_definition.go:152.2,152.12 1 0
github.com/sailpoint-oss/telescope/server/lsp/type_definition.go:155.180,156.49 1 0
github.com/sailpoint-oss/telescope/server/lsp/type_definition.go:156.49,157.96 1 0
github.com/sailpoint-oss/telescope/server/lsp/type_definition.go:157.96,159.4 1 0
github.com/sailpoint-oss/telescope/server/lsp/type_definition.go:161.2,161.75 1 0
github.com/sailpoint-oss/telescope/server/lsp/type_definition.go:161.75,163.3 1 0
github.com/sailpoint-oss/telescope/server/lsp/type_definition.go:164.2,164.20 1 0
github.com/sailpoint-oss/telescope/server/lsp/type_definition.go:164.20,166.3 1 0
github.com/sailpoint-oss/telescope/server/lsp/type_definition.go:167.2,167.66 1 0
github.com/sailpoint-oss/telescope/server/lsp/type_definition.go:167.66,169.3 1 0
github.com/sailpoint-oss/telescope/server/lsp/type_definition.go:170.2,170.12 1 0
github.com/sailpoint-oss/telescope/server/lsp/type_definition.go:173.137,174.40 1 0
github.com/sailpoint-oss/telescope/server/lsp/type_definition.go:174.40,176.3 1 0
github.com/sailpoint-oss/telescope/server/lsp/type_definition.go:177.2,178.33 2 0
github.com/sailpoint-oss/telescope/server/lsp/type_definition.go:178.33,180.3 1 0
github.com/sailpoint-oss/telescope/server/lsp/type_definition.go:181.2,181.105 1 0
github.com/sailpoint-oss/telescope/server/lsp/type_definition.go:181.105,184.3 2 0
github.com/sailpoint-oss/telescope/server/lsp/type_definition.go:185.2,185.46 1 0
github.com/sailpoint-oss/telescope/server/lsp/type_definition.go:190.112,191.20 1 0
github.com/sailpoint-oss/telescope/server/lsp/type_definition.go:191.20,193.3 1 0
github.com/sailpoint-oss/telescope/server/lsp/type_definition.go:194.2,195.17 2 0
github.com/sailpoint-oss/telescope/server/lsp/type_definition.go:195.17,197.3 1 0
github.com/sailpoint-oss/telescope/server/lsp/type_definition.go:198.2,199.21 2 0
github.com/sailpoint-oss/telescope/server/lsp/type_definition.go:199.21,201.3 1 0
github.com/sailpoint-oss/telescope/server/lsp/type_definition.go:202.2,203.16 2 0
github.com/sailpoint-oss/telescope/server/lsp/type_definition.go:203.16,205.3 1 0
github.com/sailpoint-oss/telescope/server/lsp/type_definition.go:206.2,207.101 2 0
github.com/sailpoint-oss/telescope/server/lsp/type_definition.go:207.101,210.3 2 0
github.com/sailpoint-oss/telescope/server/lsp/type_definition.go:211.2,211.52 1 0
github.com/sailpoint-oss/telescope/server/lsp/type_definition.go:214.52,216.2 1 1
github.com/sailpoint-oss/telescope/server/lsp/watched_files.go:23.221,24.87 1 82
github.com/sailpoint-oss/telescope/server/lsp/watched_files.go:24.87,26.20 2 0
github.com/sailpoint-oss/telescope/server/lsp/watched_files.go:26.20,30.4 1 0
github.com/sailpoint-oss/telescope/server/lsp/watched_files.go:31.3,32.41 2 0
github.com/sailpoint-oss/telescope/server/lsp/watched_files.go:32.41,34.21 2 0
github.com/sailpoint-oss/telescope/server/lsp/watched_files.go:34.21,40.5 1 0
github.com/sailpoint-oss/telescope/server/lsp/watched_files.go:41.4,41.27 1 0
github.com/sailpoint-oss/telescope/server/lsp/watched_files.go:41.27,43.10 2 0
github.com/sailpoint-oss/telescope/server/lsp/watched_files.go:46.3,46.18 1 0
github.com/sailpoint-oss/telescope/server/lsp/watched_files.go:46.18,48.41 2 0
github.com/sailpoint-oss/telescope/server/lsp/watched_files.go:48.41,50.5 1 0
github.com/sailpoint-oss/telescope/server/lsp/watched_files.go:57.3,57.20 1 0
github.com/sailpoint-oss/telescope/server/lsp/watched_files.go:57.20,58.42 1 0
github.com/sailpoint-oss/telescope/server/lsp/watched_files.go:58.42,60.30 2 0
github.com/sailpoint-oss/telescope/server/lsp/watched_files.go:60.30,61.14 1 0
github.com/sailpoint-oss/telescope/server/lsp/watched_files.go:63.5,63.41 1 0
github.com/sailpoint-oss/telescope/server/lsp/watched_files.go:63.41,65.6 1 0
github.com/sailpoint-oss/telescope/server/lsp/watched_files.go:71.3,71.41 1 0
github.com/sailpoint-oss/telescope/server/lsp/watched_files.go:71.41,73.30 2 0
github.com/sailpoint-oss/telescope/server/lsp/watched_files.go:73.30,74.13 1 0
github.com/sailpoint-oss/telescope/server/lsp/watched_files.go:76.4,78.23 2 0
github.com/sailpoint-oss/telescope/server/lsp/watched_files.go:79.30,80.22 1 0
github.com/sailpoint-oss/telescope/server/lsp/watched_files.go:80.22,85.6 1 0
github.com/sailpoint-oss/telescope/server/lsp/watched_files.go:86.5,86.26 1 0
github.com/sailpoint-oss/telescope/server/lsp/watched_files.go:86.26,87.114 1 0
github.com/sailpoint-oss/telescope/server/lsp/watched_files.go:87.114,89.7 1 0
github.com/sailpoint-oss/telescope/server/lsp/watched_files.go:91.5,91.35 1 0
github.com/sailpoint-oss/telescope/server/lsp/watched_files.go:92.30,93.22 1 0
github.com/sailpoint-oss/telescope/server/lsp/watched_files.go:93.22,98.6 1 0
github.com/sailpoint-oss/telescope/server/lsp/watched_files.go:99.5,99.45 1 0
github.com/sailpoint-oss/telescope/server/lsp/watched_files.go:99.45,100.26 1 0
github.com/sailpoint-oss/telescope/server/lsp/watched_files.go:100.26,101.114 1 0
github.com/sailpoint-oss/telescope/server/lsp/watched_files.go:101.114,103.8 1 0
github.com/sailpoint-oss/telescope/server/lsp/watched_files.go:106.5,106.34 1 0
github.com/sailpoint-oss/telescope/server/lsp/watched_files.go:107.30,108.22 1 0
github.com/sailpoint-oss/telescope/server/lsp/watched_files.go:108.22,113.6 1 0
github.com/sailpoint-oss/telescope/server/lsp/watched_files.go:114.5,114.26 1 0
github.com/sailpoint-oss/telescope/server/lsp/watched_files.go:114.26,115.114 1 0
github.com/sailpoint-oss/telescope/server/lsp/watched_files.go:115.114,117.7 1 0
github.com/sailpoint-oss/telescope/server/lsp/watched_files.go:119.5,119.35 1 0
github.com/sailpoint-oss/telescope/server/lsp/watched_files.go:123.3,123.13 1 0
github.com/sailpoint-oss/telescope/server/lsp/watched_files.go:127.40,132.2 2 13
github.com/sailpoint-oss/telescope/server/lsp/watched_files.go:147.74,148.23 1 82
github.com/sailpoint-oss/telescope/server/lsp/watched_files.go:148.23,150.3 1 0
github.com/sailpoint-oss/telescope/server/lsp/watched_files.go:152.2,153.42 2 82
github.com/sailpoint-oss/telescope/server/lsp/watched_files.go:153.42,155.3 1 984
github.com/sailpoint-oss/telescope/server/lsp/watched_files.go:158.2,158.73 1 82
github.com/sailpoint-oss/telescope/server/lsp/watched_files.go:158.73,160.3 1 246
github.com/sailpoint-oss/telescope/server/lsp/watched_files.go:164.2,164.67 1 82
github.com/sailpoint-oss/telescope/server/lsp/watched_files.go:164.67,166.3 1 328
github.com/sailpoint-oss/telescope/server/lsp/watched_files.go:168.2,176.4 1 82
github.com/sailpoint-oss/telescope/server/lsp/workspace_symbols.go:14.105,15.113 1 83
github.com/sailpoint-oss/telescope/server/lsp/workspace_symbols.go:15.113,20.37 4 1
github.com/sailpoint-oss/telescope/server/lsp/workspace_symbols.go:20.37,21.38 1 1
github.com/sailpoint-oss/telescope/server/lsp/workspace_symbols.go:21.38,22.13 1 0
github.com/sailpoint-oss/telescope/server/lsp/workspace_symbols.go:26.4,26.51 1 1
github.com/sailpoint-oss/telescope/server/lsp/workspace_symbols.go:26.51,27.46 1 1
github.com/sailpoint-oss/telescope/server/lsp/workspace_symbols.go:27.46,29.52 2 1
github.com/sailpoint-oss/telescope/server/lsp/workspace_symbols.go:29.52,31.21 2 1
github.com/sailpoint-oss/telescope/server/lsp/workspace_symbols.go:31.21,33.8 1 1
github.com/sailpoint-oss/telescope/server/lsp/workspace_symbols.go:34.7,42.46 2 1
github.com/sailpoint-oss/telescope/server/lsp/workspace_symbols.go:42.46,44.8 1 0
github.com/sailpoint-oss/telescope/server/lsp/workspace_symbols.go:49.4,49.38 1 1
github.com/sailpoint-oss/telescope/server/lsp/workspace_symbols.go:49.38,50.13 1 0
github.com/sailpoint-oss/telescope/server/lsp/workspace_symbols.go:54.4,54.62 1 1
github.com/sailpoint-oss/telescope/server/lsp/workspace_symbols.go:54.62,55.34 1 1
github.com/sailpoint-oss/telescope/server/lsp/workspace_symbols.go:55.34,64.45 2 1
github.com/sailpoint-oss/telescope/server/lsp/workspace_symbols.go:64.45,66.7 1 0
github.com/sailpoint-oss/telescope/server/lsp/workspace_symbols.go:71.4,71.64 1 1
github.com/sailpoint-oss/telescope/server/lsp/workspace_symbols.go:71.64,72.34 1 0
github.com/sailpoint-oss/telescope/server/lsp/workspace_symbols.go:72.34,81.45 2 0
github.com/sailpoint-oss/telescope/server/lsp/workspace_symbols.go:81.45,83.7 1 0
github.com/sailpoint-oss/telescope/server/lsp/workspace_symbols.go:88.4,88.62 1 1
github.com/sailpoint-oss/telescope/server/lsp/workspace_symbols.go:88.62,89.34 1 0
github.com/sailpoint-oss/telescope/server/lsp/workspace_symbols.go:89.34,98.45 2 0
github.com/sailpoint-oss/telescope/server/lsp/workspace_symbols.go:98.45,100.7 1 0
github.com/sailpoint-oss/telescope/server/lsp/workspace_symbols.go:105.4,105.66 1 1
github.com/sailpoint-oss/telescope/server/lsp/workspace_symbols.go:105.66,106.34 1 0
github.com/sailpoint-oss/telescope/server/lsp/workspace_symbols.go:106.34,115.45 2 0
github.com/sailpoint-oss/telescope/server/lsp/workspace_symbols.go:115.45,117.7 1 0
github.com/sailpoint-oss/telescope/server/lsp/workspace_symbols.go:122.3,122.22 1 1
github.com/sailpoint-oss/telescope/server/lsp/workspace_symbols.go:126.60,127.17 1 2
github.com/sailpoint-oss/telescope/server/lsp/workspace_symbols.go:127.17,129.3 1 0
github.com/sailpoint-oss/telescope/server/lsp/workspace_symbols.go:130.2,130.31 1 2
github.com/sailpoint-oss/telescope/server/lsp/workspace_symbols.go:130.31,131.50 1 2
github.com/sailpoint-oss/telescope/server/lsp/workspace_symbols.go:131.50,133.4 1 2
github.com/sailpoint-oss/telescope/server/lsp/workspace_symbols.go:135.2,135.14 1 0
