mode: atomic
github.com/sailpoint-oss/telescope/server/lint/ignore.go:15.84,17.27 2 3
github.com/sailpoint-oss/telescope/server/lint/ignore.go:17.27,19.3 1 1
github.com/sailpoint-oss/telescope/server/lint/ignore.go:21.2,22.26 2 2
github.com/sailpoint-oss/telescope/server/lint/ignore.go:22.26,24.46 2 3
github.com/sailpoint-oss/telescope/server/lint/ignore.go:24.46,25.12 1 2
github.com/sailpoint-oss/telescope/server/lint/ignore.go:27.3,27.33 1 1
github.com/sailpoint-oss/telescope/server/lint/ignore.go:29.2,29.17 1 2
github.com/sailpoint-oss/telescope/server/lint/ignore.go:37.57,40.29 3 3
github.com/sailpoint-oss/telescope/server/lint/ignore.go:40.29,43.14 3 14
github.com/sailpoint-oss/telescope/server/lint/ignore.go:43.14,44.12 1 12
github.com/sailpoint-oss/telescope/server/lint/ignore.go:47.3,49.35 3 2
github.com/sailpoint-oss/telescope/server/lint/ignore.go:49.35,51.28 2 1
github.com/sailpoint-oss/telescope/server/lint/ignore.go:51.28,53.16 2 1
github.com/sailpoint-oss/telescope/server/lint/ignore.go:53.16,55.6 1 1
github.com/sailpoint-oss/telescope/server/lint/ignore.go:59.3,62.5 1 2
github.com/sailpoint-oss/telescope/server/lint/ignore.go:64.2,64.19 1 3
github.com/sailpoint-oss/telescope/server/lint/ignore.go:67.89,69.17 2 3
github.com/sailpoint-oss/telescope/server/lint/ignore.go:69.17,70.33 1 3
github.com/sailpoint-oss/telescope/server/lint/ignore.go:70.33,72.4 1 3
github.com/sailpoint-oss/telescope/server/lint/ignore.go:75.2,75.31 1 3
github.com/sailpoint-oss/telescope/server/lint/ignore.go:75.31,77.49 1 3
github.com/sailpoint-oss/telescope/server/lint/ignore.go:77.49,78.27 1 3
github.com/sailpoint-oss/telescope/server/lint/ignore.go:78.27,80.5 1 1
github.com/sailpoint-oss/telescope/server/lint/ignore.go:81.4,81.33 1 2
github.com/sailpoint-oss/telescope/server/lint/ignore.go:81.33,82.22 1 2
github.com/sailpoint-oss/telescope/server/lint/ignore.go:82.22,84.6 1 1
github.com/sailpoint-oss/telescope/server/lint/ignore.go:88.2,88.14 1 1
github.com/sailpoint-oss/telescope/server/validation/additional.go:51.51,53.35 2 31
github.com/sailpoint-oss/telescope/server/validation/additional.go:53.35,55.3 1 15
github.com/sailpoint-oss/telescope/server/validation/additional.go:56.2,56.23 1 16
github.com/sailpoint-oss/telescope/server/validation/additional.go:68.71,74.2 1 6
github.com/sailpoint-oss/telescope/server/validation/additional.go:77.98,86.34 6 0
github.com/sailpoint-oss/telescope/server/validation/additional.go:86.34,87.36 1 0
github.com/sailpoint-oss/telescope/server/validation/additional.go:87.36,88.41 1 0
github.com/sailpoint-oss/telescope/server/validation/additional.go:88.41,89.13 1 0
github.com/sailpoint-oss/telescope/server/validation/additional.go:91.4,91.53 1 0
github.com/sailpoint-oss/telescope/server/validation/additional.go:91.53,92.13 1 0
github.com/sailpoint-oss/telescope/server/validation/additional.go:94.4,95.18 2 0
github.com/sailpoint-oss/telescope/server/validation/additional.go:95.18,98.13 2 0
github.com/sailpoint-oss/telescope/server/validation/additional.go:100.4,100.33 1 0
github.com/sailpoint-oss/telescope/server/validation/additional.go:103.2,103.12 1 0
github.com/sailpoint-oss/telescope/server/validation/additional.go:106.95,109.16 3 0
github.com/sailpoint-oss/telescope/server/validation/additional.go:109.16,111.3 1 0
github.com/sailpoint-oss/telescope/server/validation/additional.go:112.2,113.16 2 0
github.com/sailpoint-oss/telescope/server/validation/additional.go:113.16,115.3 1 0
github.com/sailpoint-oss/telescope/server/validation/additional.go:116.2,116.22 1 0
github.com/sailpoint-oss/telescope/server/validation/additional.go:121.78,126.19 4 3
github.com/sailpoint-oss/telescope/server/validation/additional.go:126.19,128.3 1 1
github.com/sailpoint-oss/telescope/server/validation/additional.go:130.2,130.41 1 2
github.com/sailpoint-oss/telescope/server/validation/additional.go:130.41,131.48 1 2
github.com/sailpoint-oss/telescope/server/validation/additional.go:131.48,132.12 1 0
github.com/sailpoint-oss/telescope/server/validation/additional.go:134.3,134.36 1 2
github.com/sailpoint-oss/telescope/server/validation/additional.go:134.36,136.26 2 2
github.com/sailpoint-oss/telescope/server/validation/additional.go:136.26,138.5 1 2
github.com/sailpoint-oss/telescope/server/validation/additional.go:139.4,139.42 1 2
github.com/sailpoint-oss/telescope/server/validation/additional.go:139.42,150.5 4 2
github.com/sailpoint-oss/telescope/server/validation/additional.go:153.2,153.19 1 0
github.com/sailpoint-oss/telescope/server/validation/additional.go:164.87,169.19 4 6
github.com/sailpoint-oss/telescope/server/validation/additional.go:169.19,171.3 1 1
github.com/sailpoint-oss/telescope/server/validation/additional.go:173.2,174.41 2 5
github.com/sailpoint-oss/telescope/server/validation/additional.go:174.41,175.48 1 8
github.com/sailpoint-oss/telescope/server/validation/additional.go:175.48,176.12 1 5
github.com/sailpoint-oss/telescope/server/validation/additional.go:178.3,178.36 1 3
github.com/sailpoint-oss/telescope/server/validation/additional.go:178.36,180.26 2 4
github.com/sailpoint-oss/telescope/server/validation/additional.go:180.26,182.5 1 4
github.com/sailpoint-oss/telescope/server/validation/additional.go:183.4,183.42 1 4
github.com/sailpoint-oss/telescope/server/validation/additional.go:183.42,189.5 1 4
github.com/sailpoint-oss/telescope/server/validation/additional.go:192.2,192.34 1 5
github.com/sailpoint-oss/telescope/server/validation/additional.go:198.62,201.68 1 0
github.com/sailpoint-oss/telescope/server/validation/additional.go:201.68,202.27 1 0
github.com/sailpoint-oss/telescope/server/validation/additional.go:202.27,204.5 1 0
github.com/sailpoint-oss/telescope/server/validation/additional.go:205.4,207.27 3 0
github.com/sailpoint-oss/telescope/server/validation/additional.go:207.27,209.5 1 0
github.com/sailpoint-oss/telescope/server/validation/additional.go:211.4,211.41 1 0
github.com/sailpoint-oss/telescope/server/validation/additional.go:211.41,213.5 1 0
github.com/sailpoint-oss/telescope/server/validation/additional.go:214.4,214.29 1 0
github.com/sailpoint-oss/telescope/server/validation/additional.go:214.29,216.5 1 0
github.com/sailpoint-oss/telescope/server/validation/additional.go:218.4,219.19 2 0
github.com/sailpoint-oss/telescope/server/validation/additional.go:219.19,221.5 1 0
github.com/sailpoint-oss/telescope/server/validation/additional.go:223.4,228.83 2 0
github.com/sailpoint-oss/telescope/server/validation/additional.go:233.115,234.21 1 4
github.com/sailpoint-oss/telescope/server/validation/additional.go:234.21,236.3 1 1
github.com/sailpoint-oss/telescope/server/validation/additional.go:237.2,239.26 3 3
github.com/sailpoint-oss/telescope/server/validation/additional.go:239.26,243.25 4 4
github.com/sailpoint-oss/telescope/server/validation/additional.go:243.25,245.4 1 3
github.com/sailpoint-oss/telescope/server/validation/additional.go:245.9,247.4 1 1
github.com/sailpoint-oss/telescope/server/validation/additional.go:248.3,248.36 1 4
github.com/sailpoint-oss/telescope/server/validation/additional.go:250.2,250.17 1 3
github.com/sailpoint-oss/telescope/server/validation/additional.go:253.59,254.35 1 37
github.com/sailpoint-oss/telescope/server/validation/additional.go:254.35,256.28 2 37
github.com/sailpoint-oss/telescope/server/validation/additional.go:256.28,258.4 1 23
github.com/sailpoint-oss/telescope/server/validation/additional.go:260.3,260.76 1 14
github.com/sailpoint-oss/telescope/server/validation/additional.go:260.76,262.4 1 3
github.com/sailpoint-oss/telescope/server/validation/additional.go:264.2,264.14 1 11
github.com/sailpoint-oss/telescope/server/validation/additional.go:268.58,269.38 1 28
github.com/sailpoint-oss/telescope/server/validation/additional.go:269.38,271.3 1 14
github.com/sailpoint-oss/telescope/server/validation/additional.go:272.2,275.18 4 14
github.com/sailpoint-oss/telescope/server/validation/additional.go:275.18,276.39 1 7
github.com/sailpoint-oss/telescope/server/validation/additional.go:276.39,278.4 1 3
github.com/sailpoint-oss/telescope/server/validation/additional.go:279.3,279.28 1 4
github.com/sailpoint-oss/telescope/server/validation/additional.go:281.2,281.18 1 11
github.com/sailpoint-oss/telescope/server/validation/additional.go:281.18,283.3 1 3
github.com/sailpoint-oss/telescope/server/validation/additional.go:284.2,284.34 1 8
github.com/sailpoint-oss/telescope/server/validation/additional.go:284.34,285.62 1 59
github.com/sailpoint-oss/telescope/server/validation/additional.go:285.62,287.4 1 8
github.com/sailpoint-oss/telescope/server/validation/additional.go:289.2,289.19 1 0
github.com/sailpoint-oss/telescope/server/validation/additional.go:292.47,294.44 2 25
github.com/sailpoint-oss/telescope/server/validation/additional.go:294.44,296.3 1 19
github.com/sailpoint-oss/telescope/server/validation/additional.go:297.2,298.16 2 25
github.com/sailpoint-oss/telescope/server/validation/additional.go:298.16,300.3 1 1
github.com/sailpoint-oss/telescope/server/validation/additional.go:301.2,302.50 2 24
github.com/sailpoint-oss/telescope/server/validation/additional.go:302.50,304.3 1 6
github.com/sailpoint-oss/telescope/server/validation/additional.go:305.2,305.12 1 18
github.com/sailpoint-oss/telescope/server/core/classify/classifier.go:38.42,43.2 1 15
github.com/sailpoint-oss/telescope/server/core/classify/classifier.go:48.71,51.2 2 3
github.com/sailpoint-oss/telescope/server/core/classify/classifier.go:88.54,89.28 1 1
github.com/sailpoint-oss/telescope/server/core/classify/classifier.go:89.28,91.3 1 0
github.com/sailpoint-oss/telescope/server/core/classify/classifier.go:92.2,92.47 1 1
github.com/sailpoint-oss/telescope/server/core/classify/classifier.go:96.102,100.52 2 15
github.com/sailpoint-oss/telescope/server/core/classify/classifier.go:100.52,101.30 1 2
github.com/sailpoint-oss/telescope/server/core/classify/classifier.go:101.30,103.17 2 2
github.com/sailpoint-oss/telescope/server/core/classify/classifier.go:103.17,105.5 1 1
github.com/sailpoint-oss/telescope/server/core/classify/classifier.go:106.4,108.17 3 2
github.com/sailpoint-oss/telescope/server/core/classify/classifier.go:108.17,110.5 1 1
github.com/sailpoint-oss/telescope/server/core/classify/classifier.go:111.4,111.59 1 2
github.com/sailpoint-oss/telescope/server/core/classify/classifier.go:116.2,116.40 1 13
github.com/sailpoint-oss/telescope/server/core/classify/classifier.go:116.40,117.26 1 2
github.com/sailpoint-oss/telescope/server/core/classify/classifier.go:117.26,121.4 3 2
github.com/sailpoint-oss/telescope/server/core/classify/classifier.go:125.2,125.19 1 11
github.com/sailpoint-oss/telescope/server/core/classify/classifier.go:125.19,129.3 3 2
github.com/sailpoint-oss/telescope/server/core/classify/classifier.go:131.2,132.20 2 9
github.com/sailpoint-oss/telescope/server/core/classify/classifier.go:132.20,134.3 1 0
github.com/sailpoint-oss/telescope/server/core/classify/classifier.go:135.2,136.17 2 9
github.com/sailpoint-oss/telescope/server/core/classify/classifier.go:136.17,138.3 1 8
github.com/sailpoint-oss/telescope/server/core/classify/classifier.go:141.2,142.17 2 9
github.com/sailpoint-oss/telescope/server/core/classify/classifier.go:142.17,146.3 3 1
github.com/sailpoint-oss/telescope/server/core/classify/classifier.go:149.2,150.15 2 8
github.com/sailpoint-oss/telescope/server/core/classify/classifier.go:150.15,152.3 1 2
github.com/sailpoint-oss/telescope/server/core/classify/classifier.go:155.2,156.18 2 8
github.com/sailpoint-oss/telescope/server/core/classify/classifier.go:156.18,158.3 1 6
github.com/sailpoint-oss/telescope/server/core/classify/classifier.go:161.2,161.26 1 8
github.com/sailpoint-oss/telescope/server/core/classify/classifier.go:161.26,163.3 1 1
github.com/sailpoint-oss/telescope/server/core/classify/classifier.go:163.8,165.56 2 7
github.com/sailpoint-oss/telescope/server/core/classify/classifier.go:165.56,167.4 1 7
github.com/sailpoint-oss/telescope/server/core/classify/classifier.go:171.2,171.40 1 8
github.com/sailpoint-oss/telescope/server/core/classify/classifier.go:171.40,172.26 1 1
github.com/sailpoint-oss/telescope/server/core/classify/classifier.go:172.26,174.9 2 1
github.com/sailpoint-oss/telescope/server/core/classify/classifier.go:179.2,179.28 1 8
github.com/sailpoint-oss/telescope/server/core/classify/classifier.go:179.28,181.3 1 1
github.com/sailpoint-oss/telescope/server/core/classify/classifier.go:183.2,184.15 2 8
github.com/sailpoint-oss/telescope/server/core/classify/classifier.go:184.15,186.3 1 2
github.com/sailpoint-oss/telescope/server/core/classify/classifier.go:187.2,187.59 1 8
github.com/sailpoint-oss/telescope/server/core/classify/classifier.go:191.70,192.30 1 2
github.com/sailpoint-oss/telescope/server/core/classify/classifier.go:192.30,194.3 1 0
github.com/sailpoint-oss/telescope/server/core/classify/classifier.go:195.2,195.40 1 2
github.com/sailpoint-oss/telescope/server/core/classify/classifier.go:198.167,199.23 1 15
github.com/sailpoint-oss/telescope/server/core/classify/classifier.go:199.23,201.31 2 0
github.com/sailpoint-oss/telescope/server/core/classify/classifier.go:201.31,203.4 1 0
github.com/sailpoint-oss/telescope/server/core/classify/classifier.go:204.3,205.57 2 0
github.com/sailpoint-oss/telescope/server/core/classify/classifier.go:205.57,207.4 1 0
github.com/sailpoint-oss/telescope/server/core/classify/classifier.go:208.3,216.4 1 0
github.com/sailpoint-oss/telescope/server/core/classify/classifier.go:220.2,221.28 2 15
github.com/sailpoint-oss/telescope/server/core/classify/classifier.go:221.28,223.3 1 25
github.com/sailpoint-oss/telescope/server/core/classify/classifier.go:224.2,224.22 1 15
github.com/sailpoint-oss/telescope/server/core/classify/classifier.go:224.22,226.3 1 3
github.com/sailpoint-oss/telescope/server/core/classify/classifier.go:228.2,232.30 3 15
github.com/sailpoint-oss/telescope/server/core/classify/classifier.go:232.30,234.3 1 7
github.com/sailpoint-oss/telescope/server/core/classify/classifier.go:234.8,236.3 1 8
github.com/sailpoint-oss/telescope/server/core/classify/classifier.go:238.2,239.56 2 15
github.com/sailpoint-oss/telescope/server/core/classify/classifier.go:239.56,241.3 1 2
github.com/sailpoint-oss/telescope/server/core/classify/classifier.go:243.2,251.3 1 15
github.com/sailpoint-oss/telescope/server/core/classify/classifier.go:254.80,255.43 1 15
github.com/sailpoint-oss/telescope/server/core/classify/classifier.go:255.43,257.3 1 8
github.com/sailpoint-oss/telescope/server/core/classify/classifier.go:258.2,258.16 1 7
github.com/sailpoint-oss/telescope/server/core/classify/classifier.go:262.43,266.42 3 8
github.com/sailpoint-oss/telescope/server/core/classify/classifier.go:266.42,267.44 1 80
github.com/sailpoint-oss/telescope/server/core/classify/classifier.go:267.44,269.4 1 12
github.com/sailpoint-oss/telescope/server/core/classify/classifier.go:272.2,272.46 1 8
github.com/sailpoint-oss/telescope/server/core/classify/classifier.go:272.46,273.44 1 64
github.com/sailpoint-oss/telescope/server/core/classify/classifier.go:273.44,275.4 1 1
github.com/sailpoint-oss/telescope/server/core/classify/classifier.go:278.2,278.17 1 8
github.com/sailpoint-oss/telescope/server/core/classify/classifier.go:278.17,280.3 1 2
github.com/sailpoint-oss/telescope/server/core/classify/classifier.go:281.2,281.14 1 8
github.com/sailpoint-oss/telescope/server/core/classify/classifier.go:284.41,287.61 2 144
github.com/sailpoint-oss/telescope/server/core/classify/classifier.go:287.61,289.3 1 13
github.com/sailpoint-oss/telescope/server/core/classify/classifier.go:291.2,293.16 3 131
github.com/sailpoint-oss/telescope/server/core/classify/classifier.go:296.39,298.39 2 8
github.com/sailpoint-oss/telescope/server/core/classify/classifier.go:298.39,300.3 1 8
github.com/sailpoint-oss/telescope/server/core/classify/classifier.go:301.2,302.33 2 8
github.com/sailpoint-oss/telescope/server/core/classify/classifier.go:302.33,303.36 1 31
github.com/sailpoint-oss/telescope/server/core/classify/classifier.go:303.36,305.4 1 1
github.com/sailpoint-oss/telescope/server/core/classify/classifier.go:307.2,307.14 1 7
github.com/sailpoint-oss/telescope/server/core/classify/classifier.go:310.59,311.31 1 8
github.com/sailpoint-oss/telescope/server/core/classify/classifier.go:311.31,313.3 1 7
github.com/sailpoint-oss/telescope/server/core/classify/classifier.go:314.2,315.39 2 1
github.com/sailpoint-oss/telescope/server/core/classify/classifier.go:315.39,317.3 1 1
github.com/sailpoint-oss/telescope/server/core/classify/classifier.go:318.2,319.29 2 1
github.com/sailpoint-oss/telescope/server/core/classify/classifier.go:322.52,323.28 1 0
github.com/sailpoint-oss/telescope/server/core/classify/classifier.go:323.28,324.21 1 0
github.com/sailpoint-oss/telescope/server/core/classify/classifier.go:324.21,326.4 1 0
github.com/sailpoint-oss/telescope/server/core/classify/classifier.go:328.2,328.14 1 0
github.com/sailpoint-oss/telescope/server/core/classify/classifier.go:337.48,338.55 1 8
github.com/sailpoint-oss/telescope/server/core/classify/classifier.go:338.55,340.3 1 1
github.com/sailpoint-oss/telescope/server/core/classify/classifier.go:341.2,341.55 1 7
github.com/sailpoint-oss/telescope/server/core/classify/classifier.go:341.55,343.3 1 1
github.com/sailpoint-oss/telescope/server/core/classify/classifier.go:344.2,345.59 2 6
github.com/sailpoint-oss/telescope/server/core/classify/classifier.go:345.59,347.3 1 0
github.com/sailpoint-oss/telescope/server/core/classify/classifier.go:348.2,349.59 2 6
github.com/sailpoint-oss/telescope/server/core/classify/classifier.go:349.59,351.3 1 0
github.com/sailpoint-oss/telescope/server/core/classify/classifier.go:352.2,352.18 1 6
github.com/sailpoint-oss/telescope/server/core/classify/classifier.go:355.51,356.54 1 9
github.com/sailpoint-oss/telescope/server/core/classify/classifier.go:356.54,358.3 1 1
github.com/sailpoint-oss/telescope/server/core/classify/classifier.go:359.2,360.58 2 8
github.com/sailpoint-oss/telescope/server/core/classify/classifier.go:360.58,362.3 1 0
github.com/sailpoint-oss/telescope/server/core/classify/classifier.go:363.2,363.18 1 8
github.com/sailpoint-oss/telescope/server/core/classify/classifier.go:366.40,367.9 1 1
github.com/sailpoint-oss/telescope/server/core/classify/classifier.go:368.35,369.15 1 0
github.com/sailpoint-oss/telescope/server/core/classify/classifier.go:370.35,371.15 1 1
github.com/sailpoint-oss/telescope/server/core/classify/classifier.go:372.35,373.15 1 0
github.com/sailpoint-oss/telescope/server/core/classify/classifier.go:374.34,375.15 1 0
github.com/sailpoint-oss/telescope/server/core/classify/classifier.go:376.10,377.11 1 0
github.com/sailpoint-oss/telescope/server/core/classify/classifier.go:381.40,383.39 2 7
github.com/sailpoint-oss/telescope/server/core/classify/classifier.go:383.39,385.3 1 7
github.com/sailpoint-oss/telescope/server/core/classify/classifier.go:386.2,386.44 1 7
github.com/sailpoint-oss/telescope/server/core/classify/classifier.go:389.48,391.45 2 5
github.com/sailpoint-oss/telescope/server/core/classify/classifier.go:391.45,393.3 1 5
github.com/sailpoint-oss/telescope/server/core/classify/classifier.go:394.2,394.37 1 5
github.com/sailpoint-oss/telescope/server/core/classify/classifier.go:394.37,397.74 3 0
github.com/sailpoint-oss/telescope/server/core/classify/classifier.go:397.74,399.4 1 0
github.com/sailpoint-oss/telescope/server/core/classify/classifier.go:401.2,401.58 1 5
github.com/sailpoint-oss/telescope/server/core/classify/classifier.go:401.58,403.3 1 0
github.com/sailpoint-oss/telescope/server/core/classify/classifier.go:404.2,404.73 1 5
github.com/sailpoint-oss/telescope/server/core/classify/classifier.go:404.73,406.3 1 5
github.com/sailpoint-oss/telescope/server/core/classify/classifier.go:407.2,407.14 1 0
github.com/sailpoint-oss/telescope/server/lsp/navadapt/navadapt.go:18.65,20.2 1 14
github.com/sailpoint-oss/telescope/server/lsp/navadapt/navadapt.go:23.67,25.2 1 13
github.com/sailpoint-oss/telescope/server/lsp/navadapt/navadapt.go:28.56,33.2 1 5
github.com/sailpoint-oss/telescope/server/lsp/navadapt/navadapt.go:36.58,41.2 1 5
github.com/sailpoint-oss/telescope/server/lsp/navadapt/navadapt.go:47.81,48.31 1 2
github.com/sailpoint-oss/telescope/server/lsp/navadapt/navadapt.go:48.31,50.3 1 2
github.com/sailpoint-oss/telescope/server/lsp/navadapt/navadapt.go:51.2,57.59 5 0
github.com/sailpoint-oss/telescope/server/lsp/navadapt/navadapt.go:69.48,71.2 1 5
github.com/sailpoint-oss/telescope/server/lsp/navadapt/navadapt.go:74.76,76.2 1 5
github.com/sailpoint-oss/telescope/server/lsp/navadapt/navadapt.go:79.81,81.2 1 3
github.com/sailpoint-oss/telescope/server/lsp/navadapt/navadapt.go:84.62,86.2 1 1
github.com/sailpoint-oss/telescope/server/lsp/navadapt/navadapt.go:89.77,92.24 3 1
github.com/sailpoint-oss/telescope/server/lsp/navadapt/navadapt.go:92.24,94.3 1 2
github.com/sailpoint-oss/telescope/server/lsp/navadapt/navadapt.go:95.2,95.15 1 1
github.com/sailpoint-oss/telescope/server/lsp/navadapt/navadapt.go:99.108,102.2 2 1
github.com/sailpoint-oss/telescope/server/lsp/navadapt/navadapt.go:105.91,108.2 2 1
github.com/sailpoint-oss/telescope/server/lsp/navadapt/navadapt.go:111.88,112.55 1 1
github.com/sailpoint-oss/telescope/server/lsp/navadapt/navadapt.go:112.55,114.3 1 1
github.com/sailpoint-oss/telescope/server/lsp/navadapt/navadapt.go:119.55,121.2 1 13
github.com/sailpoint-oss/telescope/server/lsp/navadapt/navadapt.go:124.38,126.2 1 2
github.com/sailpoint-oss/telescope/server/lsp/navadapt/navadapt.go:138.67,140.16 2 2
github.com/sailpoint-oss/telescope/server/lsp/navadapt/navadapt.go:140.16,142.3 1 1
github.com/sailpoint-oss/telescope/server/lsp/navadapt/navadapt.go:143.2,143.40 1 1
github.com/sailpoint-oss/telescope/server/lsp/navadapt/navadapt.go:149.70,157.2 1 2
github.com/sailpoint-oss/telescope/server/lsp/navadapt/navadapt.go:160.84,170.2 2 3
github.com/sailpoint-oss/telescope/server/lsp/adapt/adapt.go:12.62,14.2 1 23
github.com/sailpoint-oss/telescope/server/lsp/adapt/adapt.go:17.64,19.2 1 17
github.com/sailpoint-oss/telescope/server/lsp/adapt/adapt.go:22.53,27.2 1 10
github.com/sailpoint-oss/telescope/server/lsp/adapt/adapt.go:30.55,35.2 1 7
github.com/sailpoint-oss/telescope/server/lsp/adapt/adapt.go:38.72,40.2 1 9
github.com/sailpoint-oss/telescope/server/lsp/adapt/adapt.go:43.74,45.2 1 8
github.com/sailpoint-oss/telescope/server/lsp/adapt/adapt.go:48.68,55.18 2 5
github.com/sailpoint-oss/telescope/server/lsp/adapt/adapt.go:55.18,57.3 1 2
github.com/sailpoint-oss/telescope/server/lsp/adapt/adapt.go:58.2,58.29 1 5
github.com/sailpoint-oss/telescope/server/lsp/adapt/adapt.go:58.29,60.3 1 1
github.com/sailpoint-oss/telescope/server/lsp/adapt/adapt.go:61.2,61.21 1 5
github.com/sailpoint-oss/telescope/server/lsp/adapt/adapt.go:61.21,63.28 2 1
github.com/sailpoint-oss/telescope/server/lsp/adapt/adapt.go:63.28,65.4 1 1
github.com/sailpoint-oss/telescope/server/lsp/adapt/adapt.go:66.3,66.17 1 1
github.com/sailpoint-oss/telescope/server/lsp/adapt/adapt.go:68.2,68.24 1 5
github.com/sailpoint-oss/telescope/server/lsp/adapt/adapt.go:68.24,70.31 2 1
github.com/sailpoint-oss/telescope/server/lsp/adapt/adapt.go:70.31,78.4 1 1
github.com/sailpoint-oss/telescope/server/lsp/adapt/adapt.go:79.3,79.30 1 1
github.com/sailpoint-oss/telescope/server/lsp/adapt/adapt.go:81.2,81.19 1 5
github.com/sailpoint-oss/telescope/server/lsp/adapt/adapt.go:81.19,83.3 1 1
github.com/sailpoint-oss/telescope/server/lsp/adapt/adapt.go:84.2,84.11 1 5
github.com/sailpoint-oss/telescope/server/lsp/adapt/adapt.go:88.70,96.37 2 4
github.com/sailpoint-oss/telescope/server/lsp/adapt/adapt.go:96.37,98.3 1 2
github.com/sailpoint-oss/telescope/server/lsp/adapt/adapt.go:99.2,99.30 1 4
github.com/sailpoint-oss/telescope/server/lsp/adapt/adapt.go:99.30,101.3 1 1
github.com/sailpoint-oss/telescope/server/lsp/adapt/adapt.go:102.2,102.21 1 4
github.com/sailpoint-oss/telescope/server/lsp/adapt/adapt.go:102.21,104.28 2 1
github.com/sailpoint-oss/telescope/server/lsp/adapt/adapt.go:104.28,106.4 1 1
github.com/sailpoint-oss/telescope/server/lsp/adapt/adapt.go:107.3,107.17 1 1
github.com/sailpoint-oss/telescope/server/lsp/adapt/adapt.go:109.2,109.35 1 4
github.com/sailpoint-oss/telescope/server/lsp/adapt/adapt.go:109.35,111.42 2 1
github.com/sailpoint-oss/telescope/server/lsp/adapt/adapt.go:111.42,117.4 1 1
github.com/sailpoint-oss/telescope/server/lsp/adapt/adapt.go:118.3,118.19 1 1
github.com/sailpoint-oss/telescope/server/lsp/adapt/adapt.go:120.2,120.11 1 4
github.com/sailpoint-oss/telescope/server/lsp/adapt/adapt.go:124.77,125.21 1 3
github.com/sailpoint-oss/telescope/server/lsp/adapt/adapt.go:125.21,127.3 1 2
github.com/sailpoint-oss/telescope/server/lsp/adapt/adapt.go:128.2,129.26 2 1
github.com/sailpoint-oss/telescope/server/lsp/adapt/adapt.go:129.26,131.3 1 2
github.com/sailpoint-oss/telescope/server/lsp/adapt/adapt.go:132.2,132.15 1 1
github.com/sailpoint-oss/telescope/server/lsp/adapt/adapt.go:136.79,137.21 1 2
github.com/sailpoint-oss/telescope/server/lsp/adapt/adapt.go:137.21,139.3 1 1
github.com/sailpoint-oss/telescope/server/lsp/adapt/adapt.go:140.2,141.26 2 1
github.com/sailpoint-oss/telescope/server/lsp/adapt/adapt.go:141.26,143.3 1 2
github.com/sailpoint-oss/telescope/server/lsp/adapt/adapt.go:144.2,144.15 1 1
github.com/sailpoint-oss/telescope/server/lsp/adapt/adapt.go:148.62,153.2 1 3
github.com/sailpoint-oss/telescope/server/lsp/adapt/adapt.go:156.64,161.2 1 1
github.com/sailpoint-oss/telescope/server/lsp/adapt/adapt.go:164.71,165.21 1 2
github.com/sailpoint-oss/telescope/server/lsp/adapt/adapt.go:165.21,167.3 1 1
github.com/sailpoint-oss/telescope/server/lsp/adapt/adapt.go:168.2,169.26 2 1
github.com/sailpoint-oss/telescope/server/lsp/adapt/adapt.go:169.26,171.3 1 2
github.com/sailpoint-oss/telescope/server/lsp/adapt/adapt.go:172.2,172.15 1 1
github.com/sailpoint-oss/telescope/server/markdown/markdown.go:19.44,21.57 2 1
github.com/sailpoint-oss/telescope/server/markdown/markdown.go:21.57,23.3 1 0
github.com/sailpoint-oss/telescope/server/markdown/markdown.go:24.2,24.26 1 1
github.com/sailpoint-oss/telescope/server/markdown/markdown.go:35.38,46.76 7 5
github.com/sailpoint-oss/telescope/server/markdown/markdown.go:46.76,47.16 1 58
github.com/sailpoint-oss/telescope/server/markdown/markdown.go:47.16,49.4 1 29
github.com/sailpoint-oss/telescope/server/markdown/markdown.go:51.3,51.27 1 29
github.com/sailpoint-oss/telescope/server/markdown/markdown.go:52.21,56.53 2 5
github.com/sailpoint-oss/telescope/server/markdown/markdown.go:56.53,58.5 1 1
github.com/sailpoint-oss/telescope/server/markdown/markdown.go:61.4,61.60 1 5
github.com/sailpoint-oss/telescope/server/markdown/markdown.go:61.60,66.5 1 1
github.com/sailpoint-oss/telescope/server/markdown/markdown.go:67.4,67.30 1 5
github.com/sailpoint-oss/telescope/server/markdown/markdown.go:69.18,71.18 2 2
github.com/sailpoint-oss/telescope/server/markdown/markdown.go:71.18,76.5 1 1
github.com/sailpoint-oss/telescope/server/markdown/markdown.go:78.19,80.18 2 1
github.com/sailpoint-oss/telescope/server/markdown/markdown.go:80.18,85.5 1 1
github.com/sailpoint-oss/telescope/server/markdown/markdown.go:88.3,88.31 1 29
github.com/sailpoint-oss/telescope/server/markdown/markdown.go:91.2,91.15 1 5
github.com/sailpoint-oss/telescope/server/markdown/markdown.go:95.40,102.76 6 1
github.com/sailpoint-oss/telescope/server/markdown/markdown.go:102.76,103.16 1 18
github.com/sailpoint-oss/telescope/server/markdown/markdown.go:103.16,105.4 1 9
github.com/sailpoint-oss/telescope/server/markdown/markdown.go:106.3,106.39 1 9
github.com/sailpoint-oss/telescope/server/markdown/markdown.go:106.39,112.4 1 4
github.com/sailpoint-oss/telescope/server/markdown/markdown.go:113.3,113.31 1 9
github.com/sailpoint-oss/telescope/server/markdown/markdown.go:116.2,116.17 1 1
github.com/sailpoint-oss/telescope/server/markdown/markdown.go:127.34,134.76 6 2
github.com/sailpoint-oss/telescope/server/markdown/markdown.go:134.76,135.16 1 30
github.com/sailpoint-oss/telescope/server/markdown/markdown.go:135.16,137.4 1 15
github.com/sailpoint-oss/telescope/server/markdown/markdown.go:138.3,138.36 1 15
github.com/sailpoint-oss/telescope/server/markdown/markdown.go:138.36,147.4 2 3
github.com/sailpoint-oss/telescope/server/markdown/markdown.go:148.3,148.31 1 15
github.com/sailpoint-oss/telescope/server/markdown/markdown.go:151.2,151.14 1 2
github.com/sailpoint-oss/telescope/server/markdown/markdown.go:166.71,171.24 3 3
github.com/sailpoint-oss/telescope/server/markdown/markdown.go:171.24,173.37 2 3
github.com/sailpoint-oss/telescope/server/markdown/markdown.go:173.37,175.4 1 3
github.com/sailpoint-oss/telescope/server/markdown/markdown.go:178.2,178.15 1 3
github.com/sailpoint-oss/telescope/server/markdown/markdown.go:178.15,180.3 1 0
github.com/sailpoint-oss/telescope/server/markdown/markdown.go:183.2,183.15 1 3
github.com/sailpoint-oss/telescope/server/markdown/markdown.go:183.15,185.3 1 3
github.com/sailpoint-oss/telescope/server/markdown/markdown.go:188.2,189.19 2 3
github.com/sailpoint-oss/telescope/server/markdown/markdown.go:189.19,191.3 1 3
github.com/sailpoint-oss/telescope/server/markdown/markdown.go:191.8,193.3 1 0
github.com/sailpoint-oss/telescope/server/markdown/markdown.go:196.2,200.26 4 3
github.com/sailpoint-oss/telescope/server/markdown/markdown.go:203.52,205.76 2 14
github.com/sailpoint-oss/telescope/server/markdown/markdown.go:205.76,206.37 1 14
github.com/sailpoint-oss/telescope/server/markdown/markdown.go:206.37,208.4 1 14
github.com/sailpoint-oss/telescope/server/markdown/markdown.go:210.2,210.20 1 14
github.com/sailpoint-oss/telescope/server/markdown/markdown.go:213.48,214.61 1 14
github.com/sailpoint-oss/telescope/server/markdown/markdown.go:214.61,217.3 2 8
github.com/sailpoint-oss/telescope/server/markdown/markdown.go:219.2,220.39 2 6
github.com/sailpoint-oss/telescope/server/markdown/markdown.go:220.39,222.3 1 5
github.com/sailpoint-oss/telescope/server/markdown/markdown.go:223.2,223.10 1 1
github.com/sailpoint-oss/telescope/server/markdown/markdown.go:228.38,229.76 1 6
github.com/sailpoint-oss/telescope/server/markdown/markdown.go:229.76,230.37 1 5
github.com/sailpoint-oss/telescope/server/markdown/markdown.go:230.37,232.4 1 5
github.com/sailpoint-oss/telescope/server/markdown/markdown.go:234.2,234.11 1 1
github.com/sailpoint-oss/telescope/server/markdown/markdown.go:237.25,239.2 1 2
github.com/sailpoint-oss/telescope/server/markdown/translate.go:10.88,16.2 2 4
github.com/sailpoint-oss/telescope/server/markdown/translate.go:21.90,28.2 3 2
github.com/sailpoint-oss/telescope/server/core/parser/embedded.go:44.118,46.30 2 4
github.com/sailpoint-oss/telescope/server/core/parser/embedded.go:46.30,48.3 1 3
github.com/sailpoint-oss/telescope/server/core/parser/embedded.go:49.2,49.38 1 4
github.com/sailpoint-oss/telescope/server/core/parser/embedded.go:49.38,49.72 1 1
github.com/sailpoint-oss/telescope/server/core/parser/embedded.go:50.2,50.12 1 4
github.com/sailpoint-oss/telescope/server/core/parser/embedded.go:56.48,56.69 1 2
github.com/sailpoint-oss/telescope/server/core/parser/embedded.go:58.97,60.2 1 1
github.com/sailpoint-oss/telescope/server/core/parser/embedded.go:62.104,64.2 1 1
github.com/sailpoint-oss/telescope/server/core/parser/embedded.go:66.91,71.29 4 5
github.com/sailpoint-oss/telescope/server/core/parser/embedded.go:71.29,73.71 1 8
github.com/sailpoint-oss/telescope/server/core/parser/embedded.go:73.71,86.4 2 3
github.com/sailpoint-oss/telescope/server/core/parser/embedded.go:89.3,90.42 2 8
github.com/sailpoint-oss/telescope/server/core/parser/embedded.go:90.42,103.4 2 2
github.com/sailpoint-oss/telescope/server/core/parser/embedded.go:106.2,106.19 1 5
github.com/sailpoint-oss/telescope/server/core/parser/embedded.go:109.92,111.17 2 8
github.com/sailpoint-oss/telescope/server/core/parser/embedded.go:111.17,113.3 1 1
github.com/sailpoint-oss/telescope/server/core/parser/embedded.go:114.2,114.50 1 7
github.com/sailpoint-oss/telescope/server/core/parser/embedded.go:114.50,115.45 1 29
github.com/sailpoint-oss/telescope/server/core/parser/embedded.go:115.45,117.4 1 19
github.com/sailpoint-oss/telescope/server/core/parser/embedded.go:118.3,119.20 2 10
github.com/sailpoint-oss/telescope/server/core/parser/embedded.go:119.20,121.4 1 1
github.com/sailpoint-oss/telescope/server/core/parser/embedded.go:123.3,124.73 2 9
github.com/sailpoint-oss/telescope/server/core/parser/embedded.go:124.73,126.4 1 0
github.com/sailpoint-oss/telescope/server/core/parser/embedded.go:127.3,137.50 3 9
github.com/sailpoint-oss/telescope/server/core/parser/embedded.go:137.50,142.4 1 1
github.com/sailpoint-oss/telescope/server/core/parser/embedded.go:142.9,144.4 1 8
github.com/sailpoint-oss/telescope/server/core/parser/embedded.go:145.3,145.26 1 9
github.com/sailpoint-oss/telescope/server/core/parser/embedded.go:147.2,147.38 1 7
github.com/sailpoint-oss/telescope/server/core/parser/embedded.go:147.38,147.72 1 3
github.com/sailpoint-oss/telescope/server/core/parser/embedded.go:148.2,148.12 1 7
github.com/sailpoint-oss/telescope/server/core/parser/embedded.go:155.47,155.64 1 2
github.com/sailpoint-oss/telescope/server/core/parser/embedded.go:157.93,159.2 1 1
github.com/sailpoint-oss/telescope/server/core/parser/embedded.go:160.100,162.2 1 1
github.com/sailpoint-oss/telescope/server/core/parser/embedded.go:163.87,165.2 1 1
github.com/sailpoint-oss/telescope/server/core/parser/embedded.go:167.91,169.17 2 1
github.com/sailpoint-oss/telescope/server/core/parser/embedded.go:169.17,171.3 1 0
github.com/sailpoint-oss/telescope/server/core/parser/embedded.go:172.2,172.50 1 1
github.com/sailpoint-oss/telescope/server/core/parser/embedded.go:172.50,173.46 1 8
github.com/sailpoint-oss/telescope/server/core/parser/embedded.go:173.46,175.4 1 3
github.com/sailpoint-oss/telescope/server/core/parser/embedded.go:177.3,178.57 2 5
github.com/sailpoint-oss/telescope/server/core/parser/embedded.go:178.57,180.4 1 3
github.com/sailpoint-oss/telescope/server/core/parser/embedded.go:182.3,182.30 1 2
github.com/sailpoint-oss/telescope/server/core/parser/embedded.go:182.30,184.4 1 1
github.com/sailpoint-oss/telescope/server/core/parser/embedded.go:185.3,186.20 2 1
github.com/sailpoint-oss/telescope/server/core/parser/embedded.go:186.20,188.4 1 0
github.com/sailpoint-oss/telescope/server/core/parser/embedded.go:189.3,198.26 3 1
github.com/sailpoint-oss/telescope/server/core/parser/embedded.go:200.2,200.38 1 1
github.com/sailpoint-oss/telescope/server/core/parser/embedded.go:200.38,200.72 1 0
github.com/sailpoint-oss/telescope/server/core/parser/embedded.go:201.2,201.12 1 1
github.com/sailpoint-oss/telescope/server/core/parser/embedded.go:204.41,209.2 1 8
github.com/sailpoint-oss/telescope/server/core/parser/embedded.go:214.50,214.67 1 1
github.com/sailpoint-oss/telescope/server/core/parser/embedded.go:216.96,218.2 1 1
github.com/sailpoint-oss/telescope/server/core/parser/embedded.go:219.103,221.2 1 1
github.com/sailpoint-oss/telescope/server/core/parser/embedded.go:222.90,224.2 1 1
github.com/sailpoint-oss/telescope/server/core/parser/embedded.go:226.94,228.17 2 1
github.com/sailpoint-oss/telescope/server/core/parser/embedded.go:228.17,230.3 1 0
github.com/sailpoint-oss/telescope/server/core/parser/embedded.go:231.2,231.50 1 1
github.com/sailpoint-oss/telescope/server/core/parser/embedded.go:231.50,232.18 1 12
github.com/sailpoint-oss/telescope/server/core/parser/embedded.go:232.18,234.4 1 0
github.com/sailpoint-oss/telescope/server/core/parser/embedded.go:235.3,235.78 1 12
github.com/sailpoint-oss/telescope/server/core/parser/embedded.go:235.78,237.4 1 11
github.com/sailpoint-oss/telescope/server/core/parser/embedded.go:238.3,238.37 1 1
github.com/sailpoint-oss/telescope/server/core/parser/embedded.go:238.37,239.51 1 3
github.com/sailpoint-oss/telescope/server/core/parser/embedded.go:239.51,240.13 1 0
github.com/sailpoint-oss/telescope/server/core/parser/embedded.go:242.4,243.50 2 3
github.com/sailpoint-oss/telescope/server/core/parser/embedded.go:243.50,244.13 1 1
github.com/sailpoint-oss/telescope/server/core/parser/embedded.go:246.4,247.21 2 2
github.com/sailpoint-oss/telescope/server/core/parser/embedded.go:247.21,248.13 1 0
github.com/sailpoint-oss/telescope/server/core/parser/embedded.go:250.4,251.55 2 2
github.com/sailpoint-oss/telescope/server/core/parser/embedded.go:251.55,252.45 1 1
github.com/sailpoint-oss/telescope/server/core/parser/embedded.go:252.45,254.6 1 1
github.com/sailpoint-oss/telescope/server/core/parser/embedded.go:256.4,264.55 3 2
github.com/sailpoint-oss/telescope/server/core/parser/embedded.go:264.55,269.5 1 1
github.com/sailpoint-oss/telescope/server/core/parser/embedded.go:269.10,271.5 1 1
github.com/sailpoint-oss/telescope/server/core/parser/embedded.go:272.4,272.27 1 2
github.com/sailpoint-oss/telescope/server/core/parser/embedded.go:275.2,275.38 1 1
github.com/sailpoint-oss/telescope/server/core/parser/embedded.go:275.38,275.72 1 1
github.com/sailpoint-oss/telescope/server/core/parser/embedded.go:276.2,276.12 1 1
github.com/sailpoint-oss/telescope/server/core/parser/parser.go:20.78,22.21 2 16
github.com/sailpoint-oss/telescope/server/core/parser/parser.go:22.21,25.3 2 14
github.com/sailpoint-oss/telescope/server/core/parser/parser.go:26.2,26.21 1 16
github.com/sailpoint-oss/telescope/server/core/parser/parser.go:26.21,29.3 2 2
github.com/sailpoint-oss/telescope/server/core/parser/parser.go:30.2,30.10 1 16
github.com/sailpoint-oss/telescope/server/core/parser/parser.go:34.77,36.19 2 21
github.com/sailpoint-oss/telescope/server/core/parser/parser.go:36.19,38.3 1 1
github.com/sailpoint-oss/telescope/server/core/parser/parser.go:39.2,40.17 2 20
github.com/sailpoint-oss/telescope/server/core/parser/parser.go:40.17,42.3 1 0
github.com/sailpoint-oss/telescope/server/core/parser/parser.go:43.2,43.18 1 20
github.com/sailpoint-oss/telescope/server/core/parser/parser.go:47.110,49.19 2 2
github.com/sailpoint-oss/telescope/server/core/parser/parser.go:49.19,51.3 1 1
github.com/sailpoint-oss/telescope/server/core/parser/parser.go:52.2,53.17 2 1
github.com/sailpoint-oss/telescope/server/core/parser/parser.go:53.17,55.3 1 0
github.com/sailpoint-oss/telescope/server/core/parser/parser.go:56.2,56.18 1 1
github.com/sailpoint-oss/telescope/server/core/parser/parser.go:60.26,61.25 1 16
github.com/sailpoint-oss/telescope/server/core/parser/parser.go:61.25,63.3 1 14
github.com/sailpoint-oss/telescope/server/core/parser/parser.go:64.2,64.25 1 16
github.com/sailpoint-oss/telescope/server/core/parser/parser.go:64.25,66.3 1 2
github.com/sailpoint-oss/telescope/server/core/parser/parser.go:69.64,70.16 1 27
github.com/sailpoint-oss/telescope/server/core/parser/parser.go:71.14,72.22 1 3
github.com/sailpoint-oss/telescope/server/core/parser/parser.go:73.10,74.22 1 24
github.com/sailpoint-oss/telescope/server/core/parser/parser.go:85.76,91.2 2 15
github.com/sailpoint-oss/telescope/server/core/parser/parser.go:93.61,94.17 1 103
github.com/sailpoint-oss/telescope/server/core/parser/parser.go:94.17,96.3 1 1
github.com/sailpoint-oss/telescope/server/core/parser/parser.go:98.2,100.21 2 102
github.com/sailpoint-oss/telescope/server/core/parser/parser.go:101.28,102.48 1 28
github.com/sailpoint-oss/telescope/server/core/parser/parser.go:102.48,104.20 2 28
github.com/sailpoint-oss/telescope/server/core/parser/parser.go:104.20,105.13 1 0
github.com/sailpoint-oss/telescope/server/core/parser/parser.go:107.4,108.160 2 28
github.com/sailpoint-oss/telescope/server/core/parser/parser.go:108.160,110.43 2 28
github.com/sailpoint-oss/telescope/server/core/parser/parser.go:110.43,112.6 1 0
github.com/sailpoint-oss/telescope/server/core/parser/parser.go:113.5,113.18 1 28
github.com/sailpoint-oss/telescope/server/core/parser/parser.go:116.3,116.60 1 0
github.com/sailpoint-oss/telescope/server/core/parser/parser.go:118.33,119.48 1 37
github.com/sailpoint-oss/telescope/server/core/parser/parser.go:119.48,121.20 2 37
github.com/sailpoint-oss/telescope/server/core/parser/parser.go:121.20,122.13 1 0
github.com/sailpoint-oss/telescope/server/core/parser/parser.go:124.4,125.21 2 37
github.com/sailpoint-oss/telescope/server/core/parser/parser.go:125.21,126.13 1 0
github.com/sailpoint-oss/telescope/server/core/parser/parser.go:128.4,128.18 1 37
github.com/sailpoint-oss/telescope/server/core/parser/parser.go:128.18,129.13 1 0
github.com/sailpoint-oss/telescope/server/core/parser/parser.go:131.4,132.21 2 37
github.com/sailpoint-oss/telescope/server/core/parser/parser.go:132.21,133.26 1 37
github.com/sailpoint-oss/telescope/server/core/parser/parser.go:133.26,135.6 1 0
github.com/sailpoint-oss/telescope/server/core/parser/parser.go:136.5,136.18 1 37
github.com/sailpoint-oss/telescope/server/core/parser/parser.go:139.3,139.60 1 0
github.com/sailpoint-oss/telescope/server/core/parser/parser.go:141.39,143.48 2 14
github.com/sailpoint-oss/telescope/server/core/parser/parser.go:143.48,145.93 2 20
github.com/sailpoint-oss/telescope/server/core/parser/parser.go:145.93,146.13 1 3
github.com/sailpoint-oss/telescope/server/core/parser/parser.go:148.4,150.18 3 17
github.com/sailpoint-oss/telescope/server/core/parser/parser.go:150.18,151.13 1 0
github.com/sailpoint-oss/telescope/server/core/parser/parser.go:153.4,154.20 2 17
github.com/sailpoint-oss/telescope/server/core/parser/parser.go:154.20,155.13 1 0
github.com/sailpoint-oss/telescope/server/core/parser/parser.go:157.4,158.18 2 17
github.com/sailpoint-oss/telescope/server/core/parser/parser.go:158.18,160.5 1 17
github.com/sailpoint-oss/telescope/server/core/parser/parser.go:161.4,161.22 1 17
github.com/sailpoint-oss/telescope/server/core/parser/parser.go:161.22,163.5 1 0
github.com/sailpoint-oss/telescope/server/core/parser/parser.go:164.4,165.32 2 17
github.com/sailpoint-oss/telescope/server/core/parser/parser.go:167.3,167.11 1 14
github.com/sailpoint-oss/telescope/server/core/parser/parser.go:169.41,171.48 2 2
github.com/sailpoint-oss/telescope/server/core/parser/parser.go:171.48,173.20 2 10
github.com/sailpoint-oss/telescope/server/core/parser/parser.go:173.20,174.13 1 0
github.com/sailpoint-oss/telescope/server/core/parser/parser.go:176.4,177.75 2 10
github.com/sailpoint-oss/telescope/server/core/parser/parser.go:177.75,179.35 2 6
github.com/sailpoint-oss/telescope/server/core/parser/parser.go:179.35,180.52 1 3
github.com/sailpoint-oss/telescope/server/core/parser/parser.go:180.52,182.46 2 6
github.com/sailpoint-oss/telescope/server/core/parser/parser.go:182.46,184.13 2 3
github.com/sailpoint-oss/telescope/server/core/parser/parser.go:187.11,189.6 1 3
github.com/sailpoint-oss/telescope/server/core/parser/parser.go:190.5,190.20 1 6
github.com/sailpoint-oss/telescope/server/core/parser/parser.go:190.20,192.6 1 0
github.com/sailpoint-oss/telescope/server/core/parser/parser.go:193.5,193.36 1 6
github.com/sailpoint-oss/telescope/server/core/parser/parser.go:196.3,196.11 1 2
github.com/sailpoint-oss/telescope/server/core/parser/parser.go:200.17,202.93 2 21
github.com/sailpoint-oss/telescope/server/core/parser/parser.go:204.22,206.75 2 0
github.com/sailpoint-oss/telescope/server/core/parser/parser.go:208.15,210.38 2 0
github.com/sailpoint-oss/telescope/server/core/parser/parser.go:210.38,212.4 1 0
github.com/sailpoint-oss/telescope/server/core/parser/parser.go:213.3,213.40 1 0
github.com/sailpoint-oss/telescope/server/core/parser/parser.go:213.40,215.4 1 0
github.com/sailpoint-oss/telescope/server/core/parser/parser.go:216.3,216.73 1 0
github.com/sailpoint-oss/telescope/server/core/parser/parser.go:218.10,219.48 1 0
github.com/sailpoint-oss/telescope/server/core/parser/parser.go:219.48,221.20 2 0
github.com/sailpoint-oss/telescope/server/core/parser/parser.go:221.20,222.13 1 0
github.com/sailpoint-oss/telescope/server/core/parser/parser.go:224.4,225.48 2 0
github.com/sailpoint-oss/telescope/server/core/parser/parser.go:225.48,226.26 1 0
github.com/sailpoint-oss/telescope/server/core/parser/parser.go:226.26,228.6 1 0
github.com/sailpoint-oss/telescope/server/core/parser/parser.go:229.5,229.18 1 0
github.com/sailpoint-oss/telescope/server/core/parser/parser.go:232.3,232.60 1 0
github.com/sailpoint-oss/telescope/server/core/parser/parser.go:236.57,239.63 3 38
github.com/sailpoint-oss/telescope/server/core/parser/parser.go:239.63,241.3 1 0
github.com/sailpoint-oss/telescope/server/core/parser/parser.go:242.2,244.91 2 38
github.com/sailpoint-oss/telescope/server/core/parser/parser.go:244.91,246.3 1 2
github.com/sailpoint-oss/telescope/server/core/parser/parser.go:247.2,247.13 1 38
github.com/sailpoint-oss/telescope/server/core/parser/parser.go:250.48,257.2 3 103
github.com/sailpoint-oss/telescope/server/core/parser/parser.go:259.40,260.14 1 35
github.com/sailpoint-oss/telescope/server/core/parser/parser.go:261.30,262.14 1 6
github.com/sailpoint-oss/telescope/server/core/parser/parser.go:263.33,264.15 1 4
github.com/sailpoint-oss/telescope/server/core/parser/parser.go:265.35,266.13 1 6
github.com/sailpoint-oss/telescope/server/core/parser/parser.go:268.2,268.13 1 19
github.com/sailpoint-oss/telescope/server/core/parser/parser.go:273.64,275.16 2 7
github.com/sailpoint-oss/telescope/server/core/parser/parser.go:276.14,277.56 1 3
github.com/sailpoint-oss/telescope/server/core/parser/parser.go:277.56,279.4 1 1
github.com/sailpoint-oss/telescope/server/core/parser/parser.go:280.10,281.56 1 4
github.com/sailpoint-oss/telescope/server/core/parser/parser.go:281.56,283.4 1 0
github.com/sailpoint-oss/telescope/server/core/parser/parser.go:285.2,285.28 1 6
github.com/sailpoint-oss/telescope/server/core/parser/parser.go:288.41,289.14 1 31
github.com/sailpoint-oss/telescope/server/core/parser/parser.go:289.14,291.3 1 3
github.com/sailpoint-oss/telescope/server/core/parser/parser.go:292.2,292.25 1 28
github.com/sailpoint-oss/telescope/server/core/parser/parser.go:293.22,295.29 2 5
github.com/sailpoint-oss/telescope/server/core/parser/parser.go:295.29,299.4 3 4
github.com/sailpoint-oss/telescope/server/core/parser/parser.go:300.3,300.14 1 5
github.com/sailpoint-oss/telescope/server/core/parser/parser.go:301.13,303.28 2 5
github.com/sailpoint-oss/telescope/server/core/parser/parser.go:303.28,305.4 1 10
github.com/sailpoint-oss/telescope/server/core/parser/parser.go:306.3,306.14 1 5
github.com/sailpoint-oss/telescope/server/core/parser/parser.go:307.10,308.53 1 18
github.com/sailpoint-oss/telescope/server/core/parser/virtual.go:26.80,31.2 1 4
github.com/sailpoint-oss/telescope/server/core/parser/virtual.go:33.80,34.31 1 5
github.com/sailpoint-oss/telescope/server/core/parser/virtual.go:34.31,36.3 1 1
github.com/sailpoint-oss/telescope/server/core/parser/virtual.go:37.2,38.38 2 4
github.com/sailpoint-oss/telescope/server/core/parser/virtual.go:38.38,40.3 1 4
github.com/sailpoint-oss/telescope/server/core/parser/virtual.go:41.2,44.3 1 4
github.com/sailpoint-oss/telescope/server/core/parser/virtual.go:54.79,59.2 1 3
github.com/sailpoint-oss/telescope/server/core/parser/virtual.go:61.79,62.31 1 5
github.com/sailpoint-oss/telescope/server/core/parser/virtual.go:62.31,64.3 1 1
github.com/sailpoint-oss/telescope/server/core/parser/virtual.go:65.2,66.38 2 4
github.com/sailpoint-oss/telescope/server/core/parser/virtual.go:66.38,68.3 1 3
github.com/sailpoint-oss/telescope/server/core/parser/virtual.go:69.2,72.3 1 4
github.com/sailpoint-oss/telescope/server/core/parser/virtual.go:81.80,82.23 1 2
github.com/sailpoint-oss/telescope/server/core/parser/virtual.go:82.23,87.3 1 1
github.com/sailpoint-oss/telescope/server/core/parser/virtual.go:88.2,91.3 1 1
github.com/sailpoint-oss/telescope/server/core/parser/virtual.go:94.80,95.31 1 4
github.com/sailpoint-oss/telescope/server/core/parser/virtual.go:95.31,97.3 1 1
github.com/sailpoint-oss/telescope/server/core/parser/virtual.go:98.2,98.32 1 3
github.com/sailpoint-oss/telescope/server/core/parser/virtual.go:98.32,100.37 2 2
github.com/sailpoint-oss/telescope/server/core/parser/virtual.go:100.37,102.4 1 1
github.com/sailpoint-oss/telescope/server/core/parser/virtual.go:103.3,103.51 1 2
github.com/sailpoint-oss/telescope/server/core/parser/virtual.go:105.2,108.3 1 1
github.com/sailpoint-oss/telescope/server/core/parser/virtual.go:116.76,117.23 1 9
github.com/sailpoint-oss/telescope/server/core/parser/virtual.go:117.23,122.3 1 6
github.com/sailpoint-oss/telescope/server/core/parser/virtual.go:123.2,126.3 1 3
github.com/sailpoint-oss/telescope/server/core/parser/virtual.go:129.76,130.33 1 5
github.com/sailpoint-oss/telescope/server/core/parser/virtual.go:130.33,132.3 1 1
github.com/sailpoint-oss/telescope/server/core/parser/virtual.go:133.2,133.34 1 4
github.com/sailpoint-oss/telescope/server/core/parser/virtual.go:133.34,135.45 2 2
github.com/sailpoint-oss/telescope/server/core/parser/virtual.go:135.45,137.4 1 2
github.com/sailpoint-oss/telescope/server/core/parser/virtual.go:138.3,138.51 1 2
github.com/sailpoint-oss/telescope/server/core/parser/virtual.go:140.2,143.3 1 2
github.com/sailpoint-oss/telescope/server/core/parser/virtual_manager.go:18.95,24.2 1 5
github.com/sailpoint-oss/telescope/server/core/parser/virtual_manager.go:27.79,32.39 3 3
github.com/sailpoint-oss/telescope/server/core/parser/virtual_manager.go:32.39,34.3 1 0
github.com/sailpoint-oss/telescope/server/core/parser/virtual_manager.go:35.2,37.17 2 3
github.com/sailpoint-oss/telescope/server/core/parser/virtual_manager.go:37.17,39.3 1 0
github.com/sailpoint-oss/telescope/server/core/parser/virtual_manager.go:41.2,42.32 2 3
github.com/sailpoint-oss/telescope/server/core/parser/virtual_manager.go:42.32,44.3 1 3
github.com/sailpoint-oss/telescope/server/core/parser/virtual_manager.go:46.2,47.21 2 3
github.com/sailpoint-oss/telescope/server/core/parser/virtual_manager.go:47.21,49.3 1 4
github.com/sailpoint-oss/telescope/server/core/parser/virtual_manager.go:53.67,57.2 3 3
github.com/sailpoint-oss/telescope/server/core/parser/virtual_manager.go:60.80,64.2 3 2
github.com/sailpoint-oss/telescope/server/core/parser/virtual_manager.go:67.59,70.39 3 1
github.com/sailpoint-oss/telescope/server/core/parser/virtual_manager.go:70.39,72.3 1 1
github.com/sailpoint-oss/telescope/server/core/parser/virtual_manager.go:73.2,73.27 1 1
github.com/sailpoint-oss/telescope/server/core/parser/virtual_manager.go:77.73,79.2 1 2
github.com/sailpoint-oss/telescope/server/core/parser/virtual_manager.go:82.105,85.35 3 4
github.com/sailpoint-oss/telescope/server/core/parser/virtual_manager.go:85.35,87.51 2 7
github.com/sailpoint-oss/telescope/server/core/parser/virtual_manager.go:87.51,89.4 1 2
github.com/sailpoint-oss/telescope/server/core/parser/virtual_manager.go:91.2,91.12 1 2
github.com/sailpoint-oss/telescope/server/bridge/adapt.go:9.80,10.21 1 6
github.com/sailpoint-oss/telescope/server/bridge/adapt.go:10.21,12.3 1 2
github.com/sailpoint-oss/telescope/server/bridge/adapt.go:13.2,14.26 2 4
github.com/sailpoint-oss/telescope/server/bridge/adapt.go:14.26,16.3 1 4
github.com/sailpoint-oss/telescope/server/bridge/adapt.go:17.2,17.15 1 4
github.com/sailpoint-oss/telescope/server/bridge/adapt.go:21.71,31.18 2 5
github.com/sailpoint-oss/telescope/server/bridge/adapt.go:31.18,33.3 1 5
github.com/sailpoint-oss/telescope/server/bridge/adapt.go:34.2,34.29 1 5
github.com/sailpoint-oss/telescope/server/bridge/adapt.go:34.29,36.3 1 2
github.com/sailpoint-oss/telescope/server/bridge/adapt.go:37.2,37.21 1 5
github.com/sailpoint-oss/telescope/server/bridge/adapt.go:37.21,39.28 2 1
github.com/sailpoint-oss/telescope/server/bridge/adapt.go:39.28,41.4 1 1
github.com/sailpoint-oss/telescope/server/bridge/adapt.go:42.3,42.17 1 1
github.com/sailpoint-oss/telescope/server/bridge/adapt.go:44.2,44.24 1 5
github.com/sailpoint-oss/telescope/server/bridge/adapt.go:44.24,46.31 2 2
github.com/sailpoint-oss/telescope/server/bridge/adapt.go:46.31,57.4 1 2
github.com/sailpoint-oss/telescope/server/bridge/adapt.go:58.3,58.30 1 2
github.com/sailpoint-oss/telescope/server/bridge/adapt.go:60.2,60.19 1 5
github.com/sailpoint-oss/telescope/server/bridge/adapt.go:60.19,62.3 1 2
github.com/sailpoint-oss/telescope/server/bridge/adapt.go:63.2,63.11 1 5
github.com/sailpoint-oss/telescope/server/bridge/adapt.go:67.82,68.21 1 3
github.com/sailpoint-oss/telescope/server/bridge/adapt.go:68.21,70.3 1 2
github.com/sailpoint-oss/telescope/server/bridge/adapt.go:71.2,72.26 2 1
github.com/sailpoint-oss/telescope/server/bridge/adapt.go:72.26,74.3 1 1
github.com/sailpoint-oss/telescope/server/bridge/adapt.go:75.2,75.15 1 1
github.com/sailpoint-oss/telescope/server/bridge/adapt.go:78.73,89.37 2 1
github.com/sailpoint-oss/telescope/server/bridge/adapt.go:89.37,91.3 1 1
github.com/sailpoint-oss/telescope/server/bridge/adapt.go:92.2,92.30 1 1
github.com/sailpoint-oss/telescope/server/bridge/adapt.go:92.30,94.3 1 1
github.com/sailpoint-oss/telescope/server/bridge/adapt.go:95.2,95.11 1 1
github.com/sailpoint-oss/telescope/server/bridge/bridge.go:16.61,19.69 1 4
github.com/sailpoint-oss/telescope/server/bridge/bridge.go:19.69,20.51 1 4
github.com/sailpoint-oss/telescope/server/bridge/bridge.go:20.51,22.5 1 1
github.com/sailpoint-oss/telescope/server/bridge/bridge.go:23.4,27.39 5 3
github.com/sailpoint-oss/telescope/server/bridge/bridge.go:32.54,34.83 2 9
github.com/sailpoint-oss/telescope/server/bridge/bridge.go:34.83,36.3 1 8
github.com/sailpoint-oss/telescope/server/bridge/bridge.go:37.2,37.33 1 1
github.com/sailpoint-oss/telescope/server/bridge/bridge.go:40.84,41.21 1 3
github.com/sailpoint-oss/telescope/server/bridge/bridge.go:41.21,43.3 1 0
github.com/sailpoint-oss/telescope/server/bridge/bridge.go:44.2,45.29 2 3
github.com/sailpoint-oss/telescope/server/bridge/bridge.go:45.29,46.40 1 5
github.com/sailpoint-oss/telescope/server/bridge/bridge.go:46.40,47.12 1 2
github.com/sailpoint-oss/telescope/server/bridge/bridge.go:49.3,49.26 1 3
github.com/sailpoint-oss/telescope/server/bridge/bridge.go:51.2,51.19 1 3
github.com/sailpoint-oss/telescope/server/bridge/bridge.go:51.19,53.3 1 0
github.com/sailpoint-oss/telescope/server/bridge/bridge.go:54.2,54.12 1 3
github.com/sailpoint-oss/telescope/server/bridge/bridge.go:57.66,58.32 1 5
github.com/sailpoint-oss/telescope/server/bridge/bridge.go:58.32,60.3 1 2
github.com/sailpoint-oss/telescope/server/bridge/bridge.go:61.2,61.61 1 3
github.com/sailpoint-oss/telescope/server/bridge/bridge.go:61.61,63.3 1 1
github.com/sailpoint-oss/telescope/server/bridge/bridge.go:64.2,64.86 1 2
github.com/sailpoint-oss/telescope/server/bridge/bridge.go:67.56,68.26 1 15
github.com/sailpoint-oss/telescope/server/bridge/bridge.go:69.25,70.16 1 7
github.com/sailpoint-oss/telescope/server/bridge/bridge.go:71.22,72.28 1 4
github.com/sailpoint-oss/telescope/server/bridge/bridge.go:72.28,74.4 1 3
github.com/sailpoint-oss/telescope/server/bridge/bridge.go:76.2,76.11 1 5
github.com/sailpoint-oss/telescope/server/bridge/bridge.go:80.85,84.26 3 9
github.com/sailpoint-oss/telescope/server/bridge/bridge.go:84.26,85.52 1 8
github.com/sailpoint-oss/telescope/server/bridge/bridge.go:85.52,89.24 4 2
github.com/sailpoint-oss/telescope/server/bridge/bridge.go:89.24,91.5 1 0
github.com/sailpoint-oss/telescope/server/bridge/bridge.go:92.4,92.32 1 2
github.com/sailpoint-oss/telescope/server/bridge/bridge.go:92.32,94.5 1 0
github.com/sailpoint-oss/telescope/server/bridge/bridge.go:94.10,96.5 1 2
github.com/sailpoint-oss/telescope/server/bridge/bridge.go:97.9,97.59 1 6
github.com/sailpoint-oss/telescope/server/bridge/bridge.go:97.59,98.24 1 5
github.com/sailpoint-oss/telescope/server/bridge/bridge.go:98.24,100.5 1 0
github.com/sailpoint-oss/telescope/server/bridge/bridge.go:101.4,101.32 1 5
github.com/sailpoint-oss/telescope/server/bridge/bridge.go:101.32,103.5 1 0
github.com/sailpoint-oss/telescope/server/bridge/bridge.go:103.10,105.5 1 5
github.com/sailpoint-oss/telescope/server/bridge/bridge.go:109.2,109.22 1 9
github.com/sailpoint-oss/telescope/server/bridge/bridge.go:109.22,112.3 2 0
github.com/sailpoint-oss/telescope/server/bridge/bridge.go:114.2,114.12 1 9
github.com/sailpoint-oss/telescope/server/bridge/bridge.go:117.58,118.16 1 7
github.com/sailpoint-oss/telescope/server/bridge/bridge.go:118.16,120.3 1 1
github.com/sailpoint-oss/telescope/server/bridge/bridge.go:121.2,122.64 2 6
github.com/sailpoint-oss/telescope/server/bridge/bridge.go:122.64,124.3 1 1
github.com/sailpoint-oss/telescope/server/bridge/bridge.go:125.2,125.39 1 6
github.com/sailpoint-oss/telescope/server/bridge/bridge.go:125.39,126.28 1 0
github.com/sailpoint-oss/telescope/server/bridge/bridge.go:126.28,133.4 1 0
github.com/sailpoint-oss/telescope/server/bridge/bridge.go:135.2,135.11 1 6
github.com/sailpoint-oss/telescope/server/bridge/stabilize.go:27.102,28.58 1 6
github.com/sailpoint-oss/telescope/server/bridge/stabilize.go:28.58,30.3 1 1
github.com/sailpoint-oss/telescope/server/bridge/stabilize.go:32.2,33.22 2 5
github.com/sailpoint-oss/telescope/server/bridge/stabilize.go:33.22,35.3 1 2
github.com/sailpoint-oss/telescope/server/bridge/stabilize.go:37.2,40.24 3 3
github.com/sailpoint-oss/telescope/server/bridge/stabilize.go:40.24,41.50 1 3
github.com/sailpoint-oss/telescope/server/bridge/stabilize.go:41.50,42.12 1 0
github.com/sailpoint-oss/telescope/server/bridge/stabilize.go:44.3,45.10 2 3
github.com/sailpoint-oss/telescope/server/bridge/stabilize.go:45.10,46.12 1 0
github.com/sailpoint-oss/telescope/server/bridge/stabilize.go:48.3,49.10 2 3
github.com/sailpoint-oss/telescope/server/bridge/stabilize.go:49.10,50.12 1 0
github.com/sailpoint-oss/telescope/server/bridge/stabilize.go:53.3,54.34 2 3
github.com/sailpoint-oss/telescope/server/bridge/stabilize.go:54.34,56.4 1 2
github.com/sailpoint-oss/telescope/server/bridge/stabilize.go:57.3,57.36 1 3
github.com/sailpoint-oss/telescope/server/bridge/stabilize.go:57.36,60.4 2 3
github.com/sailpoint-oss/telescope/server/bridge/stabilize.go:63.2,63.15 1 3
github.com/sailpoint-oss/telescope/server/bridge/stabilize.go:66.51,68.2 1 3
github.com/sailpoint-oss/telescope/server/bridge/stabilize.go:70.104,71.16 1 5
github.com/sailpoint-oss/telescope/server/bridge/stabilize.go:71.16,73.3 1 0
github.com/sailpoint-oss/telescope/server/bridge/stabilize.go:75.2,78.66 3 5
github.com/sailpoint-oss/telescope/server/bridge/stabilize.go:78.66,80.40 2 7
github.com/sailpoint-oss/telescope/server/bridge/stabilize.go:80.40,82.18 2 7
github.com/sailpoint-oss/telescope/server/bridge/stabilize.go:82.18,83.13 1 1
github.com/sailpoint-oss/telescope/server/bridge/stabilize.go:86.4,87.35 2 6
github.com/sailpoint-oss/telescope/server/bridge/stabilize.go:87.35,89.13 2 3
github.com/sailpoint-oss/telescope/server/bridge/stabilize.go:91.4,94.5 1 3
github.com/sailpoint-oss/telescope/server/bridge/stabilize.go:98.2,98.15 1 5
github.com/sailpoint-oss/telescope/server/bridge/stabilize.go:101.77,102.105 1 3
github.com/sailpoint-oss/telescope/server/bridge/stabilize.go:102.105,104.10 2 5
github.com/sailpoint-oss/telescope/server/bridge/stabilize.go:104.10,105.12 1 2
github.com/sailpoint-oss/telescope/server/bridge/stabilize.go:107.3,108.24 2 3
github.com/sailpoint-oss/telescope/server/bridge/stabilize.go:108.24,110.4 1 0
github.com/sailpoint-oss/telescope/server/bridge/stabilize.go:111.3,111.28 1 3
github.com/sailpoint-oss/telescope/server/bridge/stabilize.go:113.2,113.22 1 0
github.com/sailpoint-oss/telescope/server/bridge/stabilize.go:116.63,117.51 1 3
github.com/sailpoint-oss/telescope/server/bridge/stabilize.go:117.51,119.3 1 2
github.com/sailpoint-oss/telescope/server/bridge/stabilize.go:120.2,120.42 1 1
github.com/sailpoint-oss/telescope/server/bridge/stabilize.go:123.85,125.26 2 5
github.com/sailpoint-oss/telescope/server/bridge/stabilize.go:125.26,127.3 1 7
github.com/sailpoint-oss/telescope/server/bridge/stabilize.go:128.2,129.13 2 5
github.com/sailpoint-oss/telescope/server/extensions/analyzer.go:18.55,21.68 1 2
github.com/sailpoint-oss/telescope/server/extensions/analyzer.go:21.68,23.41 2 3
github.com/sailpoint-oss/telescope/server/extensions/analyzer.go:23.41,25.5 1 1
github.com/sailpoint-oss/telescope/server/extensions/analyzer.go:26.4,28.18 3 2
github.com/sailpoint-oss/telescope/server/extensions/analyzer.go:38.62,42.21 3 2
github.com/sailpoint-oss/telescope/server/extensions/analyzer.go:42.21,45.3 2 0
github.com/sailpoint-oss/telescope/server/extensions/analyzer.go:47.2,47.33 1 2
github.com/sailpoint-oss/telescope/server/extensions/analyzer.go:47.33,51.40 3 1
github.com/sailpoint-oss/telescope/server/extensions/analyzer.go:51.40,56.36 4 0
github.com/sailpoint-oss/telescope/server/extensions/analyzer.go:56.36,58.5 1 0
github.com/sailpoint-oss/telescope/server/extensions/analyzer.go:59.4,59.38 1 0
github.com/sailpoint-oss/telescope/server/extensions/analyzer.go:59.38,61.5 1 0
github.com/sailpoint-oss/telescope/server/extensions/analyzer.go:65.2,65.27 1 2
github.com/sailpoint-oss/telescope/server/extensions/analyzer.go:65.27,66.44 1 0
github.com/sailpoint-oss/telescope/server/extensions/analyzer.go:66.44,68.4 1 0
github.com/sailpoint-oss/telescope/server/extensions/analyzer.go:69.3,69.53 1 0
github.com/sailpoint-oss/telescope/server/extensions/analyzer.go:69.53,71.4 1 0
github.com/sailpoint-oss/telescope/server/extensions/analyzer.go:74.2,74.26 1 2
github.com/sailpoint-oss/telescope/server/extensions/analyzer.go:74.26,76.3 1 0
github.com/sailpoint-oss/telescope/server/extensions/analyzer.go:78.2,78.29 1 2
github.com/sailpoint-oss/telescope/server/extensions/analyzer.go:78.29,80.3 1 0
github.com/sailpoint-oss/telescope/server/extensions/analyzer.go:83.90,84.31 1 3
github.com/sailpoint-oss/telescope/server/extensions/analyzer.go:84.31,85.37 1 1
github.com/sailpoint-oss/telescope/server/extensions/analyzer.go:85.37,86.12 1 0
github.com/sailpoint-oss/telescope/server/extensions/analyzer.go:88.3,89.10 2 1
github.com/sailpoint-oss/telescope/server/extensions/analyzer.go:89.10,90.12 1 0
github.com/sailpoint-oss/telescope/server/extensions/analyzer.go:94.3,94.44 1 1
github.com/sailpoint-oss/telescope/server/extensions/analyzer.go:94.44,98.4 1 0
github.com/sailpoint-oss/telescope/server/extensions/analyzer.go:101.3,101.43 1 1
github.com/sailpoint-oss/telescope/server/extensions/analyzer.go:101.43,103.4 1 1
github.com/sailpoint-oss/telescope/server/extensions/analyzer.go:107.105,109.31 2 3
github.com/sailpoint-oss/telescope/server/extensions/analyzer.go:109.31,110.40 1 0
github.com/sailpoint-oss/telescope/server/extensions/analyzer.go:110.40,113.4 1 0
github.com/sailpoint-oss/telescope/server/extensions/analyzer.go:117.101,119.22 2 1
github.com/sailpoint-oss/telescope/server/extensions/analyzer.go:119.22,121.3 1 0
github.com/sailpoint-oss/telescope/server/extensions/analyzer.go:124.2,124.20 1 1
github.com/sailpoint-oss/telescope/server/extensions/analyzer.go:125.16,126.48 1 1
github.com/sailpoint-oss/telescope/server/extensions/analyzer.go:126.48,127.58 1 1
github.com/sailpoint-oss/telescope/server/extensions/analyzer.go:127.58,129.76 2 1
github.com/sailpoint-oss/telescope/server/extensions/analyzer.go:129.76,131.36 2 1
github.com/sailpoint-oss/telescope/server/extensions/analyzer.go:131.36,132.27 1 3
github.com/sailpoint-oss/telescope/server/extensions/analyzer.go:132.27,134.13 2 0
github.com/sailpoint-oss/telescope/server/extensions/analyzer.go:137.6,137.16 1 1
github.com/sailpoint-oss/telescope/server/extensions/analyzer.go:137.16,141.7 1 1
github.com/sailpoint-oss/telescope/server/extensions/analyzer.go:145.17,146.52 1 0
github.com/sailpoint-oss/telescope/server/extensions/analyzer.go:146.52,149.4 1 0
github.com/sailpoint-oss/telescope/server/extensions/analyzer.go:153.102,161.2 1 1
github.com/sailpoint-oss/telescope/server/extensions/analyzer.go:163.42,165.27 2 0
github.com/sailpoint-oss/telescope/server/extensions/analyzer.go:165.27,167.3 1 0
github.com/sailpoint-oss/telescope/server/extensions/analyzer.go:168.2,168.31 1 0
github.com/sailpoint-oss/telescope/server/extensions/builtin.go:236.42,240.2 3 0
github.com/sailpoint-oss/telescope/server/extensions/builtin.go:242.41,244.20 2 24
github.com/sailpoint-oss/telescope/server/extensions/builtin.go:244.20,245.51 1 0
github.com/sailpoint-oss/telescope/server/extensions/builtin.go:247.2,247.10 1 24
github.com/sailpoint-oss/telescope/server/extensions/loader.go:13.73,15.16 2 3
github.com/sailpoint-oss/telescope/server/extensions/loader.go:15.16,16.25 1 1
github.com/sailpoint-oss/telescope/server/extensions/loader.go:16.25,18.4 1 1
github.com/sailpoint-oss/telescope/server/extensions/loader.go:19.3,19.59 1 0
github.com/sailpoint-oss/telescope/server/extensions/loader.go:22.2,22.32 1 2
github.com/sailpoint-oss/telescope/server/extensions/loader.go:22.32,23.20 1 3
github.com/sailpoint-oss/telescope/server/extensions/loader.go:23.20,24.12 1 0
github.com/sailpoint-oss/telescope/server/extensions/loader.go:26.3,26.44 1 3
github.com/sailpoint-oss/telescope/server/extensions/loader.go:26.44,27.12 1 1
github.com/sailpoint-oss/telescope/server/extensions/loader.go:29.3,30.50 2 2
github.com/sailpoint-oss/telescope/server/extensions/loader.go:30.50,32.12 2 1
github.com/sailpoint-oss/telescope/server/extensions/loader.go:34.3,34.55 1 1
github.com/sailpoint-oss/telescope/server/extensions/loader.go:36.2,36.12 1 2
github.com/sailpoint-oss/telescope/server/extensions/loader.go:39.54,41.16 2 2
github.com/sailpoint-oss/telescope/server/extensions/loader.go:41.16,43.3 1 0
github.com/sailpoint-oss/telescope/server/extensions/loader.go:45.2,46.51 2 2
github.com/sailpoint-oss/telescope/server/extensions/loader.go:46.51,48.3 1 1
github.com/sailpoint-oss/telescope/server/extensions/loader.go:50.2,50.20 1 1
github.com/sailpoint-oss/telescope/server/extensions/loader.go:50.20,52.3 1 0
github.com/sailpoint-oss/telescope/server/extensions/loader.go:54.2,59.4 1 1
github.com/sailpoint-oss/telescope/server/extensions/loader.go:63.45,64.40 1 1
github.com/sailpoint-oss/telescope/server/extensions/loader.go:64.40,65.48 1 24
github.com/sailpoint-oss/telescope/server/extensions/loader.go:65.48,67.4 1 0
github.com/sailpoint-oss/telescope/server/extensions/loader.go:69.2,69.12 1 1
github.com/sailpoint-oss/telescope/server/extensions/registry.go:19.30,25.2 1 16
github.com/sailpoint-oss/telescope/server/extensions/registry.go:28.55,30.26 2 41
github.com/sailpoint-oss/telescope/server/extensions/registry.go:30.26,31.66 1 29
github.com/sailpoint-oss/telescope/server/extensions/registry.go:31.66,33.4 1 1
github.com/sailpoint-oss/telescope/server/extensions/registry.go:36.2,45.36 5 40
github.com/sailpoint-oss/telescope/server/extensions/registry.go:45.36,47.24 2 57
github.com/sailpoint-oss/telescope/server/extensions/registry.go:47.24,48.32 1 2
github.com/sailpoint-oss/telescope/server/extensions/registry.go:48.32,50.5 1 30
github.com/sailpoint-oss/telescope/server/extensions/registry.go:53.2,53.12 1 40
github.com/sailpoint-oss/telescope/server/extensions/registry.go:57.48,61.29 4 3
github.com/sailpoint-oss/telescope/server/extensions/registry.go:61.29,63.3 1 3
github.com/sailpoint-oss/telescope/server/extensions/registry.go:67.66,71.2 3 18
github.com/sailpoint-oss/telescope/server/extensions/registry.go:74.64,79.2 4 2
github.com/sailpoint-oss/telescope/server/extensions/registry.go:82.49,86.2 3 6
github.com/sailpoint-oss/telescope/server/extensions/registry.go:89.71,94.39 4 4
github.com/sailpoint-oss/telescope/server/extensions/registry.go:94.39,95.32 1 2
github.com/sailpoint-oss/telescope/server/extensions/registry.go:95.32,97.4 1 1
github.com/sailpoint-oss/telescope/server/extensions/registry.go:99.2,99.15 1 4
github.com/sailpoint-oss/telescope/server/extensions/registry.go:103.51,108.2 4 9
github.com/sailpoint-oss/telescope/server/extensions/registry.go:111.64,115.9 4 25
github.com/sailpoint-oss/telescope/server/extensions/registry.go:115.9,117.3 1 2
github.com/sailpoint-oss/telescope/server/extensions/registry.go:118.2,118.36 1 23
github.com/sailpoint-oss/telescope/server/extensions/registry.go:118.36,119.34 1 25
github.com/sailpoint-oss/telescope/server/extensions/registry.go:119.34,121.4 1 20
github.com/sailpoint-oss/telescope/server/extensions/registry.go:123.2,123.14 1 3
github.com/sailpoint-oss/telescope/server/extensions/registry.go:127.32,131.2 3 6
github.com/sailpoint-oss/telescope/server/rules/builder.go:15.65,19.2 3 1
github.com/sailpoint-oss/telescope/server/rules/cli.go:32.93,38.60 4 3
github.com/sailpoint-oss/telescope/server/rules/cli.go:38.60,40.3 1 3
github.com/sailpoint-oss/telescope/server/rules/cli.go:41.2,41.55 1 3
github.com/sailpoint-oss/telescope/server/rules/cli.go:41.55,43.3 1 1
github.com/sailpoint-oss/telescope/server/rules/cli.go:45.2,47.44 3 3
github.com/sailpoint-oss/telescope/server/rules/cli.go:54.66,55.56 1 2
github.com/sailpoint-oss/telescope/server/rules/cli.go:55.57,55.58 0 2
github.com/sailpoint-oss/telescope/server/rules/cli.go:56.2,56.18 1 2
github.com/sailpoint-oss/telescope/server/rules/cli.go:63.148,66.27 3 1
github.com/sailpoint-oss/telescope/server/rules/cli.go:66.27,68.3 1 0
github.com/sailpoint-oss/telescope/server/rules/cli.go:69.2,69.31 1 1
github.com/sailpoint-oss/telescope/server/rules/cli.go:69.31,76.3 3 1
github.com/sailpoint-oss/telescope/server/rules/cli.go:77.2,77.14 1 1
github.com/sailpoint-oss/telescope/server/rules/cli.go:82.155,85.27 3 4
github.com/sailpoint-oss/telescope/server/rules/cli.go:85.27,87.3 1 2
github.com/sailpoint-oss/telescope/server/rules/cli.go:88.2,88.31 1 4
github.com/sailpoint-oss/telescope/server/rules/cli.go:88.31,94.3 2 3
github.com/sailpoint-oss/telescope/server/rules/cli.go:95.2,95.14 1 4
github.com/sailpoint-oss/telescope/server/rules/cli.go:102.58,103.31 1 2
github.com/sailpoint-oss/telescope/server/rules/cli.go:103.31,105.3 1 2
github.com/sailpoint-oss/telescope/server/rules/cli.go:109.54,110.31 1 3
github.com/sailpoint-oss/telescope/server/rules/cli.go:110.31,112.3 1 3
github.com/sailpoint-oss/telescope/server/rules/cli.go:117.108,120.2 2 0
github.com/sailpoint-oss/telescope/server/rules/cli.go:124.115,125.32 1 0
github.com/sailpoint-oss/telescope/server/rules/cli.go:125.32,127.3 1 0
github.com/sailpoint-oss/telescope/server/rules/cli.go:128.2,130.28 3 0
github.com/sailpoint-oss/telescope/server/rules/cli.go:130.28,132.17 2 0
github.com/sailpoint-oss/telescope/server/rules/cli.go:132.17,133.12 1 0
github.com/sailpoint-oss/telescope/server/rules/cli.go:135.3,135.30 1 0
github.com/sailpoint-oss/telescope/server/rules/cli.go:135.30,136.64 1 0
github.com/sailpoint-oss/telescope/server/rules/cli.go:136.64,137.13 1 0
github.com/sailpoint-oss/telescope/server/rules/cli.go:139.4,139.53 1 0
github.com/sailpoint-oss/telescope/server/rules/cli.go:139.53,140.13 1 0
github.com/sailpoint-oss/telescope/server/rules/cli.go:142.4,143.31 2 0
github.com/sailpoint-oss/telescope/server/rules/cli.go:143.31,145.5 1 0
github.com/sailpoint-oss/telescope/server/rules/cli.go:146.4,147.20 2 0
github.com/sailpoint-oss/telescope/server/rules/cli.go:147.20,149.5 1 0
github.com/sailpoint-oss/telescope/server/rules/cli.go:150.4,156.27 2 0
github.com/sailpoint-oss/telescope/server/rules/cli.go:156.27,158.5 1 0
github.com/sailpoint-oss/telescope/server/rules/cli.go:159.4,159.39 1 0
github.com/sailpoint-oss/telescope/server/rules/cli.go:159.39,161.5 1 0
github.com/sailpoint-oss/telescope/server/rules/cli.go:162.4,162.28 1 0
github.com/sailpoint-oss/telescope/server/rules/cli.go:162.28,164.5 1 0
github.com/sailpoint-oss/telescope/server/rules/cli.go:165.4,165.28 1 0
github.com/sailpoint-oss/telescope/server/rules/cli.go:168.2,168.14 1 0
github.com/sailpoint-oss/telescope/server/rules/cli.go:171.54,173.47 2 0
github.com/sailpoint-oss/telescope/server/rules/cli.go:173.47,174.67 1 0
github.com/sailpoint-oss/telescope/server/rules/cli.go:174.67,176.4 1 0
github.com/sailpoint-oss/telescope/server/rules/cli.go:178.2,178.14 1 0
github.com/sailpoint-oss/telescope/server/rules/compat.go:13.61,14.16 1 6
github.com/sailpoint-oss/telescope/server/rules/compat.go:14.16,17.3 2 1
github.com/sailpoint-oss/telescope/server/rules/compat.go:18.2,18.58 1 5
github.com/sailpoint-oss/telescope/server/rules/compat.go:23.63,24.25 1 5
github.com/sailpoint-oss/telescope/server/rules/compat.go:24.25,26.3 1 1
github.com/sailpoint-oss/telescope/server/rules/compat.go:27.2,27.57 1 4
github.com/sailpoint-oss/telescope/server/rules/compat.go:27.57,29.3 1 2
github.com/sailpoint-oss/telescope/server/rules/compat.go:30.2,30.50 1 2
github.com/sailpoint-oss/telescope/server/rules/compat.go:30.50,32.3 1 1
github.com/sailpoint-oss/telescope/server/rules/compat.go:33.2,33.12 1 1
github.com/sailpoint-oss/telescope/server/rules/compat.go:38.69,39.25 1 6
github.com/sailpoint-oss/telescope/server/rules/compat.go:39.25,41.3 1 1
github.com/sailpoint-oss/telescope/server/rules/compat.go:42.2,43.13 2 5
github.com/sailpoint-oss/telescope/server/openapi/classifier.go:21.65,28.43 3 1
github.com/sailpoint-oss/telescope/server/openapi/classifier.go:28.43,30.3 1 0
github.com/sailpoint-oss/telescope/server/openapi/classifier.go:32.2,39.15 6 1
github.com/sailpoint-oss/telescope/server/openapi/classifier.go:44.60,46.43 2 5
github.com/sailpoint-oss/telescope/server/openapi/classifier.go:46.43,48.3 1 1
github.com/sailpoint-oss/telescope/server/openapi/classifier.go:50.2,54.16 4 4
github.com/sailpoint-oss/telescope/server/openapi/classifier.go:55.18,56.42 1 3
github.com/sailpoint-oss/telescope/server/openapi/classifier.go:57.18,58.42 1 1
github.com/sailpoint-oss/telescope/server/openapi/classifier.go:61.2,61.24 1 4
github.com/sailpoint-oss/telescope/server/openapi/classifier.go:61.24,63.3 1 0
github.com/sailpoint-oss/telescope/server/openapi/classifier.go:65.2,66.69 2 4
github.com/sailpoint-oss/telescope/server/openapi/classifier.go:66.69,68.39 2 11
github.com/sailpoint-oss/telescope/server/openapi/classifier.go:68.39,70.4 1 3
github.com/sailpoint-oss/telescope/server/openapi/classifier.go:73.2,73.14 1 4
github.com/sailpoint-oss/telescope/server/openapi/fragment.go:59.80,60.17 1 21
github.com/sailpoint-oss/telescope/server/openapi/fragment.go:60.17,62.3 1 1
github.com/sailpoint-oss/telescope/server/openapi/fragment.go:64.2,65.20 2 20
github.com/sailpoint-oss/telescope/server/openapi/fragment.go:65.20,67.3 1 1
github.com/sailpoint-oss/telescope/server/openapi/fragment.go:69.2,70.25 2 19
github.com/sailpoint-oss/telescope/server/openapi/fragment.go:70.25,72.3 1 49
github.com/sailpoint-oss/telescope/server/openapi/fragment.go:74.2,75.25 2 19
github.com/sailpoint-oss/telescope/server/openapi/fragment.go:75.25,76.22 1 49
github.com/sailpoint-oss/telescope/server/openapi/fragment.go:76.22,78.4 1 49
github.com/sailpoint-oss/telescope/server/openapi/fragment.go:82.2,82.44 1 19
github.com/sailpoint-oss/telescope/server/openapi/fragment.go:82.44,84.3 1 2
github.com/sailpoint-oss/telescope/server/openapi/fragment.go:87.2,87.25 1 17
github.com/sailpoint-oss/telescope/server/openapi/fragment.go:87.25,88.21 1 43
github.com/sailpoint-oss/telescope/server/openapi/fragment.go:88.21,90.4 1 2
github.com/sailpoint-oss/telescope/server/openapi/fragment.go:95.2,95.20 1 15
github.com/sailpoint-oss/telescope/server/openapi/fragment.go:95.20,97.35 2 5
github.com/sailpoint-oss/telescope/server/openapi/fragment.go:97.35,99.4 1 2
github.com/sailpoint-oss/telescope/server/openapi/fragment.go:103.2,103.36 1 13
github.com/sailpoint-oss/telescope/server/openapi/fragment.go:103.36,105.3 1 1
github.com/sailpoint-oss/telescope/server/openapi/fragment.go:108.2,108.27 1 12
github.com/sailpoint-oss/telescope/server/openapi/fragment.go:108.27,110.3 1 1
github.com/sailpoint-oss/telescope/server/openapi/fragment.go:111.2,111.140 1 11
github.com/sailpoint-oss/telescope/server/openapi/fragment.go:111.140,113.3 1 1
github.com/sailpoint-oss/telescope/server/openapi/fragment.go:117.2,117.62 1 10
github.com/sailpoint-oss/telescope/server/openapi/fragment.go:117.62,119.3 1 1
github.com/sailpoint-oss/telescope/server/openapi/fragment.go:124.2,124.44 1 9
github.com/sailpoint-oss/telescope/server/openapi/fragment.go:124.44,125.45 1 3
github.com/sailpoint-oss/telescope/server/openapi/fragment.go:125.45,127.4 1 1
github.com/sailpoint-oss/telescope/server/openapi/fragment.go:131.2,131.65 1 8
github.com/sailpoint-oss/telescope/server/openapi/fragment.go:131.65,133.3 1 0
github.com/sailpoint-oss/telescope/server/openapi/fragment.go:136.2,136.25 1 8
github.com/sailpoint-oss/telescope/server/openapi/fragment.go:136.25,137.27 1 17
github.com/sailpoint-oss/telescope/server/openapi/fragment.go:137.27,139.4 1 1
github.com/sailpoint-oss/telescope/server/openapi/fragment.go:143.2,143.19 1 7
github.com/sailpoint-oss/telescope/server/openapi/fragment.go:143.19,144.51 1 1
github.com/sailpoint-oss/telescope/server/openapi/fragment.go:144.51,146.4 1 1
github.com/sailpoint-oss/telescope/server/openapi/fragment.go:150.2,150.58 1 6
github.com/sailpoint-oss/telescope/server/openapi/fragment.go:150.58,152.26 2 1
github.com/sailpoint-oss/telescope/server/openapi/fragment.go:152.26,153.22 1 2
github.com/sailpoint-oss/telescope/server/openapi/fragment.go:153.22,155.10 2 0
github.com/sailpoint-oss/telescope/server/openapi/fragment.go:158.3,158.17 1 1
github.com/sailpoint-oss/telescope/server/openapi/fragment.go:158.17,160.4 1 1
github.com/sailpoint-oss/telescope/server/openapi/fragment.go:164.2,164.25 1 5
github.com/sailpoint-oss/telescope/server/openapi/fragment.go:164.25,165.24 1 7
github.com/sailpoint-oss/telescope/server/openapi/fragment.go:165.24,167.4 1 4
github.com/sailpoint-oss/telescope/server/openapi/fragment.go:170.2,170.24 1 1
github.com/sailpoint-oss/telescope/server/openapi/fragment.go:175.94,178.17 3 20
github.com/sailpoint-oss/telescope/server/openapi/fragment.go:178.17,180.3 1 0
github.com/sailpoint-oss/telescope/server/openapi/fragment.go:182.2,183.16 2 20
github.com/sailpoint-oss/telescope/server/openapi/fragment.go:184.18,185.37 1 18
github.com/sailpoint-oss/telescope/server/openapi/fragment.go:186.18,187.37 1 2
github.com/sailpoint-oss/telescope/server/openapi/fragment.go:188.10,189.18 1 0
github.com/sailpoint-oss/telescope/server/openapi/fragment.go:191.2,191.24 1 20
github.com/sailpoint-oss/telescope/server/openapi/fragment.go:191.24,193.3 1 0
github.com/sailpoint-oss/telescope/server/openapi/fragment.go:195.2,197.64 3 20
github.com/sailpoint-oss/telescope/server/openapi/fragment.go:197.64,200.19 3 49
github.com/sailpoint-oss/telescope/server/openapi/fragment.go:200.19,202.4 1 49
github.com/sailpoint-oss/telescope/server/openapi/fragment.go:202.9,204.4 1 0
github.com/sailpoint-oss/telescope/server/openapi/fragment.go:206.2,206.21 1 20
github.com/sailpoint-oss/telescope/server/openapi/fragment.go:210.39,211.11 1 11
github.com/sailpoint-oss/telescope/server/openapi/fragment.go:212.22,213.18 1 1
github.com/sailpoint-oss/telescope/server/openapi/fragment.go:214.24,215.20 1 1
github.com/sailpoint-oss/telescope/server/openapi/fragment.go:216.25,217.21 1 1
github.com/sailpoint-oss/telescope/server/openapi/fragment.go:218.25,219.21 1 1
github.com/sailpoint-oss/telescope/server/openapi/fragment.go:220.27,221.23 1 1
github.com/sailpoint-oss/telescope/server/openapi/fragment.go:222.24,223.20 1 1
github.com/sailpoint-oss/telescope/server/openapi/fragment.go:224.22,225.18 1 1
github.com/sailpoint-oss/telescope/server/openapi/fragment.go:226.30,227.26 1 1
github.com/sailpoint-oss/telescope/server/openapi/fragment.go:228.26,229.22 1 1
github.com/sailpoint-oss/telescope/server/openapi/fragment.go:230.22,231.18 1 1
github.com/sailpoint-oss/telescope/server/openapi/fragment.go:232.10,233.19 1 1
github.com/sailpoint-oss/telescope/server/openapi/index.go:51.71,75.31 9 1
github.com/sailpoint-oss/telescope/server/openapi/index.go:75.31,76.88 1 1
github.com/sailpoint-oss/telescope/server/openapi/index.go:76.88,77.25 1 1
github.com/sailpoint-oss/telescope/server/openapi/index.go:77.25,79.5 1 0
github.com/sailpoint-oss/telescope/server/openapi/index.go:80.4,82.58 3 1
github.com/sailpoint-oss/telescope/server/openapi/index.go:82.58,84.5 1 0
github.com/sailpoint-oss/telescope/server/openapi/index.go:87.2,87.102 1 1
github.com/sailpoint-oss/telescope/server/openapi/index.go:87.102,89.3 1 0
github.com/sailpoint-oss/telescope/server/openapi/index.go:91.2,91.12 1 1
[...]
github.com/sailpoint-oss/telescope/server/lsp/server.go:930.29,931.13 1 2843
github.com/sailpoint-oss/telescope/server/lsp/server.go:933.4,939.6 1 14
github.com/sailpoint-oss/telescope/server/lsp/server.go:942.2,942.14 1 15
github.com/sailpoint-oss/telescope/server/lsp/server.go:955.101,959.17 4 86
github.com/sailpoint-oss/telescope/server/lsp/server.go:959.17,961.3 1 0
github.com/sailpoint-oss/telescope/server/lsp/server.go:962.2,969.4 1 86
github.com/sailpoint-oss/telescope/server/lsp/symbols.go:15.72,16.40 1 7
github.com/sailpoint-oss/telescope/server/lsp/symbols.go:16.40,18.3 1 3
github.com/sailpoint-oss/telescope/server/lsp/symbols.go:19.2,19.18 1 4
github.com/sailpoint-oss/telescope/server/lsp/symbols.go:22.54,23.46 1 36
github.com/sailpoint-oss/telescope/server/lsp/symbols.go:23.46,25.3 1 13
github.com/sailpoint-oss/telescope/server/lsp/symbols.go:26.2,26.42 1 23
github.com/sailpoint-oss/telescope/server/lsp/symbols.go:26.42,28.3 1 4
github.com/sailpoint-oss/telescope/server/lsp/symbols.go:29.2,29.13 1 19
github.com/sailpoint-oss/telescope/server/lsp/symbols.go:32.50,34.2 1 63
github.com/sailpoint-oss/telescope/server/lsp/symbols.go:37.95,38.109 1 83
github.com/sailpoint-oss/telescope/server/lsp/symbols.go:38.109,40.37 2 1
github.com/sailpoint-oss/telescope/server/lsp/symbols.go:40.37,44.4 1 0
github.com/sailpoint-oss/telescope/server/lsp/symbols.go:46.3,49.31 2 1
github.com/sailpoint-oss/telescope/server/lsp/symbols.go:49.31,52.19 3 1
github.com/sailpoint-oss/telescope/server/lsp/symbols.go:52.19,54.5 1 0
github.com/sailpoint-oss/telescope/server/lsp/symbols.go:55.4,56.26 2 1
github.com/sailpoint-oss/telescope/server/lsp/symbols.go:56.26,58.5 1 1
github.com/sailpoint-oss/telescope/server/lsp/symbols.go:59.4,65.6 1 1
github.com/sailpoint-oss/telescope/server/lsp/symbols.go:69.3,69.34 1 1
github.com/sailpoint-oss/telescope/server/lsp/symbols.go:69.34,71.47 2 1
github.com/sailpoint-oss/telescope/server/lsp/symbols.go:71.47,78.42 2 1
github.com/sailpoint-oss/telescope/server/lsp/symbols.go:78.42,80.40 2 2
github.com/sailpoint-oss/telescope/server/lsp/symbols.go:80.40,82.7 1 2
github.com/sailpoint-oss/telescope/server/lsp/symbols.go:83.6,88.8 1 2
github.com/sailpoint-oss/telescope/server/lsp/symbols.go:90.5,90.52 1 1
github.com/sailpoint-oss/telescope/server/lsp/symbols.go:92.4,98.6 1 1
github.com/sailpoint-oss/telescope/server/lsp/symbols.go:101.3,101.37 1 1
github.com/sailpoint-oss/telescope/server/lsp/symbols.go:101.37,103.4 1 0
github.com/sailpoint-oss/telescope/server/lsp/symbols.go:104.3,107.28 2 1
github.com/sailpoint-oss/telescope/server/lsp/symbols.go:107.28,109.43 2 1
github.com/sailpoint-oss/telescope/server/lsp/symbols.go:109.43,117.5 1 2
github.com/sailpoint-oss/telescope/server/lsp/symbols.go:118.4,118.111 1 1
github.com/sailpoint-oss/telescope/server/lsp/symbols.go:122.3,122.31 1 1
github.com/sailpoint-oss/telescope/server/lsp/symbols.go:122.31,124.45 2 0
github.com/sailpoint-oss/telescope/server/lsp/symbols.go:124.45,126.23 2 0
github.com/sailpoint-oss/telescope/server/lsp/symbols.go:126.23,128.6 1 0
github.com/sailpoint-oss/telescope/server/lsp/symbols.go:129.5,135.7 1 0
github.com/sailpoint-oss/telescope/server/lsp/symbols.go:137.4,137.114 1 0
github.com/sailpoint-oss/telescope/server/lsp/symbols.go:141.3,141.30 1 1
github.com/sailpoint-oss/telescope/server/lsp/symbols.go:141.30,143.43 2 0
github.com/sailpoint-oss/telescope/server/lsp/symbols.go:143.43,151.5 1 0
github.com/sailpoint-oss/telescope/server/lsp/symbols.go:152.4,152.113 1 0
github.com/sailpoint-oss/telescope/server/lsp/symbols.go:156.3,156.34 1 1
github.com/sailpoint-oss/telescope/server/lsp/symbols.go:156.34,158.45 2 0
github.com/sailpoint-oss/telescope/server/lsp/symbols.go:158.45,166.5 1 0
github.com/sailpoint-oss/telescope/server/lsp/symbols.go:167.4,167.117 1 0
github.com/sailpoint-oss/telescope/server/lsp/symbols.go:171.3,171.28 1 1
github.com/sailpoint-oss/telescope/server/lsp/symbols.go:171.28,173.40 2 0
github.com/sailpoint-oss/telescope/server/lsp/symbols.go:173.40,181.5 1 0
github.com/sailpoint-oss/telescope/server/lsp/symbols.go:182.4,182.111 1 0
github.com/sailpoint-oss/telescope/server/lsp/symbols.go:186.3,186.36 1 1
github.com/sailpoint-oss/telescope/server/lsp/symbols.go:186.36,188.47 2 1
github.com/sailpoint-oss/telescope/server/lsp/symbols.go:188.47,196.5 1 1
github.com/sailpoint-oss/telescope/server/lsp/symbols.go:197.4,197.119 1 1
github.com/sailpoint-oss/telescope/server/lsp/symbols.go:201.3,201.26 1 1
github.com/sailpoint-oss/telescope/server/lsp/symbols.go:201.26,203.39 2 0
github.com/sailpoint-oss/telescope/server/lsp/symbols.go:203.39,211.5 1 0
github.com/sailpoint-oss/telescope/server/lsp/symbols.go:212.4,212.109 1 0
github.com/sailpoint-oss/telescope/server/lsp/symbols.go:216.3,216.30 1 1
github.com/sailpoint-oss/telescope/server/lsp/symbols.go:216.30,218.41 2 0
github.com/sailpoint-oss/telescope/server/lsp/symbols.go:218.41,226.5 2 0
github.com/sailpoint-oss/telescope/server/lsp/symbols.go:227.4,227.113 1 0
github.com/sailpoint-oss/telescope/server/lsp/symbols.go:230.3,230.45 1 1
github.com/sailpoint-oss/telescope/server/lsp/symbols.go:234.104,235.24 1 1
github.com/sailpoint-oss/telescope/server/lsp/symbols.go:235.24,237.3 1 0
github.com/sailpoint-oss/telescope/server/lsp/symbols.go:238.2,239.40 2 1
github.com/sailpoint-oss/telescope/server/lsp/symbols.go:239.40,247.3 1 1
github.com/sailpoint-oss/telescope/server/lsp/symbols.go:248.2,255.16 2 1
github.com/sailpoint-oss/telescope/server/lsp/symbols.go:258.128,266.2 1 2
github.com/sailpoint-oss/telescope/server/lsp/symbols.go:268.56,269.26 1 2
github.com/sailpoint-oss/telescope/server/lsp/symbols.go:269.26,270.18 1 1
github.com/sailpoint-oss/telescope/server/lsp/symbols.go:270.18,272.4 1 1
github.com/sailpoint-oss/telescope/server/lsp/symbols.go:274.2,274.25 1 1
github.com/sailpoint-oss/telescope/server/lsp/symbols.go:277.41,278.19 1 7
github.com/sailpoint-oss/telescope/server/lsp/symbols.go:278.19,280.3 1 6
github.com/sailpoint-oss/telescope/server/lsp/symbols.go:281.2,281.26 1 1
github.com/sailpoint-oss/telescope/server/lsp/type_definition.go:19.139,20.103 1 84
github.com/sailpoint-oss/telescope/server/lsp/type_definition.go:20.103,24.26 4 2
github.com/sailpoint-oss/telescope/server/lsp/type_definition.go:24.26,26.4 1 0
github.com/sailpoint-oss/telescope/server/lsp/type_definition.go:27.3,28.17 2 2
github.com/sailpoint-oss/telescope/server/lsp/type_definition.go:28.17,29.21 1 0
github.com/sailpoint-oss/telescope/server/lsp/type_definition.go:29.21,31.5 1 0
github.com/sailpoint-oss/telescope/server/lsp/type_definition.go:32.4,32.19 1 0
github.com/sailpoint-oss/telescope/server/lsp/type_definition.go:35.3,36.17 2 2
github.com/sailpoint-oss/telescope/server/lsp/type_definition.go:36.17,38.4 1 0
github.com/sailpoint-oss/telescope/server/lsp/type_definition.go:40.3,43.37 2 2
github.com/sailpoint-oss/telescope/server/lsp/type_definition.go:43.37,45.23 2 2
github.com/sailpoint-oss/telescope/server/lsp/type_definition.go:45.23,46.58 1 2
github.com/sailpoint-oss/telescope/server/lsp/type_definition.go:46.58,47.52 1 2
github.com/sailpoint-oss/telescope/server/lsp/type_definition.go:47.52,48.24 1 2
github.com/sailpoint-oss/telescope/server/lsp/type_definition.go:48.24,53.8 1 0
github.com/sailpoint-oss/telescope/server/lsp/type_definition.go:54.7,54.84 1 2
github.com/sailpoint-oss/telescope/server/lsp/type_definition.go:57.5,57.84 1 0
github.com/sailpoint-oss/telescope/server/lsp/type_definition.go:57.84,58.23 1 0
github.com/sailpoint-oss/telescope/server/lsp/type_definition.go:58.23,64.7 1 0
github.com/sailpoint-oss/telescope/server/lsp/type_definition.go:65.6,65.43 1 0
github.com/sailpoint-oss/telescope/server/lsp/type_definition.go:68.5,68.23 1 0
github.com/sailpoint-oss/telescope/server/lsp/type_definition.go:68.23,70.6 1 0
github.com/sailpoint-oss/telescope/server/lsp/type_definition.go:71.5,71.75 1 0
github.com/sailpoint-oss/telescope/server/lsp/type_definition.go:71.75,72.23 1 0
github.com/sailpoint-oss/telescope/server/lsp/type_definition.go:72.23,78.7 1 0
github.com/sailpoint-oss/telescope/server/lsp/type_definition.go:79.6,79.43 1 0
github.com/sailpoint-oss/telescope/server/lsp/type_definition.go:85.3,85.43 1 0
github.com/sailpoint-oss/telescope/server/lsp/type_definition.go:85.43,86.41 1 0
github.com/sailpoint-oss/telescope/server/lsp/type_definition.go:86.41,87.47 1 0
github.com/sailpoint-oss/telescope/server/lsp/type_definition.go:87.47,88.86 1 0
github.com/sailpoint-oss/telescope/server/lsp/type_definition.go:88.86,89.15 1 0
github.com/sailpoint-oss/telescope/server/lsp/type_definition.go:91.6,91.25 1 0
github.com/sailpoint-oss/telescope/server/lsp/type_definition.go:91.25,92.29 1 0
github.com/sailpoint-oss/telescope/server/lsp/type_definition.go:92.29,94.8 1 0
github.com/sailpoint-oss/telescope/server/lsp/type_definition.go:95.7,95.66 1 0
github.com/sailpoint-oss/telescope/server/lsp/type_definition.go:95.66,97.8 1 0
github.com/sailpoint-oss/telescope/server/lsp/type_definition.go:102.5,102.49 1 0
github.com/sailpoint-oss/telescope/server/lsp/type_definition.go:102.49,103.21 1 0
github.com/sailpoint-oss/telescope/server/lsp/type_definition.go:103.21,104.15 1 0
github.com/sailpoint-oss/telescope/server/lsp/type_definition.go:106.6,106.41 1 0
github.com/sailpoint-oss/telescope/server/lsp/type_definition.go:106.41,107.46 1 0
github.com/sailpoint-oss/telescope/server/lsp/type_definition.go:107.46,108.16 1 0
github.com/sailpoint-oss/telescope/server/lsp/type_definition.go:110.7,110.98 1 0
github.com/sailpoint-oss/telescope/server/lsp/type_definition.go:110.98,111.16 1 0
github.com/sailpoint-oss/telescope/server/lsp/type_definition.go:113.7,113.33 1 0
github.com/sailpoint-oss/telescope/server/lsp/type_definition.go:113.33,115.8 1 0
github.com/sailpoint-oss/telescope/server/lsp/type_definition.go:116.7,116.70 1 0
github.com/sailpoint-oss/telescope/server/lsp/type_definition.go:116.70,118.8 1 0
github.com/sailpoint-oss/telescope/server/lsp/type_definition.go:125.3,125.37 1 0
github.com/sailpoint-oss/telescope/server/lsp/type_definition.go:125.37,126.59 1 0
github.com/sailpoint-oss/telescope/server/lsp/type_definition.go:126.59,127.44 1 0
github.com/sailpoint-oss/telescope/server/lsp/type_definition.go:127.44,128.89 1 0
github.com/sailpoint-oss/telescope/server/lsp/type_definition.go:128.89,129.15 1 0
github.com/sailpoint-oss/telescope/server/lsp/type_definition.go:131.6,131.24 1 0
github.com/sailpoint-oss/telescope/server/lsp/type_definition.go:131.24,133.7 1 0
github.com/sailpoint-oss/telescope/server/lsp/type_definition.go:134.6,134.61 1 0
github.com/sailpoint-oss/telescope/server/lsp/type_definition.go:134.61,136.7 1 0
github.com/sailpoint-oss/telescope/server/lsp/type_definition.go:141.3,141.18 1 0
github.com/sailpoint-oss/telescope/server/lsp/type_definition.go:145.194,146.22 1 2
github.com/sailpoint-oss/telescope/server/lsp/type_definition.go:146.22,148.3 1 0
github.com/sailpoint-oss/telescope/server/lsp/type_definition.go:149.2,149.59 1 2
github.com/sailpoint-oss/telescope/server/lsp/type_definition.go:149.59,151.3 1 2
github.com/sailpoint-oss/telescope/server/lsp/type_definition.go:152.2,152.12 1 0
github.com/sailpoint-oss/telescope/server/lsp/type_definition.go:155.180,156.49 1 0
github.com/sailpoint-oss/telescope/server/lsp/type_definition.go:156.49,157.96 1 0
github.com/sailpoint-oss/telescope/server/lsp/type_definition.go:157.96,159.4 1 0
github.com/sailpoint-oss/telescope/server/lsp/type_definition.go:161.2,161.75 1 0
github.com/sailpoint-oss/telescope/server/lsp/type_definition.go:161.75,163.3 1 0
github.com/sailpoint-oss/telescope/server/lsp/type_definition.go:164.2,164.20 1 0
github.com/sailpoint-oss/telescope/server/lsp/type_definition.go:164.20,166.3 1 0
github.com/sailpoint-oss/telescope/server/lsp/type_definition.go:167.2,167.66 1 0
github.com/sailpoint-oss/telescope/server/lsp/type_definition.go:167.66,169.3 1 0
github.com/sailpoint-oss/telescope/server/lsp/type_definition.go:170.2,170.12 1 0
github.com/sailpoint-oss/telescope/server/lsp/type_definition.go:173.137,174.40 1 0
github.com/sailpoint-oss/telescope/server/lsp/type_definition.go:174.40,176.3 1 0
github.com/sailpoint-oss/telescope/server/lsp/type_definition.go:177.2,178.33 2 0
github.com/sailpoint-oss/telescope/server/lsp/type_definition.go:178.33,180.3 1 0
github.com/sailpoint-oss/telescope/server/lsp/type_definition.go:181.2,181.105 1 0
github.com/sailpoint-oss/telescope/server/lsp/type_definition.go:181.105,184.3 2 0
github.com/sailpoint-oss/telescope/server/lsp/type_definition.go:185.2,185.46 1 0
github.com/sailpoint-oss/telescope/server/lsp/type_definition.go:190.112,191.20 1 0
github.com/sailpoint-oss/telescope/server/lsp/type_definition.go:191.20,193.3 1 0
github.com/sailpoint-oss/telescope/server/lsp/type_definition.go:194.2,195.17 2 0
github.com/sailpoint-oss/telescope/server/lsp/type_definition.go:195.17,197.3 1 0
github.com/sailpoint-oss/telescope/server/lsp/type_definition.go:198.2,199.21 2 0
github.com/sailpoint-oss/telescope/server/lsp/type_definition.go:199.21,201.3 1 0
github.com/sailpoint-oss/telescope/server/lsp/type_definition.go:202.2,203.16 2 0
github.com/sailpoint-oss/telescope/server/lsp/type_definition.go:203.16,205.3 1 0
github.com/sailpoint-oss/telescope/server/lsp/type_definition.go:206.2,207.101 2 0
github.com/sailpoint-oss/telescope/server/lsp/type_definition.go:207.101,210.3 2 0
github.com/sailpoint-oss/telescope/server/lsp/type_definition.go:211.2,211.52 1 0
github.com/sailpoint-oss/telescope/server/lsp/type_definition.go:214.52,216.2 1 1
github.com/sailpoint-oss/telescope/server/lsp/watched_files.go:18.193,19.87 1 82
github.com/sailpoint-oss/telescope/server/lsp/watched_files.go:19.87,21.20 2 0
github.com/sailpoint-oss/telescope/server/lsp/watched_files.go:21.20,25.4 1 0
github.com/sailpoint-oss/telescope/server/lsp/watched_files.go:26.3,27.41 2 0
github.com/sailpoint-oss/telescope/server/lsp/watched_files.go:27.41,29.21 2 0
github.com/sailpoint-oss/telescope/server/lsp/watched_files.go:29.21,35.5 1 0
github.com/sailpoint-oss/telescope/server/lsp/watched_files.go:36.4,36.27 1 0
github.com/sailpoint-oss/telescope/server/lsp/watched_files.go:36.27,38.10 2 0
github.com/sailpoint-oss/telescope/server/lsp/watched_files.go:41.3,41.18 1 0
github.com/sailpoint-oss/telescope/server/lsp/watched_files.go:41.18,43.41 2 0
github.com/sailpoint-oss/telescope/server/lsp/watched_files.go:43.41,45.5 1 0
github.com/sailpoint-oss/telescope/server/lsp/watched_files.go:50.3,50.41 1 0
github.com/sailpoint-oss/telescope/server/lsp/watched_files.go:50.41,52.30 2 0
github.com/sailpoint-oss/telescope/server/lsp/watched_files.go:52.30,53.13 1 0
github.com/sailpoint-oss/telescope/server/lsp/watched_files.go:55.4,57.23 2 0
github.com/sailpoint-oss/telescope/server/lsp/watched_files.go:58.30,59.22 1 0
github.com/sailpoint-oss/telescope/server/lsp/watched_files.go:59.22,64.6 1 0
github.com/sailpoint-oss/telescope/server/lsp/watched_files.go:65.5,65.26 1 0
github.com/sailpoint-oss/telescope/server/lsp/watched_files.go:65.26,66.114 1 0
github.com/sailpoint-oss/telescope/server/lsp/watched_files.go:66.114,68.7 1 0
github.com/sailpoint-oss/telescope/server/lsp/watched_files.go:70.5,70.35 1 0
github.com/sailpoint-oss/telescope/server/lsp/watched_files.go:71.30,72.22 1 0
github.com/sailpoint-oss/telescope/server/lsp/watched_files.go:72.22,77.6 1 0
github.com/sailpoint-oss/telescope/server/lsp/watched_files.go:78.5,78.45 1 0
github.com/sailpoint-oss/telescope/server/lsp/watched_files.go:78.45,79.26 1 0
github.com/sailpoint-oss/telescope/server/lsp/watched_files.go:79.26,80.114 1 0
github.com/sailpoint-oss/telescope/server/lsp/watched_files.go:80.114,82.8 1 0
github.com/sailpoint-oss/telescope/server/lsp/watched_files.go:85.5,85.34 1 0
github.com/sailpoint-oss/telescope/server/lsp/watched_files.go:86.30,87.22 1 0
github.com/sailpoint-oss/telescope/server/lsp/watched_files.go:87.22,92.6 1 0
github.com/sailpoint-oss/telescope/server/lsp/watched_files.go:93.5,93.26 1 0
github.com/sailpoint-oss/telescope/server/lsp/watched_files.go:93.26,94.114 1 0
github.com/sailpoint-oss/telescope/server/lsp/watched_files.go:94.114,96.7 1 0
github.com/sailpoint-oss/telescope/server/lsp/watched_files.go:98.5,98.35 1 0
github.com/sailpoint-oss/telescope/server/lsp/watched_files.go:102.3,102.13 1 0
github.com/sailpoint-oss/telescope/server/lsp/watched_files.go:106.40,111.2 2 13
github.com/sailpoint-oss/telescope/server/lsp/watched_files.go:123.48,124.23 1 82
github.com/sailpoint-oss/telescope/server/lsp/watched_files.go:124.23,126.3 1 0
github.com/sailpoint-oss/telescope/server/lsp/watched_files.go:128.2,129.42 2 82
github.com/sailpoint-oss/telescope/server/lsp/watched_files.go:129.42,131.3 1 984
github.com/sailpoint-oss/telescope/server/lsp/watched_files.go:134.2,134.73 1 82
github.com/sailpoint-oss/telescope/server/lsp/watched_files.go:134.73,136.3 1 246
github.com/sailpoint-oss/telescope/server/lsp/watched_files.go:138.2,146.4 1 82
github.com/sailpoint-oss/telescope/server/lsp/workspace_symbols.go:14.105,15.113 1 83
github.com/sailpoint-oss/telescope/server/lsp/workspace_symbols.go:15.113,20.37 4 1
github.com/sailpoint-oss/telescope/server/lsp/workspace_symbols.go:20.37,21.38 1 1
github.com/sailpoint-oss/telescope/server/lsp/workspace_symbols.go:21.38,22.13 1 0
github.com/sailpoint-oss/telescope/server/lsp/workspace_symbols.go:26.4,26.51 1 1
github.com/sailpoint-oss/telescope/server/lsp/workspace_symbols.go:26.51,27.46 1 1
github.com/sailpoint-oss/telescope/server/lsp/workspace_symbols.go:27.46,29.52 2 1
github.com/sailpoint-oss/telescope/server/lsp/workspace_symbols.go:29.52,31.21 2 1
github.com/sailpoint-oss/telescope/server/lsp/workspace_symbols.go:31.21,33.8 1 1
github.com/sailpoint-oss/telescope/server/lsp/workspace_symbols.go:34.7,42.46 2 1
github.com/sailpoint-oss/telescope/server/lsp/workspace_symbols.go:42.46,44.8 1 0
github.com/sailpoint-oss/telescope/server/lsp/workspace_symbols.go:49.4,49.38 1 1
github.com/sailpoint-oss/telescope/server/lsp/workspace_symbols.go:49.38,50.13 1 0
github.com/sailpoint-oss/telescope/server/lsp/workspace_symbols.go:54.4,54.62 1 1
github.com/sailpoint-oss/telescope/server/lsp/workspace_symbols.go:54.62,55.34 1 1
github.com/sailpoint-oss/telescope/server/lsp/workspace_symbols.go:55.34,64.45 2 1
github.com/sailpoint-oss/telescope/server/lsp/workspace_symbols.go:64.45,66.7 1 0
github.com/sailpoint-oss/telescope/server/lsp/workspace_symbols.go:71.4,71.64 1 1
github.com/sailpoint-oss/telescope/server/lsp/workspace_symbols.go:71.64,72.34 1 0
github.com/sailpoint-oss/telescope/server/lsp/workspace_symbols.go:72.34,81.45 2 0
github.com/sailpoint-oss/telescope/server/lsp/workspace_symbols.go:81.45,83.7 1 0
github.com/sailpoint-oss/telescope/server/lsp/workspace_symbols.go:88.4,88.62 1 1
github.com/sailpoint-oss/telescope/server/lsp/workspace_symbols.go:88.62,89.34 1 0
github.com/sailpoint-oss/telescope/server/lsp/workspace_symbols.go:89.34,98.45 2 0
github.com/sailpoint-oss/telescope/server/lsp/workspace_symbols.go:98.45,100.7 1 0
github.com/sailpoint-oss/telescope/server/lsp/workspace_symbols.go:105.4,105.66 1 1
github.com/sailpoint-oss/telescope/server/lsp/workspace_symbols.go:105.66,106.34 1 0
github.com/sailpoint-oss/telescope/server/lsp/workspace_symbols.go:106.34,115.45 2 0
github.com/sailpoint-oss/telescope/server/lsp/workspace_symbols.go:115.45,117.7 1 0
github.com/sailpoint-oss/telescope/server/lsp/workspace_symbols.go:122.3,122.22 1 1
github.com/sailpoint-oss/telescope/server/lsp/workspace_symbols.go:126.60,127.17 1 2
github.com/sailpoint-oss/telescope/server/lsp/workspace_symbols.go:127.17,129.3 1 0
github.com/sailpoint-oss/telescope/server/lsp/workspace_symbols.go:130.2,130.31 1 2
github.com/sailpoint-oss/telescope/server/lsp/workspace_symbols.go:130.31,131.50 1 2
github.com/sailpoint-oss/telescope/server/lsp/workspace_symbols.go:131.50,133.4 1 2
github.com/sailpoint-oss/telescope/server/lsp/workspace_symbols.go:135.2,135.14 1 0
